2023-01-07 11:01:27.884 [restartedMain] INFO  org.wanbang.Application_Mybatis2:  Starting Application_Mybatis2 on DFSH2617 with PID 25648 (D:\AllWorkSpace\IdeaWorkSpace\mjj-test-new-technology\demo-mybatis-plus2\target\classes started by majiajian in D:\AllWorkSpace\IdeaWorkSpace\mjj-test-new-technology)
2023-01-07 11:01:27.902 [restartedMain] INFO  org.wanbang.Application_Mybatis2:  No active profile set, falling back to default profiles: default
2023-01-07 11:01:27.952 [restartedMain] INFO  o.s.b.d.env.DevToolsPropertyDefaultsPostProcessor:  Devtools property defaults active! Set 'spring.devtools.add-properties' to 'false' to disable
2023-01-07 11:01:27.952 [restartedMain] INFO  o.s.b.d.env.DevToolsPropertyDefaultsPostProcessor:  For additional web related logging consider setting the 'logging.level.web' property to 'DEBUG'
2023-01-07 11:01:28.847 [restartedMain] INFO  o.s.d.r.config.RepositoryConfigurationDelegate:  Multiple Spring Data modules found, entering strict repository configuration mode!
2023-01-07 11:01:28.850 [restartedMain] INFO  o.s.d.r.config.RepositoryConfigurationDelegate:  Bootstrapping Spring Data repositories in DEFAULT mode.
2023-01-07 11:01:28.937 [restartedMain] INFO  o.s.d.r.config.RepositoryConfigurationDelegate:  Finished Spring Data repository scanning in 74ms. Found 0 repository interfaces.
2023-01-07 11:01:29.049 [restartedMain] DEBUG org.mybatis.spring.mapper.ClassPathMapperScanner:  Identified candidate component class: file [D:\AllWorkSpace\IdeaWorkSpace\mjj-test-new-technology\demo-mybatis-plus2\target\classes\org\wanbang\mapper\CityMapper.class]
2023-01-07 11:01:29.050 [restartedMain] DEBUG org.mybatis.spring.mapper.ClassPathMapperScanner:  Identified candidate component class: file [D:\AllWorkSpace\IdeaWorkSpace\mjj-test-new-technology\demo-mybatis-plus2\target\classes\org\wanbang\mapper\SysLogMapper.class]
2023-01-07 11:01:29.050 [restartedMain] DEBUG org.mybatis.spring.mapper.ClassPathMapperScanner:  Identified candidate component class: file [D:\AllWorkSpace\IdeaWorkSpace\mjj-test-new-technology\demo-mybatis-plus2\target\classes\org\wanbang\mapper\WorldUserMapper.class]
2023-01-07 11:01:29.050 [restartedMain] DEBUG org.mybatis.spring.mapper.ClassPathMapperScanner:  Creating MapperFactoryBean with name 'cityMapper' and 'org.wanbang.mapper.CityMapper' mapperInterface
2023-01-07 11:01:29.050 [restartedMain] DEBUG org.mybatis.spring.mapper.ClassPathMapperScanner:  Enabling autowire by type for MapperFactoryBean with name 'cityMapper'.
2023-01-07 11:01:29.050 [restartedMain] DEBUG org.mybatis.spring.mapper.ClassPathMapperScanner:  Creating MapperFactoryBean with name 'sysLogMapper' and 'org.wanbang.mapper.SysLogMapper' mapperInterface
2023-01-07 11:01:29.050 [restartedMain] DEBUG org.mybatis.spring.mapper.ClassPathMapperScanner:  Enabling autowire by type for MapperFactoryBean with name 'sysLogMapper'.
2023-01-07 11:01:29.051 [restartedMain] DEBUG org.mybatis.spring.mapper.ClassPathMapperScanner:  Creating MapperFactoryBean with name 'worldUserMapper' and 'org.wanbang.mapper.WorldUserMapper' mapperInterface
2023-01-07 11:01:29.051 [restartedMain] DEBUG org.mybatis.spring.mapper.ClassPathMapperScanner:  Enabling autowire by type for MapperFactoryBean with name 'worldUserMapper'.
2023-01-07 11:01:29.307 [restartedMain] INFO  o.s.c.s.PostProcessorRegistrationDelegate$BeanPostProcessorChecker:  Bean 'org.springframework.transaction.annotation.ProxyTransactionManagementConfiguration' of type [org.springframework.transaction.annotation.ProxyTransactionManagementConfiguration$$EnhancerBySpringCGLIB$$3b138f97] is not eligible for getting processed by all BeanPostProcessors (for example: not eligible for auto-proxying)
2023-01-07 11:01:29.869 [restartedMain] INFO  o.s.boot.web.embedded.tomcat.TomcatWebServer:  Tomcat initialized with port(s): 8091 (http)
2023-01-07 11:01:29.883 [restartedMain] INFO  org.apache.coyote.http11.Http11NioProtocol:  Initializing ProtocolHandler ["http-nio-8091"]
2023-01-07 11:01:29.890 [restartedMain] INFO  org.apache.catalina.core.StandardService:  Starting service [Tomcat]
2023-01-07 11:01:29.890 [restartedMain] INFO  org.apache.catalina.core.StandardEngine:  Starting Servlet Engine: Apache Tomcat/9.0.13
2023-01-07 11:01:29.897 [restartedMain] INFO  org.apache.catalina.core.AprLifecycleListener:  The APR based Apache Tomcat Native library which allows optimal performance in production environments was not found on the java.library.path: [D:\AllSoftware\WorkSoftware\JDK1.8.221InstallPackage\bin;C:\windows\Sun\Java\bin;C:\windows\system32;C:\windows;C:\Program Files (x86)\Common Files\Oracle\Java\javapath;C:\windows\system32;C:\windows;C:\windows\System32\Wbem;C:\windows\System32\WindowsPowerShell\v1.0\;C:\windows\System32\OpenSSH\;D:\AllSoftware\WorkSoftware\GitInstallPackage\Git\cmd;C:\Program Files\MySQL\MySQL Utilities 1.6\;D:\AllSoftware\WorkSoftware\JDK1.8.221InstallPackage\bin;D:\AllSoftware\WorkSoftware\mavenInstallPackage\apache-maven-3.5.3\bin;C:\Program Files\MySQL\MySQL Shell 8.0\bin\;.]
2023-01-07 11:01:29.983 [restartedMain] INFO  o.a.c.core.ContainerBase.[Tomcat].[localhost].[/]:  Initializing Spring embedded WebApplicationContext
2023-01-07 11:01:29.984 [restartedMain] INFO  org.springframework.web.context.ContextLoader:  Root WebApplicationContext: initialization completed in 2032 ms
2023-01-07 11:01:31.219 [restartedMain] INFO  o.s.scheduling.concurrent.ThreadPoolTaskExecutor:  Initializing ExecutorService 'applicationTaskExecutor'
2023-01-07 11:01:31.589 [restartedMain] INFO  com.alibaba.druid.pool.DruidDataSource:  {dataSource-1} inited
2023-01-07 11:01:31.700 [restartedMain] INFO  org.quartz.impl.StdSchedulerFactory:  Using default implementation for ThreadExecutor
2023-01-07 11:01:31.710 [restartedMain] INFO  org.quartz.core.SchedulerSignalerImpl:  Initialized Scheduler Signaller of type: class org.quartz.core.SchedulerSignalerImpl
2023-01-07 11:01:31.710 [restartedMain] INFO  org.quartz.core.QuartzScheduler:  Quartz Scheduler v.2.3.0 created.
2023-01-07 11:01:31.711 [restartedMain] INFO  org.quartz.simpl.RAMJobStore:  RAMJobStore initialized.
2023-01-07 11:01:31.712 [restartedMain] INFO  org.quartz.core.QuartzScheduler:  Scheduler meta-data: Quartz Scheduler (v2.3.0) 'quartzScheduler' with instanceId 'NON_CLUSTERED'
  Scheduler class: 'org.quartz.core.QuartzScheduler' - running locally.
  NOT STARTED.
  Currently in standby mode.
  Number of jobs executed: 0
  Using thread pool 'org.quartz.simpl.SimpleThreadPool' - with 10 threads.
  Using job-store 'org.quartz.simpl.RAMJobStore' - which does not support persistence. and is not clustered.

2023-01-07 11:01:31.712 [restartedMain] INFO  org.quartz.impl.StdSchedulerFactory:  Quartz scheduler 'quartzScheduler' initialized from an externally provided properties instance.
2023-01-07 11:01:31.712 [restartedMain] INFO  org.quartz.impl.StdSchedulerFactory:  Quartz scheduler version: 2.3.0
2023-01-07 11:01:31.712 [restartedMain] INFO  org.quartz.core.QuartzScheduler:  JobFactory set to: org.springframework.scheduling.quartz.SpringBeanJobFactory@66815c90
2023-01-07 11:01:31.833 [restartedMain] INFO  o.s.b.d.autoconfigure.OptionalLiveReloadServer:  LiveReload server is running on port 35729
2023-01-07 11:01:31.858 [restartedMain] INFO  o.s.scheduling.quartz.SchedulerFactoryBean:  Starting Quartz Scheduler now
2023-01-07 11:01:31.858 [restartedMain] INFO  org.quartz.core.QuartzScheduler:  Scheduler quartzScheduler_$_NON_CLUSTERED started.
2023-01-07 11:01:31.865 [restartedMain] INFO  org.apache.coyote.http11.Http11NioProtocol:  Starting ProtocolHandler ["http-nio-8091"]
2023-01-07 11:01:31.872 [restartedMain] INFO  org.apache.tomcat.util.net.NioSelectorPool:  Using a shared selector for servlet write/read
2023-01-07 11:01:31.885 [restartedMain] INFO  o.s.boot.web.embedded.tomcat.TomcatWebServer:  Tomcat started on port(s): 8091 (http) with context path ''
2023-01-07 11:01:31.887 [restartedMain] INFO  org.wanbang.Application_Mybatis2:  Started Application_Mybatis2 in 4.714 seconds (JVM running for 5.977)
2023-01-07 11:04:09.496 [http-nio-8091-exec-1] INFO  o.a.c.core.ContainerBase.[Tomcat].[localhost].[/]:  Initializing Spring DispatcherServlet 'dispatcherServlet'
2023-01-07 11:04:09.496 [http-nio-8091-exec-1] INFO  org.springframework.web.servlet.DispatcherServlet:  Initializing Servlet 'dispatcherServlet'
2023-01-07 11:04:09.503 [http-nio-8091-exec-1] INFO  org.springframework.web.servlet.DispatcherServlet:  Completed initialization in 7 ms
2023-01-07 11:04:09.515 [http-nio-8091-exec-1] INFO  o.w.s.f.interceptor.TokenInterceptor:  进入到 implements HandlerInterceptor 的拦截器
2023-01-07 11:04:09.515 [http-nio-8091-exec-1] INFO  o.w.s.f.interceptor.TokenInterceptor:  Controller方法处理之前
2023-01-07 11:04:09.627 [http-nio-8091-exec-1] INFO  o.w.s.f.paramFilter.LogRequestBodyAdvice:  WorldUserController.insetData:{"age":2,"id":0,"name":"mjj","sex":"男"}
2023-01-07 11:04:14.225 [http-nio-8091-exec-1] INFO  o.w.s.f.interceptor.TokenInterceptor:  DispatcherServlet进行视图的渲染之后
2023-01-07 11:05:25.690 [Thread-17] INFO  org.quartz.core.QuartzScheduler:  Scheduler quartzScheduler_$_NON_CLUSTERED paused.
2023-01-07 11:05:25.692 [Thread-17] INFO  o.s.scheduling.quartz.SchedulerFactoryBean:  Shutting down Quartz Scheduler
2023-01-07 11:05:25.692 [Thread-17] INFO  org.quartz.core.QuartzScheduler:  Scheduler quartzScheduler_$_NON_CLUSTERED shutting down.
2023-01-07 11:05:25.692 [Thread-17] INFO  org.quartz.core.QuartzScheduler:  Scheduler quartzScheduler_$_NON_CLUSTERED paused.
2023-01-07 11:05:25.692 [Thread-17] INFO  org.quartz.core.QuartzScheduler:  Scheduler quartzScheduler_$_NON_CLUSTERED shutdown complete.
2023-01-07 11:05:25.693 [Thread-17] INFO  o.s.scheduling.concurrent.ThreadPoolTaskExecutor:  Shutting down ExecutorService 'applicationTaskExecutor'
2023-01-07 11:05:25.694 [Thread-17] INFO  com.alibaba.druid.pool.DruidDataSource:  {dataSource-1} closing ...
2023-01-07 11:05:25.697 [Thread-17] INFO  com.alibaba.druid.pool.DruidDataSource:  {dataSource-1} closed
