2023-04-23 10:41:31.271 [restartedMain] INFO  org.wanbang.Application_Mybatis2:  Starting Application_Mybatis2 on DFSH2617 with PID 21376 (D:\AllWorkSpace\IdeaWorkSpace\mjj-test-new-technology\demo-mybatis-plus2\target\classes started by majiajian in D:\AllWorkSpace\IdeaWorkSpace\mjj-test-new-technology)
2023-04-23 10:41:31.278 [restartedMain] INFO  org.wanbang.Application_Mybatis2:  No active profile set, falling back to default profiles: default
2023-04-23 10:41:31.331 [restartedMain] INFO  o.s.b.d.env.DevToolsPropertyDefaultsPostProcessor:  Devtools property defaults active! Set 'spring.devtools.add-properties' to 'false' to disable
2023-04-23 10:41:31.331 [restartedMain] INFO  o.s.b.d.env.DevToolsPropertyDefaultsPostProcessor:  For additional web related logging consider setting the 'logging.level.web' property to 'DEBUG'
2023-04-23 10:41:32.248 [restartedMain] INFO  o.s.d.r.config.RepositoryConfigurationDelegate:  Multiple Spring Data modules found, entering strict repository configuration mode!
2023-04-23 10:41:32.252 [restartedMain] INFO  o.s.d.r.config.RepositoryConfigurationDelegate:  Bootstrapping Spring Data repositories in DEFAULT mode.
2023-04-23 10:41:32.329 [restartedMain] INFO  o.s.d.r.config.RepositoryConfigurationDelegate:  Finished Spring Data repository scanning in 63ms. Found 0 repository interfaces.
2023-04-23 10:41:32.430 [restartedMain] DEBUG org.mybatis.spring.mapper.ClassPathMapperScanner:  Identified candidate component class: file [D:\AllWorkSpace\IdeaWorkSpace\mjj-test-new-technology\demo-mybatis-plus2\target\classes\org\wanbang\mapper\CityMapper.class]
2023-04-23 10:41:32.430 [restartedMain] DEBUG org.mybatis.spring.mapper.ClassPathMapperScanner:  Identified candidate component class: file [D:\AllWorkSpace\IdeaWorkSpace\mjj-test-new-technology\demo-mybatis-plus2\target\classes\org\wanbang\mapper\SysLogMapper.class]
2023-04-23 10:41:32.431 [restartedMain] DEBUG org.mybatis.spring.mapper.ClassPathMapperScanner:  Identified candidate component class: file [D:\AllWorkSpace\IdeaWorkSpace\mjj-test-new-technology\demo-mybatis-plus2\target\classes\org\wanbang\mapper\WorldUserMapper.class]
2023-04-23 10:41:32.431 [restartedMain] DEBUG org.mybatis.spring.mapper.ClassPathMapperScanner:  Creating MapperFactoryBean with name 'cityMapper' and 'org.wanbang.mapper.CityMapper' mapperInterface
2023-04-23 10:41:32.431 [restartedMain] DEBUG org.mybatis.spring.mapper.ClassPathMapperScanner:  Enabling autowire by type for MapperFactoryBean with name 'cityMapper'.
2023-04-23 10:41:32.431 [restartedMain] DEBUG org.mybatis.spring.mapper.ClassPathMapperScanner:  Creating MapperFactoryBean with name 'sysLogMapper' and 'org.wanbang.mapper.SysLogMapper' mapperInterface
2023-04-23 10:41:32.431 [restartedMain] DEBUG org.mybatis.spring.mapper.ClassPathMapperScanner:  Enabling autowire by type for MapperFactoryBean with name 'sysLogMapper'.
2023-04-23 10:41:32.431 [restartedMain] DEBUG org.mybatis.spring.mapper.ClassPathMapperScanner:  Creating MapperFactoryBean with name 'worldUserMapper' and 'org.wanbang.mapper.WorldUserMapper' mapperInterface
2023-04-23 10:41:32.431 [restartedMain] DEBUG org.mybatis.spring.mapper.ClassPathMapperScanner:  Enabling autowire by type for MapperFactoryBean with name 'worldUserMapper'.
2023-04-23 10:41:32.664 [restartedMain] INFO  o.s.c.s.PostProcessorRegistrationDelegate$BeanPostProcessorChecker:  Bean 'org.springframework.transaction.annotation.ProxyTransactionManagementConfiguration' of type [org.springframework.transaction.annotation.ProxyTransactionManagementConfiguration$$EnhancerBySpringCGLIB$$29925ac0] is not eligible for getting processed by all BeanPostProcessors (for example: not eligible for auto-proxying)
2023-04-23 10:41:33.163 [restartedMain] INFO  o.s.boot.web.embedded.tomcat.TomcatWebServer:  Tomcat initialized with port(s): 8091 (http)
2023-04-23 10:41:33.181 [restartedMain] INFO  org.apache.coyote.http11.Http11NioProtocol:  Initializing ProtocolHandler ["http-nio-8091"]
2023-04-23 10:41:33.187 [restartedMain] INFO  org.apache.catalina.core.StandardService:  Starting service [Tomcat]
2023-04-23 10:41:33.188 [restartedMain] INFO  org.apache.catalina.core.StandardEngine:  Starting Servlet Engine: Apache Tomcat/9.0.13
2023-04-23 10:41:33.193 [restartedMain] INFO  org.apache.catalina.core.AprLifecycleListener:  The APR based Apache Tomcat Native library which allows optimal performance in production environments was not found on the java.library.path: [D:\AllSoftware\WorkSoftware\JDK1.8.221InstallPackage\bin;C:\windows\Sun\Java\bin;C:\windows\system32;C:\windows;C:\Program Files (x86)\Common Files\Oracle\Java\javapath;C:\windows\system32;C:\windows;C:\windows\System32\Wbem;C:\windows\System32\WindowsPowerShell\v1.0\;C:\windows\System32\OpenSSH\;D:\AllSoftware\WorkSoftware\GitInstallPackage\Git\cmd;C:\Program Files\MySQL\MySQL Utilities 1.6\;D:\AllSoftware\WorkSoftware\JDK1.8.221InstallPackage\bin;D:\AllSoftware\WorkSoftware\mavenInstallPackage\apache-maven-3.5.3\bin;C:\Program Files\MySQL\MySQL Shell 8.0\bin\;.]
2023-04-23 10:41:33.270 [restartedMain] INFO  o.a.c.core.ContainerBase.[Tomcat].[localhost].[/]:  Initializing Spring embedded WebApplicationContext
2023-04-23 10:41:33.271 [restartedMain] INFO  org.springframework.web.context.ContextLoader:  Root WebApplicationContext: initialization completed in 1939 ms
2023-04-23 10:41:34.539 [restartedMain] INFO  o.s.scheduling.concurrent.ThreadPoolTaskExecutor:  Initializing ExecutorService 'applicationTaskExecutor'
2023-04-23 10:41:34.916 [restartedMain] INFO  com.alibaba.druid.pool.DruidDataSource:  {dataSource-1} inited
2023-04-23 10:41:35.021 [restartedMain] INFO  org.quartz.impl.StdSchedulerFactory:  Using default implementation for ThreadExecutor
2023-04-23 10:41:35.030 [restartedMain] INFO  org.quartz.core.SchedulerSignalerImpl:  Initialized Scheduler Signaller of type: class org.quartz.core.SchedulerSignalerImpl
2023-04-23 10:41:35.030 [restartedMain] INFO  org.quartz.core.QuartzScheduler:  Quartz Scheduler v.2.3.0 created.
2023-04-23 10:41:35.031 [restartedMain] INFO  org.quartz.simpl.RAMJobStore:  RAMJobStore initialized.
2023-04-23 10:41:35.031 [restartedMain] INFO  org.quartz.core.QuartzScheduler:  Scheduler meta-data: Quartz Scheduler (v2.3.0) 'quartzScheduler' with instanceId 'NON_CLUSTERED'
  Scheduler class: 'org.quartz.core.QuartzScheduler' - running locally.
  NOT STARTED.
  Currently in standby mode.
  Number of jobs executed: 0
  Using thread pool 'org.quartz.simpl.SimpleThreadPool' - with 10 threads.
  Using job-store 'org.quartz.simpl.RAMJobStore' - which does not support persistence. and is not clustered.

2023-04-23 10:41:35.031 [restartedMain] INFO  org.quartz.impl.StdSchedulerFactory:  Quartz scheduler 'quartzScheduler' initialized from an externally provided properties instance.
2023-04-23 10:41:35.031 [restartedMain] INFO  org.quartz.impl.StdSchedulerFactory:  Quartz scheduler version: 2.3.0
2023-04-23 10:41:35.031 [restartedMain] INFO  org.quartz.core.QuartzScheduler:  JobFactory set to: org.springframework.scheduling.quartz.SpringBeanJobFactory@3402139f
2023-04-23 10:41:35.149 [restartedMain] INFO  o.s.b.d.autoconfigure.OptionalLiveReloadServer:  LiveReload server is running on port 35729
2023-04-23 10:41:35.176 [restartedMain] INFO  o.s.scheduling.quartz.SchedulerFactoryBean:  Starting Quartz Scheduler now
2023-04-23 10:41:35.177 [restartedMain] INFO  org.quartz.core.QuartzScheduler:  Scheduler quartzScheduler_$_NON_CLUSTERED started.
2023-04-23 10:41:35.200 [restartedMain] INFO  org.apache.coyote.http11.Http11NioProtocol:  Starting ProtocolHandler ["http-nio-8091"]
2023-04-23 10:41:35.208 [restartedMain] INFO  org.apache.tomcat.util.net.NioSelectorPool:  Using a shared selector for servlet write/read
2023-04-23 10:41:35.221 [restartedMain] INFO  o.s.boot.web.embedded.tomcat.TomcatWebServer:  Tomcat started on port(s): 8091 (http) with context path ''
2023-04-23 10:41:35.223 [restartedMain] INFO  org.wanbang.Application_Mybatis2:  Started Application_Mybatis2 in 4.653 seconds (JVM running for 5.736)
2023-04-23 10:42:44.258 [http-nio-8091-exec-2] INFO  o.a.c.core.ContainerBase.[Tomcat].[localhost].[/]:  Initializing Spring DispatcherServlet 'dispatcherServlet'
2023-04-23 10:42:44.258 [http-nio-8091-exec-2] INFO  org.springframework.web.servlet.DispatcherServlet:  Initializing Servlet 'dispatcherServlet'
2023-04-23 10:42:44.267 [http-nio-8091-exec-2] INFO  org.springframework.web.servlet.DispatcherServlet:  Completed initialization in 9 ms
2023-04-23 10:42:44.280 [http-nio-8091-exec-2] INFO  o.w.s.f.interceptor.TokenInterceptor:  进入到 implements HandlerInterceptor 的拦截器
2023-04-23 10:42:44.280 [http-nio-8091-exec-2] INFO  o.w.s.f.interceptor.TokenInterceptor:  Controller方法处理之前
2023-04-23 10:42:45.250 [http-nio-8091-exec-2] INFO  o.w.s.f.interceptor.TokenInterceptor:  DispatcherServlet进行视图的渲染之后
2023-04-23 10:44:03.457 [Thread-18] INFO  org.quartz.core.QuartzScheduler:  Scheduler quartzScheduler_$_NON_CLUSTERED paused.
2023-04-23 10:44:03.460 [Thread-18] INFO  o.s.scheduling.quartz.SchedulerFactoryBean:  Shutting down Quartz Scheduler
2023-04-23 10:44:03.460 [Thread-18] INFO  org.quartz.core.QuartzScheduler:  Scheduler quartzScheduler_$_NON_CLUSTERED shutting down.
2023-04-23 10:44:03.460 [Thread-18] INFO  org.quartz.core.QuartzScheduler:  Scheduler quartzScheduler_$_NON_CLUSTERED paused.
2023-04-23 10:44:03.461 [Thread-18] INFO  org.quartz.core.QuartzScheduler:  Scheduler quartzScheduler_$_NON_CLUSTERED shutdown complete.
2023-04-23 10:44:03.462 [Thread-18] INFO  o.s.scheduling.concurrent.ThreadPoolTaskExecutor:  Shutting down ExecutorService 'applicationTaskExecutor'
2023-04-23 10:44:03.463 [Thread-18] INFO  com.alibaba.druid.pool.DruidDataSource:  {dataSource-1} closing ...
2023-04-23 10:44:03.475 [Thread-18] INFO  com.alibaba.druid.pool.DruidDataSource:  {dataSource-1} closed
