2022-10-14 15:51:08.636 [restartedMain] INFO  org.dongfu.Application_Mybatis2:  Starting Application_Mybatis2 on DFSH2617 with PID 14620 (D:\AllWorkSpace\IdeaWorkSpace\mjj-test-new-technology\demo-mybatis-plus2\target\classes started by majiajian in D:\AllWorkSpace\IdeaWorkSpace\mjj-test-new-technology)
2022-10-14 15:51:08.641 [restartedMain] INFO  org.dongfu.Application_Mybatis2:  No active profile set, falling back to default profiles: default
2022-10-14 15:51:08.681 [restartedMain] INFO  o.s.b.d.env.DevToolsPropertyDefaultsPostProcessor:  Devtools property defaults active! Set 'spring.devtools.add-properties' to 'false' to disable
2022-10-14 15:51:08.682 [restartedMain] INFO  o.s.b.d.env.DevToolsPropertyDefaultsPostProcessor:  For additional web related logging consider setting the 'logging.level.web' property to 'DEBUG'
2022-10-14 15:51:08.913 [restartedMain] WARN  o.s.b.w.s.c.AnnotationConfigServletWebServerApplicationContext:  Exception encountered during context initialization - cancelling refresh attempt: org.springframework.beans.factory.BeanDefinitionStoreException: Failed to parse configuration class [org.dongfu.Application_Mybatis2]; nested exception is org.springframework.context.annotation.ConflictingBeanDefinitionException: Annotation-specified bean name 'cityController' for bean class [org.dongfu.study.fluentValidator.CityController] conflicts with existing, non-compatible bean definition of same name and class [org.dongfu.controller.CityController]
2022-10-14 15:51:08.926 [restartedMain] ERROR org.springframework.boot.SpringApplication:  Application run failed
org.springframework.beans.factory.BeanDefinitionStoreException: Failed to parse configuration class [org.dongfu.Application_Mybatis2]; nested exception is org.springframework.context.annotation.ConflictingBeanDefinitionException: Annotation-specified bean name 'cityController' for bean class [org.dongfu.study.fluentValidator.CityController] conflicts with existing, non-compatible bean definition of same name and class [org.dongfu.controller.CityController]
	at org.springframework.context.annotation.ConfigurationClassParser.parse(ConfigurationClassParser.java:181)
	at org.springframework.context.annotation.ConfigurationClassPostProcessor.processConfigBeanDefinitions(ConfigurationClassPostProcessor.java:315)
	at org.springframework.context.annotation.ConfigurationClassPostProcessor.postProcessBeanDefinitionRegistry(ConfigurationClassPostProcessor.java:232)
	at org.springframework.context.support.PostProcessorRegistrationDelegate.invokeBeanDefinitionRegistryPostProcessors(PostProcessorRegistrationDelegate.java:275)
	at org.springframework.context.support.PostProcessorRegistrationDelegate.invokeBeanFactoryPostProcessors(PostProcessorRegistrationDelegate.java:95)
	at org.springframework.context.support.AbstractApplicationContext.invokeBeanFactoryPostProcessors(AbstractApplicationContext.java:691)
	at org.springframework.context.support.AbstractApplicationContext.refresh(AbstractApplicationContext.java:528)
	at org.springframework.boot.web.servlet.context.ServletWebServerApplicationContext.refresh(ServletWebServerApplicationContext.java:142)
	at org.springframework.boot.SpringApplication.refresh(SpringApplication.java:775)
	at org.springframework.boot.SpringApplication.refreshContext(SpringApplication.java:397)
	at org.springframework.boot.SpringApplication.run(SpringApplication.java:316)
	at org.springframework.boot.SpringApplication.run(SpringApplication.java:1260)
	at org.springframework.boot.SpringApplication.run(SpringApplication.java:1248)
	at org.dongfu.Application_Mybatis2.main(Application_Mybatis2.java:14)
	at sun.reflect.NativeMethodAccessorImpl.invoke0(Native Method)
	at sun.reflect.NativeMethodAccessorImpl.invoke(NativeMethodAccessorImpl.java:62)
	at sun.reflect.DelegatingMethodAccessorImpl.invoke(DelegatingMethodAccessorImpl.java:43)
	at java.lang.reflect.Method.invoke(Method.java:498)
	at org.springframework.boot.devtools.restart.RestartLauncher.run(RestartLauncher.java:49)
Caused by: org.springframework.context.annotation.ConflictingBeanDefinitionException: Annotation-specified bean name 'cityController' for bean class [org.dongfu.study.fluentValidator.CityController] conflicts with existing, non-compatible bean definition of same name and class [org.dongfu.controller.CityController]
	at org.springframework.context.annotation.ClassPathBeanDefinitionScanner.checkCandidate(ClassPathBeanDefinitionScanner.java:348)
	at org.springframework.context.annotation.ClassPathBeanDefinitionScanner.doScan(ClassPathBeanDefinitionScanner.java:286)
	at org.springframework.context.annotation.ComponentScanAnnotationParser.parse(ComponentScanAnnotationParser.java:132)
	at org.springframework.context.annotation.ConfigurationClassParser.doProcessConfigurationClass(ConfigurationClassParser.java:287)
	at org.springframework.context.annotation.ConfigurationClassParser.processConfigurationClass(ConfigurationClassParser.java:242)
	at org.springframework.context.annotation.ConfigurationClassParser.parse(ConfigurationClassParser.java:199)
	at org.springframework.context.annotation.ConfigurationClassParser.parse(ConfigurationClassParser.java:167)
	... 18 common frames omitted
2022-10-14 15:52:10.758 [restartedMain] INFO  org.dongfu.Application_Mybatis2:  Starting Application_Mybatis2 on DFSH2617 with PID 32 (D:\AllWorkSpace\IdeaWorkSpace\mjj-test-new-technology\demo-mybatis-plus2\target\classes started by majiajian in D:\AllWorkSpace\IdeaWorkSpace\mjj-test-new-technology)
2022-10-14 15:52:10.761 [restartedMain] INFO  org.dongfu.Application_Mybatis2:  No active profile set, falling back to default profiles: default
2022-10-14 15:52:10.812 [restartedMain] INFO  o.s.b.d.env.DevToolsPropertyDefaultsPostProcessor:  Devtools property defaults active! Set 'spring.devtools.add-properties' to 'false' to disable
2022-10-14 15:52:10.812 [restartedMain] INFO  o.s.b.d.env.DevToolsPropertyDefaultsPostProcessor:  For additional web related logging consider setting the 'logging.level.web' property to 'DEBUG'
2022-10-14 15:52:11.568 [restartedMain] INFO  o.s.d.r.config.RepositoryConfigurationDelegate:  Multiple Spring Data modules found, entering strict repository configuration mode!
2022-10-14 15:52:11.570 [restartedMain] INFO  o.s.d.r.config.RepositoryConfigurationDelegate:  Bootstrapping Spring Data repositories in DEFAULT mode.
2022-10-14 15:52:11.638 [restartedMain] INFO  o.s.d.r.config.RepositoryConfigurationDelegate:  Finished Spring Data repository scanning in 55ms. Found 0 repository interfaces.
2022-10-14 15:52:11.743 [restartedMain] DEBUG org.mybatis.spring.mapper.ClassPathMapperScanner:  Identified candidate component class: file [D:\AllWorkSpace\IdeaWorkSpace\mjj-test-new-technology\demo-mybatis-plus2\target\classes\org\wanbang\mapper\CityMapper.class]
2022-10-14 15:52:11.743 [restartedMain] DEBUG org.mybatis.spring.mapper.ClassPathMapperScanner:  Identified candidate component class: file [D:\AllWorkSpace\IdeaWorkSpace\mjj-test-new-technology\demo-mybatis-plus2\target\classes\org\wanbang\mapper\SysLogMapper.class]
2022-10-14 15:52:11.743 [restartedMain] DEBUG org.mybatis.spring.mapper.ClassPathMapperScanner:  Identified candidate component class: file [D:\AllWorkSpace\IdeaWorkSpace\mjj-test-new-technology\demo-mybatis-plus2\target\classes\org\wanbang\mapper\WorldUserMapper.class]
2022-10-14 15:52:11.743 [restartedMain] DEBUG org.mybatis.spring.mapper.ClassPathMapperScanner:  Creating MapperFactoryBean with name 'cityMapper' and 'org.dongfu.mapper.CityMapper' mapperInterface
2022-10-14 15:52:11.744 [restartedMain] DEBUG org.mybatis.spring.mapper.ClassPathMapperScanner:  Enabling autowire by type for MapperFactoryBean with name 'cityMapper'.
2022-10-14 15:52:11.744 [restartedMain] DEBUG org.mybatis.spring.mapper.ClassPathMapperScanner:  Creating MapperFactoryBean with name 'sysLogMapper' and 'org.dongfu.mapper.SysLogMapper' mapperInterface
2022-10-14 15:52:11.744 [restartedMain] DEBUG org.mybatis.spring.mapper.ClassPathMapperScanner:  Enabling autowire by type for MapperFactoryBean with name 'sysLogMapper'.
2022-10-14 15:52:11.744 [restartedMain] DEBUG org.mybatis.spring.mapper.ClassPathMapperScanner:  Creating MapperFactoryBean with name 'worldUserMapper' and 'org.dongfu.mapper.WorldUserMapper' mapperInterface
2022-10-14 15:52:11.744 [restartedMain] DEBUG org.mybatis.spring.mapper.ClassPathMapperScanner:  Enabling autowire by type for MapperFactoryBean with name 'worldUserMapper'.
2022-10-14 15:52:11.965 [restartedMain] INFO  o.s.c.s.PostProcessorRegistrationDelegate$BeanPostProcessorChecker:  Bean 'org.springframework.transaction.annotation.ProxyTransactionManagementConfiguration' of type [org.springframework.transaction.annotation.ProxyTransactionManagementConfiguration$$EnhancerBySpringCGLIB$$4764c782] is not eligible for getting processed by all BeanPostProcessors (for example: not eligible for auto-proxying)
2022-10-14 15:52:12.490 [restartedMain] INFO  o.s.boot.web.embedded.tomcat.TomcatWebServer:  Tomcat initialized with port(s): 8091 (http)
2022-10-14 15:52:12.500 [restartedMain] INFO  org.apache.coyote.http11.Http11NioProtocol:  Initializing ProtocolHandler ["http-nio-8091"]
2022-10-14 15:52:12.507 [restartedMain] INFO  org.apache.catalina.core.StandardService:  Starting service [Tomcat]
2022-10-14 15:52:12.507 [restartedMain] INFO  org.apache.catalina.core.StandardEngine:  Starting Servlet Engine: Apache Tomcat/9.0.13
2022-10-14 15:52:12.513 [restartedMain] INFO  org.apache.catalina.core.AprLifecycleListener:  The APR based Apache Tomcat Native library which allows optimal performance in production environments was not found on the java.library.path: [D:\AllSoftware\WorkSoftware\JDK1.8.221InstallPackage\bin;C:\windows\Sun\Java\bin;C:\windows\system32;C:\windows;C:\Program Files (x86)\Common Files\Oracle\Java\javapath;C:\windows\system32;C:\windows;C:\windows\System32\Wbem;C:\windows\System32\WindowsPowerShell\v1.0\;C:\windows\System32\OpenSSH\;D:\AllSoftware\WorkSoftware\GitInstallPackage\Git\cmd;C:\Program Files\MySQL\MySQL Utilities 1.6\;D:\AllSoftware\WorkSoftware\JDK1.8.221InstallPackage\bin;C:\Program Files\MySQL\MySQL Shell 8.0\bin\;.]
2022-10-14 15:52:12.594 [restartedMain] INFO  o.a.c.core.ContainerBase.[Tomcat].[localhost].[/]:  Initializing Spring embedded WebApplicationContext
2022-10-14 15:52:12.594 [restartedMain] INFO  org.springframework.web.context.ContextLoader:  Root WebApplicationContext: initialization completed in 1782 ms
2022-10-14 15:52:13.680 [restartedMain] INFO  o.s.scheduling.concurrent.ThreadPoolTaskExecutor:  Initializing ExecutorService 'applicationTaskExecutor'
2022-10-14 15:52:14.088 [restartedMain] INFO  com.alibaba.druid.pool.DruidDataSource:  {dataSource-1} inited
2022-10-14 15:52:14.189 [restartedMain] INFO  org.quartz.impl.StdSchedulerFactory:  Using default implementation for ThreadExecutor
2022-10-14 15:52:14.198 [restartedMain] INFO  org.quartz.core.SchedulerSignalerImpl:  Initialized Scheduler Signaller of type: class org.quartz.core.SchedulerSignalerImpl
2022-10-14 15:52:14.198 [restartedMain] INFO  org.quartz.core.QuartzScheduler:  Quartz Scheduler v.2.3.0 created.
2022-10-14 15:52:14.198 [restartedMain] INFO  org.quartz.simpl.RAMJobStore:  RAMJobStore initialized.
2022-10-14 15:52:14.199 [restartedMain] INFO  org.quartz.core.QuartzScheduler:  Scheduler meta-data: Quartz Scheduler (v2.3.0) 'quartzScheduler' with instanceId 'NON_CLUSTERED'
  Scheduler class: 'org.quartz.core.QuartzScheduler' - running locally.
  NOT STARTED.
  Currently in standby mode.
  Number of jobs executed: 0
  Using thread pool 'org.quartz.simpl.SimpleThreadPool' - with 10 threads.
  Using job-store 'org.quartz.simpl.RAMJobStore' - which does not support persistence. and is not clustered.

2022-10-14 15:52:14.199 [restartedMain] INFO  org.quartz.impl.StdSchedulerFactory:  Quartz scheduler 'quartzScheduler' initialized from an externally provided properties instance.
2022-10-14 15:52:14.199 [restartedMain] INFO  org.quartz.impl.StdSchedulerFactory:  Quartz scheduler version: 2.3.0
2022-10-14 15:52:14.199 [restartedMain] INFO  org.quartz.core.QuartzScheduler:  JobFactory set to: org.springframework.scheduling.quartz.SpringBeanJobFactory@45ea723f
2022-10-14 15:52:14.297 [restartedMain] INFO  o.s.b.d.autoconfigure.OptionalLiveReloadServer:  LiveReload server is running on port 35729
2022-10-14 15:52:14.322 [restartedMain] INFO  o.s.scheduling.quartz.SchedulerFactoryBean:  Starting Quartz Scheduler now
2022-10-14 15:52:14.322 [restartedMain] INFO  org.quartz.core.QuartzScheduler:  Scheduler quartzScheduler_$_NON_CLUSTERED started.
2022-10-14 15:52:14.328 [restartedMain] INFO  org.apache.coyote.http11.Http11NioProtocol:  Starting ProtocolHandler ["http-nio-8091"]
2022-10-14 15:52:14.337 [restartedMain] INFO  org.apache.tomcat.util.net.NioSelectorPool:  Using a shared selector for servlet write/read
2022-10-14 15:52:14.350 [restartedMain] INFO  o.s.boot.web.embedded.tomcat.TomcatWebServer:  Tomcat started on port(s): 8091 (http) with context path ''
2022-10-14 15:52:14.352 [restartedMain] INFO  org.dongfu.Application_Mybatis2:  Started Application_Mybatis2 in 4.335 seconds (JVM running for 5.363)
2022-10-14 15:52:31.434 [http-nio-8091-exec-1] INFO  o.a.c.core.ContainerBase.[Tomcat].[localhost].[/]:  Initializing Spring DispatcherServlet 'dispatcherServlet'
2022-10-14 15:52:31.435 [http-nio-8091-exec-1] INFO  org.springframework.web.servlet.DispatcherServlet:  Initializing Servlet 'dispatcherServlet'
2022-10-14 15:52:31.441 [http-nio-8091-exec-1] INFO  org.springframework.web.servlet.DispatcherServlet:  Completed initialization in 6 ms
2022-10-14 15:52:31.455 [http-nio-8091-exec-1] INFO  o.w.s.f.interceptor.TokenInterceptor:  进入到 implements HandlerInterceptor 的拦截器
2022-10-14 15:55:36.802 [Thread-17] INFO  org.quartz.core.QuartzScheduler:  Scheduler quartzScheduler_$_NON_CLUSTERED paused.
2022-10-14 15:55:36.804 [Thread-17] INFO  o.s.scheduling.quartz.SchedulerFactoryBean:  Shutting down Quartz Scheduler
2022-10-14 15:55:36.804 [Thread-17] INFO  org.quartz.core.QuartzScheduler:  Scheduler quartzScheduler_$_NON_CLUSTERED shutting down.
2022-10-14 15:55:36.804 [Thread-17] INFO  org.quartz.core.QuartzScheduler:  Scheduler quartzScheduler_$_NON_CLUSTERED paused.
2022-10-14 15:55:36.804 [Thread-17] INFO  org.quartz.core.QuartzScheduler:  Scheduler quartzScheduler_$_NON_CLUSTERED shutdown complete.
2022-10-14 15:55:36.804 [Thread-17] INFO  o.s.scheduling.concurrent.ThreadPoolTaskExecutor:  Shutting down ExecutorService 'applicationTaskExecutor'
2022-10-14 15:55:36.805 [Thread-17] INFO  com.alibaba.druid.pool.DruidDataSource:  {dataSource-1} closing ...
2022-10-14 15:55:36.808 [Thread-17] INFO  com.alibaba.druid.pool.DruidDataSource:  {dataSource-1} closed
2022-10-14 16:13:57.167 [restartedMain] INFO  org.dongfu.Application_Mybatis2:  Starting Application_Mybatis2 on DFSH2617 with PID 19580 (D:\AllWorkSpace\IdeaWorkSpace\mjj-test-new-technology\demo-mybatis-plus2\target\classes started by majiajian in D:\AllWorkSpace\IdeaWorkSpace\mjj-test-new-technology)
2022-10-14 16:13:57.169 [restartedMain] INFO  org.dongfu.Application_Mybatis2:  No active profile set, falling back to default profiles: default
2022-10-14 16:13:57.205 [restartedMain] INFO  o.s.b.d.env.DevToolsPropertyDefaultsPostProcessor:  Devtools property defaults active! Set 'spring.devtools.add-properties' to 'false' to disable
2022-10-14 16:13:57.206 [restartedMain] INFO  o.s.b.d.env.DevToolsPropertyDefaultsPostProcessor:  For additional web related logging consider setting the 'logging.level.web' property to 'DEBUG'
2022-10-14 16:13:57.861 [restartedMain] INFO  o.s.d.r.config.RepositoryConfigurationDelegate:  Multiple Spring Data modules found, entering strict repository configuration mode!
2022-10-14 16:13:57.862 [restartedMain] INFO  o.s.d.r.config.RepositoryConfigurationDelegate:  Bootstrapping Spring Data repositories in DEFAULT mode.
2022-10-14 16:13:57.936 [restartedMain] INFO  o.s.d.r.config.RepositoryConfigurationDelegate:  Finished Spring Data repository scanning in 64ms. Found 0 repository interfaces.
2022-10-14 16:13:58.034 [restartedMain] DEBUG org.mybatis.spring.mapper.ClassPathMapperScanner:  Identified candidate component class: file [D:\AllWorkSpace\IdeaWorkSpace\mjj-test-new-technology\demo-mybatis-plus2\target\classes\org\wanbang\mapper\CityMapper.class]
2022-10-14 16:13:58.034 [restartedMain] DEBUG org.mybatis.spring.mapper.ClassPathMapperScanner:  Identified candidate component class: file [D:\AllWorkSpace\IdeaWorkSpace\mjj-test-new-technology\demo-mybatis-plus2\target\classes\org\wanbang\mapper\SysLogMapper.class]
2022-10-14 16:13:58.034 [restartedMain] DEBUG org.mybatis.spring.mapper.ClassPathMapperScanner:  Identified candidate component class: file [D:\AllWorkSpace\IdeaWorkSpace\mjj-test-new-technology\demo-mybatis-plus2\target\classes\org\wanbang\mapper\WorldUserMapper.class]
2022-10-14 16:13:58.034 [restartedMain] DEBUG org.mybatis.spring.mapper.ClassPathMapperScanner:  Creating MapperFactoryBean with name 'cityMapper' and 'org.dongfu.mapper.CityMapper' mapperInterface
2022-10-14 16:13:58.034 [restartedMain] DEBUG org.mybatis.spring.mapper.ClassPathMapperScanner:  Enabling autowire by type for MapperFactoryBean with name 'cityMapper'.
2022-10-14 16:13:58.035 [restartedMain] DEBUG org.mybatis.spring.mapper.ClassPathMapperScanner:  Creating MapperFactoryBean with name 'sysLogMapper' and 'org.dongfu.mapper.SysLogMapper' mapperInterface
2022-10-14 16:13:58.035 [restartedMain] DEBUG org.mybatis.spring.mapper.ClassPathMapperScanner:  Enabling autowire by type for MapperFactoryBean with name 'sysLogMapper'.
2022-10-14 16:13:58.035 [restartedMain] DEBUG org.mybatis.spring.mapper.ClassPathMapperScanner:  Creating MapperFactoryBean with name 'worldUserMapper' and 'org.dongfu.mapper.WorldUserMapper' mapperInterface
2022-10-14 16:13:58.035 [restartedMain] DEBUG org.mybatis.spring.mapper.ClassPathMapperScanner:  Enabling autowire by type for MapperFactoryBean with name 'worldUserMapper'.
2022-10-14 16:13:58.233 [restartedMain] INFO  o.s.c.s.PostProcessorRegistrationDelegate$BeanPostProcessorChecker:  Bean 'org.springframework.transaction.annotation.ProxyTransactionManagementConfiguration' of type [org.springframework.transaction.annotation.ProxyTransactionManagementConfiguration$$EnhancerBySpringCGLIB$$81e05634] is not eligible for getting processed by all BeanPostProcessors (for example: not eligible for auto-proxying)
2022-10-14 16:13:58.845 [restartedMain] INFO  o.s.boot.web.embedded.tomcat.TomcatWebServer:  Tomcat initialized with port(s): 8091 (http)
2022-10-14 16:13:58.857 [restartedMain] INFO  org.apache.coyote.http11.Http11NioProtocol:  Initializing ProtocolHandler ["http-nio-8091"]
2022-10-14 16:13:58.866 [restartedMain] INFO  org.apache.catalina.core.StandardService:  Starting service [Tomcat]
2022-10-14 16:13:58.867 [restartedMain] INFO  org.apache.catalina.core.StandardEngine:  Starting Servlet Engine: Apache Tomcat/9.0.13
2022-10-14 16:13:58.874 [restartedMain] INFO  org.apache.catalina.core.AprLifecycleListener:  The APR based Apache Tomcat Native library which allows optimal performance in production environments was not found on the java.library.path: [D:\AllSoftware\WorkSoftware\JDK1.8.221InstallPackage\bin;C:\windows\Sun\Java\bin;C:\windows\system32;C:\windows;C:\Program Files (x86)\Common Files\Oracle\Java\javapath;C:\windows\system32;C:\windows;C:\windows\System32\Wbem;C:\windows\System32\WindowsPowerShell\v1.0\;C:\windows\System32\OpenSSH\;D:\AllSoftware\WorkSoftware\GitInstallPackage\Git\cmd;C:\Program Files\MySQL\MySQL Utilities 1.6\;D:\AllSoftware\WorkSoftware\JDK1.8.221InstallPackage\bin;C:\Program Files\MySQL\MySQL Shell 8.0\bin\;.]
2022-10-14 16:13:58.962 [restartedMain] INFO  o.a.c.core.ContainerBase.[Tomcat].[localhost].[/]:  Initializing Spring embedded WebApplicationContext
2022-10-14 16:13:58.962 [restartedMain] INFO  org.springframework.web.context.ContextLoader:  Root WebApplicationContext: initialization completed in 1756 ms
2022-10-14 16:14:00.098 [restartedMain] INFO  o.s.scheduling.concurrent.ThreadPoolTaskExecutor:  Initializing ExecutorService 'applicationTaskExecutor'
2022-10-14 16:14:00.440 [restartedMain] INFO  com.alibaba.druid.pool.DruidDataSource:  {dataSource-1} inited
2022-10-14 16:14:00.534 [restartedMain] INFO  org.quartz.impl.StdSchedulerFactory:  Using default implementation for ThreadExecutor
2022-10-14 16:14:00.542 [restartedMain] INFO  org.quartz.core.SchedulerSignalerImpl:  Initialized Scheduler Signaller of type: class org.quartz.core.SchedulerSignalerImpl
2022-10-14 16:14:00.542 [restartedMain] INFO  org.quartz.core.QuartzScheduler:  Quartz Scheduler v.2.3.0 created.
2022-10-14 16:14:00.543 [restartedMain] INFO  org.quartz.simpl.RAMJobStore:  RAMJobStore initialized.
2022-10-14 16:14:00.543 [restartedMain] INFO  org.quartz.core.QuartzScheduler:  Scheduler meta-data: Quartz Scheduler (v2.3.0) 'quartzScheduler' with instanceId 'NON_CLUSTERED'
  Scheduler class: 'org.quartz.core.QuartzScheduler' - running locally.
  NOT STARTED.
  Currently in standby mode.
  Number of jobs executed: 0
  Using thread pool 'org.quartz.simpl.SimpleThreadPool' - with 10 threads.
  Using job-store 'org.quartz.simpl.RAMJobStore' - which does not support persistence. and is not clustered.

2022-10-14 16:14:00.543 [restartedMain] INFO  org.quartz.impl.StdSchedulerFactory:  Quartz scheduler 'quartzScheduler' initialized from an externally provided properties instance.
2022-10-14 16:14:00.543 [restartedMain] INFO  org.quartz.impl.StdSchedulerFactory:  Quartz scheduler version: 2.3.0
2022-10-14 16:14:00.544 [restartedMain] INFO  org.quartz.core.QuartzScheduler:  JobFactory set to: org.springframework.scheduling.quartz.SpringBeanJobFactory@168fe91d
2022-10-14 16:14:00.641 [restartedMain] INFO  o.s.b.d.autoconfigure.OptionalLiveReloadServer:  LiveReload server is running on port 35729
2022-10-14 16:14:00.663 [restartedMain] INFO  o.s.scheduling.quartz.SchedulerFactoryBean:  Starting Quartz Scheduler now
2022-10-14 16:14:00.663 [restartedMain] INFO  org.quartz.core.QuartzScheduler:  Scheduler quartzScheduler_$_NON_CLUSTERED started.
2022-10-14 16:14:00.670 [restartedMain] INFO  org.apache.coyote.http11.Http11NioProtocol:  Starting ProtocolHandler ["http-nio-8091"]
2022-10-14 16:14:00.678 [restartedMain] INFO  org.apache.tomcat.util.net.NioSelectorPool:  Using a shared selector for servlet write/read
2022-10-14 16:14:00.691 [restartedMain] INFO  o.s.boot.web.embedded.tomcat.TomcatWebServer:  Tomcat started on port(s): 8091 (http) with context path ''
2022-10-14 16:14:00.693 [restartedMain] INFO  org.dongfu.Application_Mybatis2:  Started Application_Mybatis2 in 4.189 seconds (JVM running for 5.23)
2022-10-14 16:14:29.319 [http-nio-8091-exec-1] INFO  o.a.c.core.ContainerBase.[Tomcat].[localhost].[/]:  Initializing Spring DispatcherServlet 'dispatcherServlet'
2022-10-14 16:14:29.319 [http-nio-8091-exec-1] INFO  org.springframework.web.servlet.DispatcherServlet:  Initializing Servlet 'dispatcherServlet'
2022-10-14 16:14:29.326 [http-nio-8091-exec-1] INFO  org.springframework.web.servlet.DispatcherServlet:  Completed initialization in 7 ms
2022-10-14 16:14:29.338 [http-nio-8091-exec-1] INFO  o.w.s.f.interceptor.TokenInterceptor:  进入到 implements HandlerInterceptor 的拦截器
2022-10-14 16:15:09.346 [http-nio-8091-exec-3] INFO  o.w.s.f.interceptor.TokenInterceptor:  进入到 implements HandlerInterceptor 的拦截器
2022-10-14 16:17:42.890 [Thread-16] INFO  org.quartz.core.QuartzScheduler:  Scheduler quartzScheduler_$_NON_CLUSTERED paused.
2022-10-14 16:17:42.892 [Thread-16] INFO  o.s.scheduling.quartz.SchedulerFactoryBean:  Shutting down Quartz Scheduler
2022-10-14 16:17:42.892 [Thread-16] INFO  org.quartz.core.QuartzScheduler:  Scheduler quartzScheduler_$_NON_CLUSTERED shutting down.
2022-10-14 16:17:42.892 [Thread-16] INFO  org.quartz.core.QuartzScheduler:  Scheduler quartzScheduler_$_NON_CLUSTERED paused.
2022-10-14 16:17:42.893 [Thread-16] INFO  org.quartz.core.QuartzScheduler:  Scheduler quartzScheduler_$_NON_CLUSTERED shutdown complete.
2022-10-14 16:17:42.894 [Thread-16] INFO  o.s.scheduling.concurrent.ThreadPoolTaskExecutor:  Shutting down ExecutorService 'applicationTaskExecutor'
2022-10-14 16:17:42.895 [Thread-16] INFO  com.alibaba.druid.pool.DruidDataSource:  {dataSource-1} closing ...
2022-10-14 16:17:42.897 [Thread-16] INFO  com.alibaba.druid.pool.DruidDataSource:  {dataSource-1} closed
2022-10-14 16:17:50.603 [restartedMain] INFO  org.dongfu.Application_Mybatis2:  Starting Application_Mybatis2 on DFSH2617 with PID 19444 (D:\AllWorkSpace\IdeaWorkSpace\mjj-test-new-technology\demo-mybatis-plus2\target\classes started by majiajian in D:\AllWorkSpace\IdeaWorkSpace\mjj-test-new-technology)
2022-10-14 16:17:50.606 [restartedMain] INFO  org.dongfu.Application_Mybatis2:  No active profile set, falling back to default profiles: default
2022-10-14 16:17:50.642 [restartedMain] INFO  o.s.b.d.env.DevToolsPropertyDefaultsPostProcessor:  Devtools property defaults active! Set 'spring.devtools.add-properties' to 'false' to disable
2022-10-14 16:17:50.642 [restartedMain] INFO  o.s.b.d.env.DevToolsPropertyDefaultsPostProcessor:  For additional web related logging consider setting the 'logging.level.web' property to 'DEBUG'
2022-10-14 16:17:51.359 [restartedMain] INFO  o.s.d.r.config.RepositoryConfigurationDelegate:  Multiple Spring Data modules found, entering strict repository configuration mode!
2022-10-14 16:17:51.362 [restartedMain] INFO  o.s.d.r.config.RepositoryConfigurationDelegate:  Bootstrapping Spring Data repositories in DEFAULT mode.
2022-10-14 16:17:51.437 [restartedMain] INFO  o.s.d.r.config.RepositoryConfigurationDelegate:  Finished Spring Data repository scanning in 65ms. Found 0 repository interfaces.
2022-10-14 16:17:51.541 [restartedMain] DEBUG org.mybatis.spring.mapper.ClassPathMapperScanner:  Identified candidate component class: file [D:\AllWorkSpace\IdeaWorkSpace\mjj-test-new-technology\demo-mybatis-plus2\target\classes\org\wanbang\mapper\CityMapper.class]
2022-10-14 16:17:51.542 [restartedMain] DEBUG org.mybatis.spring.mapper.ClassPathMapperScanner:  Identified candidate component class: file [D:\AllWorkSpace\IdeaWorkSpace\mjj-test-new-technology\demo-mybatis-plus2\target\classes\org\wanbang\mapper\SysLogMapper.class]
2022-10-14 16:17:51.542 [restartedMain] DEBUG org.mybatis.spring.mapper.ClassPathMapperScanner:  Identified candidate component class: file [D:\AllWorkSpace\IdeaWorkSpace\mjj-test-new-technology\demo-mybatis-plus2\target\classes\org\wanbang\mapper\WorldUserMapper.class]
2022-10-14 16:17:51.542 [restartedMain] DEBUG org.mybatis.spring.mapper.ClassPathMapperScanner:  Creating MapperFactoryBean with name 'cityMapper' and 'org.dongfu.mapper.CityMapper' mapperInterface
2022-10-14 16:17:51.542 [restartedMain] DEBUG org.mybatis.spring.mapper.ClassPathMapperScanner:  Enabling autowire by type for MapperFactoryBean with name 'cityMapper'.
2022-10-14 16:17:51.542 [restartedMain] DEBUG org.mybatis.spring.mapper.ClassPathMapperScanner:  Creating MapperFactoryBean with name 'sysLogMapper' and 'org.dongfu.mapper.SysLogMapper' mapperInterface
2022-10-14 16:17:51.542 [restartedMain] DEBUG org.mybatis.spring.mapper.ClassPathMapperScanner:  Enabling autowire by type for MapperFactoryBean with name 'sysLogMapper'.
2022-10-14 16:17:51.542 [restartedMain] DEBUG org.mybatis.spring.mapper.ClassPathMapperScanner:  Creating MapperFactoryBean with name 'worldUserMapper' and 'org.dongfu.mapper.WorldUserMapper' mapperInterface
2022-10-14 16:17:51.542 [restartedMain] DEBUG org.mybatis.spring.mapper.ClassPathMapperScanner:  Enabling autowire by type for MapperFactoryBean with name 'worldUserMapper'.
2022-10-14 16:17:52.291 [restartedMain] INFO  o.s.c.s.PostProcessorRegistrationDelegate$BeanPostProcessorChecker:  Bean 'org.springframework.transaction.annotation.ProxyTransactionManagementConfiguration' of type [org.springframework.transaction.annotation.ProxyTransactionManagementConfiguration$$EnhancerBySpringCGLIB$$447c5b2] is not eligible for getting processed by all BeanPostProcessors (for example: not eligible for auto-proxying)
2022-10-14 16:17:53.483 [restartedMain] INFO  o.s.boot.web.embedded.tomcat.TomcatWebServer:  Tomcat initialized with port(s): 8091 (http)
2022-10-14 16:17:53.496 [restartedMain] INFO  org.apache.coyote.http11.Http11NioProtocol:  Initializing ProtocolHandler ["http-nio-8091"]
2022-10-14 16:17:53.505 [restartedMain] INFO  org.apache.catalina.core.StandardService:  Starting service [Tomcat]
2022-10-14 16:17:53.506 [restartedMain] INFO  org.apache.catalina.core.StandardEngine:  Starting Servlet Engine: Apache Tomcat/9.0.13
2022-10-14 16:17:53.514 [restartedMain] INFO  org.apache.catalina.core.AprLifecycleListener:  The APR based Apache Tomcat Native library which allows optimal performance in production environments was not found on the java.library.path: [D:\AllSoftware\WorkSoftware\JDK1.8.221InstallPackage\bin;C:\windows\Sun\Java\bin;C:\windows\system32;C:\windows;C:\Program Files (x86)\Common Files\Oracle\Java\javapath;C:\windows\system32;C:\windows;C:\windows\System32\Wbem;C:\windows\System32\WindowsPowerShell\v1.0\;C:\windows\System32\OpenSSH\;D:\AllSoftware\WorkSoftware\GitInstallPackage\Git\cmd;C:\Program Files\MySQL\MySQL Utilities 1.6\;D:\AllSoftware\WorkSoftware\JDK1.8.221InstallPackage\bin;C:\Program Files\MySQL\MySQL Shell 8.0\bin\;.]
2022-10-14 16:17:53.619 [restartedMain] INFO  o.a.c.core.ContainerBase.[Tomcat].[localhost].[/]:  Initializing Spring embedded WebApplicationContext
2022-10-14 16:17:53.619 [restartedMain] INFO  org.springframework.web.context.ContextLoader:  Root WebApplicationContext: initialization completed in 2977 ms
2022-10-14 16:17:56.138 [restartedMain] INFO  o.s.scheduling.concurrent.ThreadPoolTaskExecutor:  Initializing ExecutorService 'applicationTaskExecutor'
2022-10-14 16:17:57.061 [restartedMain] INFO  com.alibaba.druid.pool.DruidDataSource:  {dataSource-1} inited
2022-10-14 16:17:57.214 [restartedMain] INFO  org.quartz.impl.StdSchedulerFactory:  Using default implementation for ThreadExecutor
2022-10-14 16:17:57.229 [restartedMain] INFO  org.quartz.core.SchedulerSignalerImpl:  Initialized Scheduler Signaller of type: class org.quartz.core.SchedulerSignalerImpl
2022-10-14 16:17:57.229 [restartedMain] INFO  org.quartz.core.QuartzScheduler:  Quartz Scheduler v.2.3.0 created.
2022-10-14 16:17:57.230 [restartedMain] INFO  org.quartz.simpl.RAMJobStore:  RAMJobStore initialized.
2022-10-14 16:17:57.231 [restartedMain] INFO  org.quartz.core.QuartzScheduler:  Scheduler meta-data: Quartz Scheduler (v2.3.0) 'quartzScheduler' with instanceId 'NON_CLUSTERED'
  Scheduler class: 'org.quartz.core.QuartzScheduler' - running locally.
  NOT STARTED.
  Currently in standby mode.
  Number of jobs executed: 0
  Using thread pool 'org.quartz.simpl.SimpleThreadPool' - with 10 threads.
  Using job-store 'org.quartz.simpl.RAMJobStore' - which does not support persistence. and is not clustered.

2022-10-14 16:17:57.231 [restartedMain] INFO  org.quartz.impl.StdSchedulerFactory:  Quartz scheduler 'quartzScheduler' initialized from an externally provided properties instance.
2022-10-14 16:17:57.231 [restartedMain] INFO  org.quartz.impl.StdSchedulerFactory:  Quartz scheduler version: 2.3.0
2022-10-14 16:17:57.232 [restartedMain] INFO  org.quartz.core.QuartzScheduler:  JobFactory set to: org.springframework.scheduling.quartz.SpringBeanJobFactory@5f1f92f7
2022-10-14 16:17:57.420 [restartedMain] INFO  o.s.b.d.autoconfigure.OptionalLiveReloadServer:  LiveReload server is running on port 35729
2022-10-14 16:17:57.483 [restartedMain] INFO  o.s.scheduling.quartz.SchedulerFactoryBean:  Starting Quartz Scheduler now
2022-10-14 16:17:57.484 [restartedMain] INFO  org.quartz.core.QuartzScheduler:  Scheduler quartzScheduler_$_NON_CLUSTERED started.
2022-10-14 16:17:57.501 [restartedMain] INFO  org.apache.coyote.http11.Http11NioProtocol:  Starting ProtocolHandler ["http-nio-8091"]
2022-10-14 16:17:57.535 [restartedMain] INFO  org.apache.tomcat.util.net.NioSelectorPool:  Using a shared selector for servlet write/read
2022-10-14 16:17:57.591 [restartedMain] INFO  o.s.boot.web.embedded.tomcat.TomcatWebServer:  Tomcat started on port(s): 8091 (http) with context path ''
2022-10-14 16:17:57.598 [restartedMain] INFO  org.dongfu.Application_Mybatis2:  Started Application_Mybatis2 in 7.436 seconds (JVM running for 8.295)
2022-10-14 16:18:02.190 [http-nio-8091-exec-1] INFO  o.a.c.core.ContainerBase.[Tomcat].[localhost].[/]:  Initializing Spring DispatcherServlet 'dispatcherServlet'
2022-10-14 16:18:02.191 [http-nio-8091-exec-1] INFO  org.springframework.web.servlet.DispatcherServlet:  Initializing Servlet 'dispatcherServlet'
2022-10-14 16:18:02.200 [http-nio-8091-exec-1] INFO  org.springframework.web.servlet.DispatcherServlet:  Completed initialization in 9 ms
2022-10-14 16:18:02.213 [http-nio-8091-exec-1] INFO  o.w.s.f.interceptor.TokenInterceptor:  进入到 implements HandlerInterceptor 的拦截器
2022-10-14 16:21:52.226 [Thread-14] INFO  org.quartz.core.QuartzScheduler:  Scheduler quartzScheduler_$_NON_CLUSTERED paused.
2022-10-14 16:21:52.228 [Thread-14] INFO  o.s.scheduling.quartz.SchedulerFactoryBean:  Shutting down Quartz Scheduler
2022-10-14 16:21:52.228 [Thread-14] INFO  org.quartz.core.QuartzScheduler:  Scheduler quartzScheduler_$_NON_CLUSTERED shutting down.
2022-10-14 16:21:52.228 [Thread-14] INFO  org.quartz.core.QuartzScheduler:  Scheduler quartzScheduler_$_NON_CLUSTERED paused.
2022-10-14 16:21:52.228 [Thread-14] INFO  org.quartz.core.QuartzScheduler:  Scheduler quartzScheduler_$_NON_CLUSTERED shutdown complete.
2022-10-14 16:21:52.229 [Thread-14] INFO  o.s.scheduling.concurrent.ThreadPoolTaskExecutor:  Shutting down ExecutorService 'applicationTaskExecutor'
2022-10-14 16:21:52.229 [Thread-14] INFO  com.alibaba.druid.pool.DruidDataSource:  {dataSource-1} closing ...
2022-10-14 16:21:52.232 [Thread-14] INFO  com.alibaba.druid.pool.DruidDataSource:  {dataSource-1} closed
2022-10-14 16:21:59.057 [restartedMain] INFO  org.dongfu.Application_Mybatis2:  Starting Application_Mybatis2 on DFSH2617 with PID 10072 (D:\AllWorkSpace\IdeaWorkSpace\mjj-test-new-technology\demo-mybatis-plus2\target\classes started by majiajian in D:\AllWorkSpace\IdeaWorkSpace\mjj-test-new-technology)
2022-10-14 16:21:59.061 [restartedMain] INFO  org.dongfu.Application_Mybatis2:  No active profile set, falling back to default profiles: default
2022-10-14 16:21:59.106 [restartedMain] INFO  o.s.b.d.env.DevToolsPropertyDefaultsPostProcessor:  Devtools property defaults active! Set 'spring.devtools.add-properties' to 'false' to disable
2022-10-14 16:21:59.106 [restartedMain] INFO  o.s.b.d.env.DevToolsPropertyDefaultsPostProcessor:  For additional web related logging consider setting the 'logging.level.web' property to 'DEBUG'
2022-10-14 16:21:59.826 [restartedMain] INFO  o.s.d.r.config.RepositoryConfigurationDelegate:  Multiple Spring Data modules found, entering strict repository configuration mode!
2022-10-14 16:21:59.827 [restartedMain] INFO  o.s.d.r.config.RepositoryConfigurationDelegate:  Bootstrapping Spring Data repositories in DEFAULT mode.
2022-10-14 16:21:59.901 [restartedMain] INFO  o.s.d.r.config.RepositoryConfigurationDelegate:  Finished Spring Data repository scanning in 65ms. Found 0 repository interfaces.
2022-10-14 16:22:00.001 [restartedMain] DEBUG org.mybatis.spring.mapper.ClassPathMapperScanner:  Identified candidate component class: file [D:\AllWorkSpace\IdeaWorkSpace\mjj-test-new-technology\demo-mybatis-plus2\target\classes\org\wanbang\mapper\CityMapper.class]
2022-10-14 16:22:00.001 [restartedMain] DEBUG org.mybatis.spring.mapper.ClassPathMapperScanner:  Identified candidate component class: file [D:\AllWorkSpace\IdeaWorkSpace\mjj-test-new-technology\demo-mybatis-plus2\target\classes\org\wanbang\mapper\SysLogMapper.class]
2022-10-14 16:22:00.001 [restartedMain] DEBUG org.mybatis.spring.mapper.ClassPathMapperScanner:  Identified candidate component class: file [D:\AllWorkSpace\IdeaWorkSpace\mjj-test-new-technology\demo-mybatis-plus2\target\classes\org\wanbang\mapper\WorldUserMapper.class]
2022-10-14 16:22:00.002 [restartedMain] DEBUG org.mybatis.spring.mapper.ClassPathMapperScanner:  Creating MapperFactoryBean with name 'cityMapper' and 'org.dongfu.mapper.CityMapper' mapperInterface
2022-10-14 16:22:00.002 [restartedMain] DEBUG org.mybatis.spring.mapper.ClassPathMapperScanner:  Enabling autowire by type for MapperFactoryBean with name 'cityMapper'.
2022-10-14 16:22:00.002 [restartedMain] DEBUG org.mybatis.spring.mapper.ClassPathMapperScanner:  Creating MapperFactoryBean with name 'sysLogMapper' and 'org.dongfu.mapper.SysLogMapper' mapperInterface
2022-10-14 16:22:00.002 [restartedMain] DEBUG org.mybatis.spring.mapper.ClassPathMapperScanner:  Enabling autowire by type for MapperFactoryBean with name 'sysLogMapper'.
2022-10-14 16:22:00.002 [restartedMain] DEBUG org.mybatis.spring.mapper.ClassPathMapperScanner:  Creating MapperFactoryBean with name 'worldUserMapper' and 'org.dongfu.mapper.WorldUserMapper' mapperInterface
2022-10-14 16:22:00.002 [restartedMain] DEBUG org.mybatis.spring.mapper.ClassPathMapperScanner:  Enabling autowire by type for MapperFactoryBean with name 'worldUserMapper'.
2022-10-14 16:22:00.212 [restartedMain] INFO  o.s.c.s.PostProcessorRegistrationDelegate$BeanPostProcessorChecker:  Bean 'org.springframework.transaction.annotation.ProxyTransactionManagementConfiguration' of type [org.springframework.transaction.annotation.ProxyTransactionManagementConfiguration$$EnhancerBySpringCGLIB$$f870de11] is not eligible for getting processed by all BeanPostProcessors (for example: not eligible for auto-proxying)
2022-10-14 16:22:00.687 [restartedMain] INFO  o.s.boot.web.embedded.tomcat.TomcatWebServer:  Tomcat initialized with port(s): 8091 (http)
2022-10-14 16:22:00.696 [restartedMain] INFO  org.apache.coyote.http11.Http11NioProtocol:  Initializing ProtocolHandler ["http-nio-8091"]
2022-10-14 16:22:00.702 [restartedMain] INFO  org.apache.catalina.core.StandardService:  Starting service [Tomcat]
2022-10-14 16:22:00.702 [restartedMain] INFO  org.apache.catalina.core.StandardEngine:  Starting Servlet Engine: Apache Tomcat/9.0.13
2022-10-14 16:22:00.707 [restartedMain] INFO  org.apache.catalina.core.AprLifecycleListener:  The APR based Apache Tomcat Native library which allows optimal performance in production environments was not found on the java.library.path: [D:\AllSoftware\WorkSoftware\JDK1.8.221InstallPackage\bin;C:\windows\Sun\Java\bin;C:\windows\system32;C:\windows;C:\Program Files (x86)\Common Files\Oracle\Java\javapath;C:\windows\system32;C:\windows;C:\windows\System32\Wbem;C:\windows\System32\WindowsPowerShell\v1.0\;C:\windows\System32\OpenSSH\;D:\AllSoftware\WorkSoftware\GitInstallPackage\Git\cmd;C:\Program Files\MySQL\MySQL Utilities 1.6\;D:\AllSoftware\WorkSoftware\JDK1.8.221InstallPackage\bin;C:\Program Files\MySQL\MySQL Shell 8.0\bin\;.]
2022-10-14 16:22:00.785 [restartedMain] INFO  o.a.c.core.ContainerBase.[Tomcat].[localhost].[/]:  Initializing Spring embedded WebApplicationContext
2022-10-14 16:22:00.786 [restartedMain] INFO  org.springframework.web.context.ContextLoader:  Root WebApplicationContext: initialization completed in 1680 ms
2022-10-14 16:22:01.833 [restartedMain] INFO  o.s.scheduling.concurrent.ThreadPoolTaskExecutor:  Initializing ExecutorService 'applicationTaskExecutor'
2022-10-14 16:22:02.171 [restartedMain] INFO  com.alibaba.druid.pool.DruidDataSource:  {dataSource-1} inited
2022-10-14 16:22:02.275 [restartedMain] INFO  org.quartz.impl.StdSchedulerFactory:  Using default implementation for ThreadExecutor
2022-10-14 16:22:02.282 [restartedMain] INFO  org.quartz.core.SchedulerSignalerImpl:  Initialized Scheduler Signaller of type: class org.quartz.core.SchedulerSignalerImpl
2022-10-14 16:22:02.283 [restartedMain] INFO  org.quartz.core.QuartzScheduler:  Quartz Scheduler v.2.3.0 created.
2022-10-14 16:22:02.283 [restartedMain] INFO  org.quartz.simpl.RAMJobStore:  RAMJobStore initialized.
2022-10-14 16:22:02.285 [restartedMain] INFO  org.quartz.core.QuartzScheduler:  Scheduler meta-data: Quartz Scheduler (v2.3.0) 'quartzScheduler' with instanceId 'NON_CLUSTERED'
  Scheduler class: 'org.quartz.core.QuartzScheduler' - running locally.
  NOT STARTED.
  Currently in standby mode.
  Number of jobs executed: 0
  Using thread pool 'org.quartz.simpl.SimpleThreadPool' - with 10 threads.
  Using job-store 'org.quartz.simpl.RAMJobStore' - which does not support persistence. and is not clustered.

2022-10-14 16:22:02.285 [restartedMain] INFO  org.quartz.impl.StdSchedulerFactory:  Quartz scheduler 'quartzScheduler' initialized from an externally provided properties instance.
2022-10-14 16:22:02.285 [restartedMain] INFO  org.quartz.impl.StdSchedulerFactory:  Quartz scheduler version: 2.3.0
2022-10-14 16:22:02.285 [restartedMain] INFO  org.quartz.core.QuartzScheduler:  JobFactory set to: org.springframework.scheduling.quartz.SpringBeanJobFactory@1c398c72
2022-10-14 16:22:02.395 [restartedMain] INFO  o.s.b.d.autoconfigure.OptionalLiveReloadServer:  LiveReload server is running on port 35729
2022-10-14 16:22:02.416 [restartedMain] INFO  o.s.scheduling.quartz.SchedulerFactoryBean:  Starting Quartz Scheduler now
2022-10-14 16:22:02.416 [restartedMain] INFO  org.quartz.core.QuartzScheduler:  Scheduler quartzScheduler_$_NON_CLUSTERED started.
2022-10-14 16:22:02.422 [restartedMain] INFO  org.apache.coyote.http11.Http11NioProtocol:  Starting ProtocolHandler ["http-nio-8091"]
2022-10-14 16:22:02.431 [restartedMain] INFO  org.apache.tomcat.util.net.NioSelectorPool:  Using a shared selector for servlet write/read
2022-10-14 16:22:02.443 [restartedMain] INFO  o.s.boot.web.embedded.tomcat.TomcatWebServer:  Tomcat started on port(s): 8091 (http) with context path ''
2022-10-14 16:22:02.446 [restartedMain] INFO  org.dongfu.Application_Mybatis2:  Started Application_Mybatis2 in 4.094 seconds (JVM running for 5.086)
2022-10-14 16:22:09.003 [http-nio-8091-exec-1] INFO  o.a.c.core.ContainerBase.[Tomcat].[localhost].[/]:  Initializing Spring DispatcherServlet 'dispatcherServlet'
2022-10-14 16:22:09.003 [http-nio-8091-exec-1] INFO  org.springframework.web.servlet.DispatcherServlet:  Initializing Servlet 'dispatcherServlet'
2022-10-14 16:22:09.011 [http-nio-8091-exec-1] INFO  org.springframework.web.servlet.DispatcherServlet:  Completed initialization in 8 ms
2022-10-14 16:22:09.022 [http-nio-8091-exec-1] INFO  o.w.s.f.interceptor.TokenInterceptor:  进入到 implements HandlerInterceptor 的拦截器
2022-10-14 16:28:11.043 [Thread-16] INFO  org.quartz.core.QuartzScheduler:  Scheduler quartzScheduler_$_NON_CLUSTERED paused.
2022-10-14 16:28:11.045 [Thread-16] INFO  o.s.scheduling.quartz.SchedulerFactoryBean:  Shutting down Quartz Scheduler
2022-10-14 16:28:11.045 [Thread-16] INFO  org.quartz.core.QuartzScheduler:  Scheduler quartzScheduler_$_NON_CLUSTERED shutting down.
2022-10-14 16:28:11.045 [Thread-16] INFO  org.quartz.core.QuartzScheduler:  Scheduler quartzScheduler_$_NON_CLUSTERED paused.
2022-10-14 16:28:11.046 [Thread-16] INFO  org.quartz.core.QuartzScheduler:  Scheduler quartzScheduler_$_NON_CLUSTERED shutdown complete.
2022-10-14 16:28:11.047 [Thread-16] INFO  o.s.scheduling.concurrent.ThreadPoolTaskExecutor:  Shutting down ExecutorService 'applicationTaskExecutor'
2022-10-14 16:28:11.048 [Thread-16] INFO  com.alibaba.druid.pool.DruidDataSource:  {dataSource-1} closing ...
2022-10-14 16:28:11.051 [Thread-16] INFO  com.alibaba.druid.pool.DruidDataSource:  {dataSource-1} closed
