2022-06-16 13:58:48.241  INFO 5244 --- [restartedMain] org.wanbang.Application_Mybatis3         : Starting Application_Mybatis3 on DFSH2617 with PID 5244 (D:\AllWorkSpace\IdeaWorkSpace\mjj-test-new-technology\demo-mybatis-plus3\target\classes started by majiajian in D:\AllWorkSpace\IdeaWorkSpace\mjj-test-new-technology)
2022-06-16 13:58:48.244  INFO 5244 --- [restartedMain] org.wanbang.Application_Mybatis3         : No active profile set, falling back to default profiles: default
2022-06-16 13:58:48.280  INFO 5244 --- [restartedMain] .e.DevToolsPropertyDefaultsPostProcessor : Devtools property defaults active! Set 'spring.devtools.add-properties' to 'false' to disable
2022-06-16 13:58:48.280  INFO 5244 --- [restartedMain] .e.DevToolsPropertyDefaultsPostProcessor : For additional web related logging consider setting the 'logging.level.web' property to 'DEBUG'
2022-06-16 13:58:49.262  INFO 5244 --- [restartedMain] o.s.b.w.embedded.tomcat.TomcatWebServer  : Tomcat initialized with port(s): 8099 (http)
2022-06-16 13:58:49.278  INFO 5244 --- [restartedMain] o.apache.catalina.core.StandardService   : Starting service [Tomcat]
2022-06-16 13:58:49.278  INFO 5244 --- [restartedMain] org.apache.catalina.core.StandardEngine  : Starting Servlet Engine: Apache Tomcat/9.0.13
2022-06-16 13:58:49.293  INFO 5244 --- [restartedMain] o.a.catalina.core.AprLifecycleListener   : The APR based Apache Tomcat Native library which allows optimal performance in production environments was not found on the java.library.path: [D:\AllSoftware\WorkSoftware\JDK1.8.221InstallPackage\bin;C:\windows\Sun\Java\bin;C:\windows\system32;C:\windows;C:\Program Files (x86)\Common Files\Oracle\Java\javapath;C:\windows\system32;C:\windows;C:\windows\System32\Wbem;C:\windows\System32\WindowsPowerShell\v1.0\;C:\windows\System32\OpenSSH\;D:\AllSoftware\WorkSoftware\GitInstallPackage\Git\cmd;C:\Program Files\MySQL\MySQL Utilities 1.6\;D:\AllSoftware\WorkSoftware\JDK1.8.221InstallPackage\bin;C:\Program Files\MySQL\MySQL Shell 8.0\bin\;.]
2022-06-16 13:58:49.366  INFO 5244 --- [restartedMain] o.a.c.c.C.[Tomcat].[localhost].[/]       : Initializing Spring embedded WebApplicationContext
2022-06-16 13:58:49.366  INFO 5244 --- [restartedMain] o.s.web.context.ContextLoader            : Root WebApplicationContext: initialization completed in 1077 ms
2022-06-16 13:58:50.248  INFO 5244 --- [restartedMain] o.s.s.concurrent.ThreadPoolTaskExecutor  : Initializing ExecutorService 'applicationTaskExecutor'
2022-06-16 13:58:50.399  INFO 5244 --- [restartedMain] o.s.b.d.a.OptionalLiveReloadServer       : LiveReload server is running on port 35729
2022-06-16 13:58:50.441  INFO 5244 --- [restartedMain] o.s.b.w.embedded.tomcat.TomcatWebServer  : Tomcat started on port(s): 8099 (http) with context path ''
2022-06-16 13:58:50.443  INFO 5244 --- [restartedMain] org.wanbang.Application_Mybatis3         : Started Application_Mybatis3 in 3.117 seconds (JVM running for 4.468)
2022-06-16 13:59:09.919  INFO 5244 --- [http-nio-8099-exec-1] o.a.c.c.C.[Tomcat].[localhost].[/]       : Initializing Spring DispatcherServlet 'dispatcherServlet'
2022-06-16 13:59:09.920  INFO 5244 --- [http-nio-8099-exec-1] o.s.web.servlet.DispatcherServlet        : Initializing Servlet 'dispatcherServlet'
2022-06-16 13:59:09.924  INFO 5244 --- [http-nio-8099-exec-1] o.s.web.servlet.DispatcherServlet        : Completed initialization in 4 ms
2022-06-16 13:59:09.939  INFO 5244 --- [http-nio-8099-exec-1] o.w.service.impl.SpringWordServiceImpl   : 通过ID查询单条数据
2022-06-16 13:59:09.984  INFO 5244 --- [http-nio-8099-exec-1] com.alibaba.druid.pool.DruidDataSource   : {dataSource-1} inited
2022-06-16 14:04:17.184  INFO 5244 --- [Thread-15] o.s.s.concurrent.ThreadPoolTaskExecutor  : Shutting down ExecutorService 'applicationTaskExecutor'
2022-06-16 14:04:17.185  INFO 5244 --- [Thread-15] com.alibaba.druid.pool.DruidDataSource   : {dataSource-1} closing ...
2022-06-16 14:04:17.188  INFO 5244 --- [Thread-15] com.alibaba.druid.pool.DruidDataSource   : {dataSource-1} closed
