2022-01-19 18:05:02,176 INFO (StartupInfoLogger.java:50)- Starting Application_Mybatis2 on LAPTOP-QCULS2RT with PID 55232 (D:\AllWorkSpace\ideaWorkSpace\mjj-test-new-technology\demo-mybatis-plus2\target\classes started by chasesunshine in D:\AllWorkSpace\ideaWorkSpace\mjj-test-new-technology)
2022-01-19 18:05:02,186 INFO (SpringApplication.java:675)- No active profile set, falling back to default profiles: default
2022-01-19 18:05:02,251 INFO (DeferredLog.java:227)- Devtools property defaults active! Set 'spring.devtools.add-properties' to 'false' to disable
2022-01-19 18:05:02,252 INFO (DeferredLog.java:227)- For additional web related logging consider setting the 'logging.level.web' property to 'DEBUG'
2022-01-19 18:05:03,365 INFO (TomcatWebServer.java:90)- Tomcat initialized with port(s): 8091 (http)
2022-01-19 18:05:03,381 INFO (DirectJDKLog.java:173)- Initializing ProtocolHandler ["http-nio-8091"]
2022-01-19 18:05:03,388 INFO (DirectJDKLog.java:173)- Starting service [Tomcat]
2022-01-19 18:05:03,388 INFO (DirectJDKLog.java:173)- Starting Servlet Engine: Apache Tomcat/9.0.13
2022-01-19 18:05:03,394 INFO (DirectJDKLog.java:173)- The APR based Apache Tomcat Native library which allows optimal performance in production environments was not found on the java.library.path: [D:\AllSoftwareInstall\WorkSoftware\jdk1.8.0_221\bin;C:\Windows\Sun\Java\bin;C:\Windows\system32;C:\Windows;C:\Windows\system32;C:\Windows;C:\Windows\System32\Wbem;C:\Windows\System32\WindowsPowerShell\v1.0\;C:\Windows\System32\OpenSSH\;C:\Program Files (x86)\NVIDIA Corporation\PhysX\Common;C:\Program Files\NVIDIA Corporation\NVIDIA NvDLISR;D:\AllSoftwareInstall\WorkSoftware\jdk1.8.0_221\bin;D:\AllSoftwareInstall\WorkSoftware\jdk1.8.0_221\jre\bin;D:\AllSoftwareInstall\WorkSoftware\GitInstallPackage\Git\cmd;D:\AllSoftwareInstall\WorkSoftware\mavenInstallPackage2\apache-maven-3.5.3\bin;C:\Program Files\MySQL\MySQL Shell 8.0\bin\;.]
2022-01-19 18:05:03,497 INFO (DirectJDKLog.java:173)- Initializing Spring embedded WebApplicationContext
2022-01-19 18:05:03,497 INFO (ServletWebServerApplicationContext.java:296)- Root WebApplicationContext: initialization completed in 1245 ms
2022-01-19 18:05:04,612 INFO (ExecutorConfigurationSupport.java:171)- Initializing ExecutorService 'applicationTaskExecutor'
2022-01-19 18:05:04,862 INFO (OptionalLiveReloadServer.java:57)- LiveReload server is running on port 35729
2022-01-19 18:05:04,892 INFO (DirectJDKLog.java:173)- Starting ProtocolHandler ["http-nio-8091"]
2022-01-19 18:05:04,899 INFO (DirectJDKLog.java:173)- Using a shared selector for servlet write/read
2022-01-19 18:05:04,911 INFO (TomcatWebServer.java:204)- Tomcat started on port(s): 8091 (http) with context path ''
2022-01-19 18:05:04,914 INFO (StartupInfoLogger.java:59)- Started Application_Mybatis2 in 3.243 seconds (JVM running for 4.595)
2022-01-19 18:05:17,767 INFO (DirectJDKLog.java:173)- Initializing Spring DispatcherServlet 'dispatcherServlet'
2022-01-19 18:05:17,768 INFO (FrameworkServlet.java:524)- Initializing Servlet 'dispatcherServlet'
2022-01-19 18:05:17,774 INFO (FrameworkServlet.java:546)- Completed initialization in 6 ms
2022-01-19 18:05:17,879 INFO (DruidDataSource.java:1003)- {dataSource-1} inited
2022-01-19 18:05:18,052 INFO (SysLogController.java:20)- 获取资料 : {"createDate":"2021-12-01T16:31:40","daoMethodName":"org.wanbang.mapper.WorldUserMapper.insertOneData","id":1,"ip":"172.16.50.253","remark":"没有RecordLog注解","uri":"/world/user/inset/mybatis","wholeSql":" insert into world_user(name, age) values('xsst', 15)"}
2022-01-19 18:06:18,141 INFO (ExecutorConfigurationSupport.java:208)- Shutting down ExecutorService 'applicationTaskExecutor'
2022-01-19 18:06:18,142 INFO (DruidDataSource.java:1965)- {dataSource-1} closing ...
2022-01-19 18:06:18,145 INFO (DruidDataSource.java:2037)- {dataSource-1} closed
2022-01-19 18:06:22,114 INFO (StartupInfoLogger.java:50)- Starting Application_Mybatis2 on LAPTOP-QCULS2RT with PID 48016 (D:\AllWorkSpace\ideaWorkSpace\mjj-test-new-technology\demo-mybatis-plus2\target\classes started by chasesunshine in D:\AllWorkSpace\ideaWorkSpace\mjj-test-new-technology)
2022-01-19 18:06:22,118 INFO (SpringApplication.java:675)- No active profile set, falling back to default profiles: default
2022-01-19 18:06:22,165 INFO (DeferredLog.java:227)- Devtools property defaults active! Set 'spring.devtools.add-properties' to 'false' to disable
2022-01-19 18:06:22,165 INFO (DeferredLog.java:227)- For additional web related logging consider setting the 'logging.level.web' property to 'DEBUG'
2022-01-19 18:06:23,346 INFO (TomcatWebServer.java:90)- Tomcat initialized with port(s): 8091 (http)
2022-01-19 18:06:23,355 INFO (DirectJDKLog.java:173)- Initializing ProtocolHandler ["http-nio-8091"]
2022-01-19 18:06:23,361 INFO (DirectJDKLog.java:173)- Starting service [Tomcat]
2022-01-19 18:06:23,361 INFO (DirectJDKLog.java:173)- Starting Servlet Engine: Apache Tomcat/9.0.13
2022-01-19 18:06:23,366 INFO (DirectJDKLog.java:173)- The APR based Apache Tomcat Native library which allows optimal performance in production environments was not found on the java.library.path: [D:\AllSoftwareInstall\WorkSoftware\jdk1.8.0_221\bin;C:\Windows\Sun\Java\bin;C:\Windows\system32;C:\Windows;C:\Windows\system32;C:\Windows;C:\Windows\System32\Wbem;C:\Windows\System32\WindowsPowerShell\v1.0\;C:\Windows\System32\OpenSSH\;C:\Program Files (x86)\NVIDIA Corporation\PhysX\Common;C:\Program Files\NVIDIA Corporation\NVIDIA NvDLISR;D:\AllSoftwareInstall\WorkSoftware\jdk1.8.0_221\bin;D:\AllSoftwareInstall\WorkSoftware\jdk1.8.0_221\jre\bin;D:\AllSoftwareInstall\WorkSoftware\GitInstallPackage\Git\cmd;D:\AllSoftwareInstall\WorkSoftware\mavenInstallPackage2\apache-maven-3.5.3\bin;C:\Program Files\MySQL\MySQL Shell 8.0\bin\;.]
2022-01-19 18:06:23,456 INFO (DirectJDKLog.java:173)- Initializing Spring embedded WebApplicationContext
2022-01-19 18:06:23,457 INFO (ServletWebServerApplicationContext.java:296)- Root WebApplicationContext: initialization completed in 1292 ms
2022-01-19 18:06:24,583 INFO (ExecutorConfigurationSupport.java:171)- Initializing ExecutorService 'applicationTaskExecutor'
2022-01-19 18:06:24,784 INFO (OptionalLiveReloadServer.java:57)- LiveReload server is running on port 35729
2022-01-19 18:06:24,808 INFO (DirectJDKLog.java:173)- Starting ProtocolHandler ["http-nio-8091"]
2022-01-19 18:06:24,816 INFO (DirectJDKLog.java:173)- Using a shared selector for servlet write/read
2022-01-19 18:06:24,828 INFO (TomcatWebServer.java:204)- Tomcat started on port(s): 8091 (http) with context path ''
2022-01-19 18:06:24,831 INFO (StartupInfoLogger.java:59)- Started Application_Mybatis2 in 3.212 seconds (JVM running for 4.595)
2022-01-19 18:07:06,046 INFO (ExecutorConfigurationSupport.java:208)- Shutting down ExecutorService 'applicationTaskExecutor'
2022-01-19 18:07:06,047 INFO (DruidDataSource.java:1965)- {dataSource-0} closing ...
2022-01-19 18:07:10,076 INFO (StartupInfoLogger.java:50)- Starting Application_Mybatis2 on LAPTOP-QCULS2RT with PID 61800 (D:\AllWorkSpace\ideaWorkSpace\mjj-test-new-technology\demo-mybatis-plus2\target\classes started by chasesunshine in D:\AllWorkSpace\ideaWorkSpace\mjj-test-new-technology)
2022-01-19 18:07:10,080 INFO (SpringApplication.java:675)- No active profile set, falling back to default profiles: default
2022-01-19 18:07:10,117 INFO (DeferredLog.java:227)- Devtools property defaults active! Set 'spring.devtools.add-properties' to 'false' to disable
2022-01-19 18:07:10,117 INFO (DeferredLog.java:227)- For additional web related logging consider setting the 'logging.level.web' property to 'DEBUG'
2022-01-19 18:07:11,177 INFO (TomcatWebServer.java:90)- Tomcat initialized with port(s): 8091 (http)
2022-01-19 18:07:11,186 INFO (DirectJDKLog.java:173)- Initializing ProtocolHandler ["http-nio-8091"]
2022-01-19 18:07:11,192 INFO (DirectJDKLog.java:173)- Starting service [Tomcat]
2022-01-19 18:07:11,192 INFO (DirectJDKLog.java:173)- Starting Servlet Engine: Apache Tomcat/9.0.13
2022-01-19 18:07:11,197 INFO (DirectJDKLog.java:173)- The APR based Apache Tomcat Native library which allows optimal performance in production environments was not found on the java.library.path: [D:\AllSoftwareInstall\WorkSoftware\jdk1.8.0_221\bin;C:\Windows\Sun\Java\bin;C:\Windows\system32;C:\Windows;C:\Windows\system32;C:\Windows;C:\Windows\System32\Wbem;C:\Windows\System32\WindowsPowerShell\v1.0\;C:\Windows\System32\OpenSSH\;C:\Program Files (x86)\NVIDIA Corporation\PhysX\Common;C:\Program Files\NVIDIA Corporation\NVIDIA NvDLISR;D:\AllSoftwareInstall\WorkSoftware\jdk1.8.0_221\bin;D:\AllSoftwareInstall\WorkSoftware\jdk1.8.0_221\jre\bin;D:\AllSoftwareInstall\WorkSoftware\GitInstallPackage\Git\cmd;D:\AllSoftwareInstall\WorkSoftware\mavenInstallPackage2\apache-maven-3.5.3\bin;C:\Program Files\MySQL\MySQL Shell 8.0\bin\;.]
2022-01-19 18:07:11,299 INFO (DirectJDKLog.java:173)- Initializing Spring embedded WebApplicationContext
2022-01-19 18:07:11,299 INFO (ServletWebServerApplicationContext.java:296)- Root WebApplicationContext: initialization completed in 1181 ms
2022-01-19 18:07:12,616 INFO (ExecutorConfigurationSupport.java:171)- Initializing ExecutorService 'applicationTaskExecutor'
2022-01-19 18:07:12,828 INFO (OptionalLiveReloadServer.java:57)- LiveReload server is running on port 35729
2022-01-19 18:07:12,852 INFO (DirectJDKLog.java:173)- Starting ProtocolHandler ["http-nio-8091"]
2022-01-19 18:07:12,860 INFO (DirectJDKLog.java:173)- Using a shared selector for servlet write/read
2022-01-19 18:07:12,871 INFO (TomcatWebServer.java:204)- Tomcat started on port(s): 8091 (http) with context path ''
2022-01-19 18:07:12,873 INFO (StartupInfoLogger.java:59)- Started Application_Mybatis2 in 3.326 seconds (JVM running for 4.604)
2022-01-19 18:07:22,182 INFO (DirectJDKLog.java:173)- Initializing Spring DispatcherServlet 'dispatcherServlet'
2022-01-19 18:07:22,182 INFO (FrameworkServlet.java:524)- Initializing Servlet 'dispatcherServlet'
2022-01-19 18:07:22,189 INFO (FrameworkServlet.java:546)- Completed initialization in 6 ms
2022-01-19 18:07:22,295 INFO (DruidDataSource.java:1003)- {dataSource-1} inited
2022-01-19 18:07:22,461 INFO (SysLogController.java:20)- 获取资料 : {"createDate":"2021-12-01T16:31:40","daoMethodName":"org.wanbang.mapper.WorldUserMapper.insertOneData","id":1,"ip":"172.16.50.253","remark":"没有RecordLog注解","uri":"/world/user/inset/mybatis","wholeSql":" insert into world_user(name, age) values('xsst', 15)"}
2022-01-19 18:09:34,574 INFO (ExecutorConfigurationSupport.java:208)- Shutting down ExecutorService 'applicationTaskExecutor'
2022-01-19 18:09:34,576 INFO (DruidDataSource.java:1965)- {dataSource-1} closing ...
2022-01-19 18:09:34,579 INFO (DruidDataSource.java:2037)- {dataSource-1} closed
2022-01-19 18:09:38,710 INFO (StartupInfoLogger.java:50)- Starting Application_Mybatis2 on LAPTOP-QCULS2RT with PID 28224 (D:\AllWorkSpace\ideaWorkSpace\mjj-test-new-technology\demo-mybatis-plus2\target\classes started by chasesunshine in D:\AllWorkSpace\ideaWorkSpace\mjj-test-new-technology)
2022-01-19 18:09:38,714 INFO (SpringApplication.java:675)- No active profile set, falling back to default profiles: default
2022-01-19 18:09:38,746 INFO (DeferredLog.java:227)- Devtools property defaults active! Set 'spring.devtools.add-properties' to 'false' to disable
2022-01-19 18:09:38,746 INFO (DeferredLog.java:227)- For additional web related logging consider setting the 'logging.level.web' property to 'DEBUG'
2022-01-19 18:09:39,842 INFO (TomcatWebServer.java:90)- Tomcat initialized with port(s): 8091 (http)
2022-01-19 18:09:39,850 INFO (DirectJDKLog.java:173)- Initializing ProtocolHandler ["http-nio-8091"]
2022-01-19 18:09:39,856 INFO (DirectJDKLog.java:173)- Starting service [Tomcat]
2022-01-19 18:09:39,856 INFO (DirectJDKLog.java:173)- Starting Servlet Engine: Apache Tomcat/9.0.13
2022-01-19 18:09:39,861 INFO (DirectJDKLog.java:173)- The APR based Apache Tomcat Native library which allows optimal performance in production environments was not found on the java.library.path: [D:\AllSoftwareInstall\WorkSoftware\jdk1.8.0_221\bin;C:\Windows\Sun\Java\bin;C:\Windows\system32;C:\Windows;C:\Windows\system32;C:\Windows;C:\Windows\System32\Wbem;C:\Windows\System32\WindowsPowerShell\v1.0\;C:\Windows\System32\OpenSSH\;C:\Program Files (x86)\NVIDIA Corporation\PhysX\Common;C:\Program Files\NVIDIA Corporation\NVIDIA NvDLISR;D:\AllSoftwareInstall\WorkSoftware\jdk1.8.0_221\bin;D:\AllSoftwareInstall\WorkSoftware\jdk1.8.0_221\jre\bin;D:\AllSoftwareInstall\WorkSoftware\GitInstallPackage\Git\cmd;D:\AllSoftwareInstall\WorkSoftware\mavenInstallPackage2\apache-maven-3.5.3\bin;C:\Program Files\MySQL\MySQL Shell 8.0\bin\;.]
2022-01-19 18:09:39,955 INFO (DirectJDKLog.java:173)- Initializing Spring embedded WebApplicationContext
2022-01-19 18:09:39,956 INFO (ServletWebServerApplicationContext.java:296)- Root WebApplicationContext: initialization completed in 1210 ms
2022-01-19 18:09:41,067 INFO (ExecutorConfigurationSupport.java:171)- Initializing ExecutorService 'applicationTaskExecutor'
2022-01-19 18:09:41,255 INFO (OptionalLiveReloadServer.java:57)- LiveReload server is running on port 35729
2022-01-19 18:09:41,278 INFO (DirectJDKLog.java:173)- Starting ProtocolHandler ["http-nio-8091"]
2022-01-19 18:09:41,285 INFO (DirectJDKLog.java:173)- Using a shared selector for servlet write/read
2022-01-19 18:09:41,295 INFO (TomcatWebServer.java:204)- Tomcat started on port(s): 8091 (http) with context path ''
2022-01-19 18:09:41,298 INFO (StartupInfoLogger.java:59)- Started Application_Mybatis2 in 3.043 seconds (JVM running for 4.43)
2022-01-19 18:09:56,539 INFO (DirectJDKLog.java:173)- Initializing Spring DispatcherServlet 'dispatcherServlet'
2022-01-19 18:09:56,539 INFO (FrameworkServlet.java:524)- Initializing Servlet 'dispatcherServlet'
2022-01-19 18:09:56,545 INFO (FrameworkServlet.java:546)- Completed initialization in 6 ms
2022-01-19 18:09:56,653 INFO (DruidDataSource.java:1003)- {dataSource-1} inited
2022-01-19 18:09:56,792 INFO (SysLogController.java:20)- 获取资料 : {"createDate":"2021-12-01T16:31:40","daoMethodName":"org.wanbang.mapper.WorldUserMapper.insertOneData","id":1,"ip":"172.16.50.253","remark":"没有RecordLog注解","uri":"/world/user/inset/mybatis","wholeSql":" insert into world_user(name, age) values('xsst', 15)"}
2022-01-19 18:10:16,346 INFO (SysLogController.java:20)- 获取资料 : {"createDate":"2021-12-01T16:31:40","daoMethodName":"org.wanbang.mapper.WorldUserMapper.insertOneData","id":1,"ip":"172.16.50.253","remark":"没有RecordLog注解","uri":"/world/user/inset/mybatis","wholeSql":" insert into world_user(name, age) values('xsst', 15)"}
2022-01-19 18:10:40,003 INFO (ExecutorConfigurationSupport.java:208)- Shutting down ExecutorService 'applicationTaskExecutor'
2022-01-19 18:10:40,003 INFO (DruidDataSource.java:1965)- {dataSource-1} closing ...
2022-01-19 18:10:40,006 INFO (DruidDataSource.java:2037)- {dataSource-1} closed
