2022-06-06 14:44:37.084 [main] INFO  org.wanbang.test.TestEditing2ArraignmentMybatis:  Starting TestMybatis on DESKTOP-RIVUA3L with PID 18024 (started by 10619 in C:\AllJavaWorkSpace\IdeaWorkSpace\mjj-test-new-technology\demo-mybatis-plus2)
2022-06-06 14:44:37.217 [main] INFO  org.wanbang.test.TestEditing2ArraignmentMybatis:  No active profile set, falling back to default profiles: default
2022-06-06 14:44:38.773 [main] INFO  o.s.d.r.config.RepositoryConfigurationDelegate:  Multiple Spring Data modules found, entering strict repository configuration mode!
2022-06-06 14:44:38.779 [main] INFO  o.s.d.r.config.RepositoryConfigurationDelegate:  Bootstrapping Spring Data repositories in DEFAULT mode.
2022-06-06 14:44:38.935 [main] INFO  o.s.d.r.config.RepositoryConfigurationDelegate:  Finished Spring Data repository scanning in 125ms. Found 0 repository interfaces.
2022-06-06 14:44:39.685 [main] INFO  o.s.c.s.PostProcessorRegistrationDelegate$BeanPostProcessorChecker:  Bean 'org.springframework.transaction.annotation.ProxyTransactionManagementConfiguration' of type [org.springframework.transaction.annotation.ProxyTransactionManagementConfiguration$$EnhancerBySpringCGLIB$$23450050] is not eligible for getting processed by all BeanPostProcessors (for example: not eligible for auto-proxying)
2022-06-06 14:44:42.930 [main] INFO  o.s.scheduling.concurrent.ThreadPoolTaskExecutor:  Initializing ExecutorService 'applicationTaskExecutor'
2022-06-06 14:44:44.050 [main] INFO  com.alibaba.druid.pool.DruidDataSource:  {dataSource-1} inited
2022-06-06 14:44:44.513 [main] INFO  org.quartz.impl.StdSchedulerFactory:  Using default implementation for ThreadExecutor
2022-06-06 14:44:44.533 [main] INFO  org.quartz.core.SchedulerSignalerImpl:  Initialized Scheduler Signaller of type: class org.quartz.core.SchedulerSignalerImpl
2022-06-06 14:44:44.534 [main] INFO  org.quartz.core.QuartzScheduler:  Quartz Scheduler v.2.3.0 created.
2022-06-06 14:44:44.536 [main] INFO  org.quartz.simpl.RAMJobStore:  RAMJobStore initialized.
2022-06-06 14:44:44.537 [main] INFO  org.quartz.core.QuartzScheduler:  Scheduler meta-data: Quartz Scheduler (v2.3.0) 'quartzScheduler' with instanceId 'NON_CLUSTERED'
  Scheduler class: 'org.quartz.core.QuartzScheduler' - running locally.
  NOT STARTED.
  Currently in standby mode.
  Number of jobs executed: 0
  Using thread pool 'org.quartz.simpl.SimpleThreadPool' - with 10 threads.
  Using job-store 'org.quartz.simpl.RAMJobStore' - which does not support persistence. and is not clustered.

2022-06-06 14:44:44.537 [main] INFO  org.quartz.impl.StdSchedulerFactory:  Quartz scheduler 'quartzScheduler' initialized from an externally provided properties instance.
2022-06-06 14:44:44.537 [main] INFO  org.quartz.impl.StdSchedulerFactory:  Quartz scheduler version: 2.3.0
2022-06-06 14:44:44.537 [main] INFO  org.quartz.core.QuartzScheduler:  JobFactory set to: org.springframework.scheduling.quartz.SpringBeanJobFactory@1716c037
2022-06-06 14:44:44.700 [main] INFO  o.s.scheduling.quartz.SchedulerFactoryBean:  Starting Quartz Scheduler now
2022-06-06 14:44:44.701 [main] INFO  org.quartz.core.QuartzScheduler:  Scheduler quartzScheduler_$_NON_CLUSTERED started.
2022-06-06 14:44:44.719 [main] INFO  org.wanbang.test.TestEditing2ArraignmentMybatis:  Started TestMybatis in 8.872 seconds (JVM running for 10.953)
2022-06-06 14:44:45.138 [Thread-3] INFO  org.quartz.core.QuartzScheduler:  Scheduler quartzScheduler_$_NON_CLUSTERED paused.
2022-06-06 14:44:45.141 [Thread-3] INFO  o.s.scheduling.quartz.SchedulerFactoryBean:  Shutting down Quartz Scheduler
2022-06-06 14:44:45.142 [Thread-3] INFO  org.quartz.core.QuartzScheduler:  Scheduler quartzScheduler_$_NON_CLUSTERED shutting down.
2022-06-06 14:44:45.142 [Thread-3] INFO  org.quartz.core.QuartzScheduler:  Scheduler quartzScheduler_$_NON_CLUSTERED paused.
2022-06-06 14:44:45.143 [Thread-3] INFO  org.quartz.core.QuartzScheduler:  Scheduler quartzScheduler_$_NON_CLUSTERED shutdown complete.
2022-06-06 14:44:45.145 [Thread-3] INFO  o.s.scheduling.concurrent.ThreadPoolTaskExecutor:  Shutting down ExecutorService 'applicationTaskExecutor'
2022-06-06 14:44:45.149 [Thread-3] INFO  com.alibaba.druid.pool.DruidDataSource:  {dataSource-1} closing ...
2022-06-06 14:44:45.158 [Thread-3] INFO  com.alibaba.druid.pool.DruidDataSource:  {dataSource-1} closed
2022-06-06 14:45:40.988 [main] INFO  org.wanbang.test.TestEditing2ArraignmentMybatis:  Starting TestMybatis on DESKTOP-RIVUA3L with PID 15836 (started by 10619 in C:\AllJavaWorkSpace\IdeaWorkSpace\mjj-test-new-technology\demo-mybatis-plus2)
2022-06-06 14:45:41.022 [main] INFO  org.wanbang.test.TestEditing2ArraignmentMybatis:  No active profile set, falling back to default profiles: default
2022-06-06 14:45:42.092 [main] INFO  o.s.d.r.config.RepositoryConfigurationDelegate:  Multiple Spring Data modules found, entering strict repository configuration mode!
2022-06-06 14:45:42.097 [main] INFO  o.s.d.r.config.RepositoryConfigurationDelegate:  Bootstrapping Spring Data repositories in DEFAULT mode.
2022-06-06 14:45:42.236 [main] INFO  o.s.d.r.config.RepositoryConfigurationDelegate:  Finished Spring Data repository scanning in 114ms. Found 0 repository interfaces.
2022-06-06 14:45:43.009 [main] INFO  o.s.c.s.PostProcessorRegistrationDelegate$BeanPostProcessorChecker:  Bean 'org.springframework.transaction.annotation.ProxyTransactionManagementConfiguration' of type [org.springframework.transaction.annotation.ProxyTransactionManagementConfiguration$$EnhancerBySpringCGLIB$$45719f38] is not eligible for getting processed by all BeanPostProcessors (for example: not eligible for auto-proxying)
2022-06-06 14:45:46.274 [main] INFO  o.s.scheduling.concurrent.ThreadPoolTaskExecutor:  Initializing ExecutorService 'applicationTaskExecutor'
2022-06-06 14:45:47.328 [main] INFO  com.alibaba.druid.pool.DruidDataSource:  {dataSource-1} inited
2022-06-06 14:45:47.666 [main] INFO  org.quartz.impl.StdSchedulerFactory:  Using default implementation for ThreadExecutor
2022-06-06 14:45:47.694 [main] INFO  org.quartz.core.SchedulerSignalerImpl:  Initialized Scheduler Signaller of type: class org.quartz.core.SchedulerSignalerImpl
2022-06-06 14:45:47.694 [main] INFO  org.quartz.core.QuartzScheduler:  Quartz Scheduler v.2.3.0 created.
2022-06-06 14:45:47.696 [main] INFO  org.quartz.simpl.RAMJobStore:  RAMJobStore initialized.
2022-06-06 14:45:47.697 [main] INFO  org.quartz.core.QuartzScheduler:  Scheduler meta-data: Quartz Scheduler (v2.3.0) 'quartzScheduler' with instanceId 'NON_CLUSTERED'
  Scheduler class: 'org.quartz.core.QuartzScheduler' - running locally.
  NOT STARTED.
  Currently in standby mode.
  Number of jobs executed: 0
  Using thread pool 'org.quartz.simpl.SimpleThreadPool' - with 10 threads.
  Using job-store 'org.quartz.simpl.RAMJobStore' - which does not support persistence. and is not clustered.

2022-06-06 14:45:47.698 [main] INFO  org.quartz.impl.StdSchedulerFactory:  Quartz scheduler 'quartzScheduler' initialized from an externally provided properties instance.
2022-06-06 14:45:47.698 [main] INFO  org.quartz.impl.StdSchedulerFactory:  Quartz scheduler version: 2.3.0
2022-06-06 14:45:47.698 [main] INFO  org.quartz.core.QuartzScheduler:  JobFactory set to: org.springframework.scheduling.quartz.SpringBeanJobFactory@7c421952
2022-06-06 14:45:48.025 [main] INFO  o.s.scheduling.quartz.SchedulerFactoryBean:  Starting Quartz Scheduler now
2022-06-06 14:45:48.025 [main] INFO  org.quartz.core.QuartzScheduler:  Scheduler quartzScheduler_$_NON_CLUSTERED started.
2022-06-06 14:45:48.039 [main] INFO  org.wanbang.test.TestEditing2ArraignmentMybatis:  Started TestMybatis in 7.75 seconds (JVM running for 9.196)
2022-06-06 14:45:58.355 [Thread-3] INFO  org.quartz.core.QuartzScheduler:  Scheduler quartzScheduler_$_NON_CLUSTERED paused.
2022-06-06 14:45:58.358 [Thread-3] INFO  o.s.scheduling.quartz.SchedulerFactoryBean:  Shutting down Quartz Scheduler
2022-06-06 14:45:58.358 [Thread-3] INFO  org.quartz.core.QuartzScheduler:  Scheduler quartzScheduler_$_NON_CLUSTERED shutting down.
2022-06-06 14:45:58.358 [Thread-3] INFO  org.quartz.core.QuartzScheduler:  Scheduler quartzScheduler_$_NON_CLUSTERED paused.
2022-06-06 14:45:58.359 [Thread-3] INFO  org.quartz.core.QuartzScheduler:  Scheduler quartzScheduler_$_NON_CLUSTERED shutdown complete.
2022-06-06 14:45:58.361 [Thread-3] INFO  o.s.scheduling.concurrent.ThreadPoolTaskExecutor:  Shutting down ExecutorService 'applicationTaskExecutor'
2022-06-06 14:45:58.364 [Thread-3] INFO  com.alibaba.druid.pool.DruidDataSource:  {dataSource-1} closing ...
2022-06-06 14:45:58.371 [Thread-3] INFO  com.alibaba.druid.pool.DruidDataSource:  {dataSource-1} closed
2022-06-06 14:46:16.340 [main] INFO  org.wanbang.test.TestEditing2ArraignmentMybatis:  Starting TestMybatis on DESKTOP-RIVUA3L with PID 20672 (started by 10619 in C:\AllJavaWorkSpace\IdeaWorkSpace\mjj-test-new-technology\demo-mybatis-plus2)
2022-06-06 14:46:16.341 [main] INFO  org.wanbang.test.TestEditing2ArraignmentMybatis:  No active profile set, falling back to default profiles: default
2022-06-06 14:46:17.866 [main] INFO  o.s.d.r.config.RepositoryConfigurationDelegate:  Multiple Spring Data modules found, entering strict repository configuration mode!
2022-06-06 14:46:17.872 [main] INFO  o.s.d.r.config.RepositoryConfigurationDelegate:  Bootstrapping Spring Data repositories in DEFAULT mode.
2022-06-06 14:46:18.042 [main] INFO  o.s.d.r.config.RepositoryConfigurationDelegate:  Finished Spring Data repository scanning in 147ms. Found 0 repository interfaces.
2022-06-06 14:46:18.911 [main] INFO  o.s.c.s.PostProcessorRegistrationDelegate$BeanPostProcessorChecker:  Bean 'org.springframework.transaction.annotation.ProxyTransactionManagementConfiguration' of type [org.springframework.transaction.annotation.ProxyTransactionManagementConfiguration$$EnhancerBySpringCGLIB$$70b0f634] is not eligible for getting processed by all BeanPostProcessors (for example: not eligible for auto-proxying)
2022-06-06 14:46:22.176 [main] INFO  o.s.scheduling.concurrent.ThreadPoolTaskExecutor:  Initializing ExecutorService 'applicationTaskExecutor'
2022-06-06 14:46:23.283 [main] INFO  com.alibaba.druid.pool.DruidDataSource:  {dataSource-1} inited
2022-06-06 14:46:23.599 [main] INFO  org.quartz.impl.StdSchedulerFactory:  Using default implementation for ThreadExecutor
2022-06-06 14:46:23.621 [main] INFO  org.quartz.core.SchedulerSignalerImpl:  Initialized Scheduler Signaller of type: class org.quartz.core.SchedulerSignalerImpl
2022-06-06 14:46:23.622 [main] INFO  org.quartz.core.QuartzScheduler:  Quartz Scheduler v.2.3.0 created.
2022-06-06 14:46:23.623 [main] INFO  org.quartz.simpl.RAMJobStore:  RAMJobStore initialized.
2022-06-06 14:46:23.624 [main] INFO  org.quartz.core.QuartzScheduler:  Scheduler meta-data: Quartz Scheduler (v2.3.0) 'quartzScheduler' with instanceId 'NON_CLUSTERED'
  Scheduler class: 'org.quartz.core.QuartzScheduler' - running locally.
  NOT STARTED.
  Currently in standby mode.
  Number of jobs executed: 0
  Using thread pool 'org.quartz.simpl.SimpleThreadPool' - with 10 threads.
  Using job-store 'org.quartz.simpl.RAMJobStore' - which does not support persistence. and is not clustered.

2022-06-06 14:46:23.624 [main] INFO  org.quartz.impl.StdSchedulerFactory:  Quartz scheduler 'quartzScheduler' initialized from an externally provided properties instance.
2022-06-06 14:46:23.624 [main] INFO  org.quartz.impl.StdSchedulerFactory:  Quartz scheduler version: 2.3.0
2022-06-06 14:46:23.624 [main] INFO  org.quartz.core.QuartzScheduler:  JobFactory set to: org.springframework.scheduling.quartz.SpringBeanJobFactory@7848321e
2022-06-06 14:46:23.812 [main] INFO  o.s.scheduling.quartz.SchedulerFactoryBean:  Starting Quartz Scheduler now
2022-06-06 14:46:23.812 [main] INFO  org.quartz.core.QuartzScheduler:  Scheduler quartzScheduler_$_NON_CLUSTERED started.
2022-06-06 14:46:23.827 [main] INFO  org.wanbang.test.TestEditing2ArraignmentMybatis:  Started TestMybatis in 8.391 seconds (JVM running for 9.798)
2022-06-06 14:46:24.131 [Thread-3] INFO  org.quartz.core.QuartzScheduler:  Scheduler quartzScheduler_$_NON_CLUSTERED paused.
2022-06-06 14:46:24.135 [Thread-3] INFO  o.s.scheduling.quartz.SchedulerFactoryBean:  Shutting down Quartz Scheduler
2022-06-06 14:46:24.135 [Thread-3] INFO  org.quartz.core.QuartzScheduler:  Scheduler quartzScheduler_$_NON_CLUSTERED shutting down.
2022-06-06 14:46:24.136 [Thread-3] INFO  org.quartz.core.QuartzScheduler:  Scheduler quartzScheduler_$_NON_CLUSTERED paused.
2022-06-06 14:46:24.136 [Thread-3] INFO  org.quartz.core.QuartzScheduler:  Scheduler quartzScheduler_$_NON_CLUSTERED shutdown complete.
2022-06-06 14:46:24.138 [Thread-3] INFO  o.s.scheduling.concurrent.ThreadPoolTaskExecutor:  Shutting down ExecutorService 'applicationTaskExecutor'
2022-06-06 14:46:24.141 [Thread-3] INFO  com.alibaba.druid.pool.DruidDataSource:  {dataSource-1} closing ...
2022-06-06 14:46:24.147 [Thread-3] INFO  com.alibaba.druid.pool.DruidDataSource:  {dataSource-1} closed
2022-06-06 14:47:56.971 [main] INFO  org.wanbang.test.TestEditing2ArraignmentMybatis:  Starting TestMybatis on DESKTOP-RIVUA3L with PID 22588 (started by 10619 in C:\AllJavaWorkSpace\IdeaWorkSpace\mjj-test-new-technology\demo-mybatis-plus2)
2022-06-06 14:47:56.974 [main] INFO  org.wanbang.test.TestEditing2ArraignmentMybatis:  No active profile set, falling back to default profiles: default
2022-06-06 14:47:58.427 [main] INFO  o.s.d.r.config.RepositoryConfigurationDelegate:  Multiple Spring Data modules found, entering strict repository configuration mode!
2022-06-06 14:47:58.432 [main] INFO  o.s.d.r.config.RepositoryConfigurationDelegate:  Bootstrapping Spring Data repositories in DEFAULT mode.
2022-06-06 14:47:58.568 [main] INFO  o.s.d.r.config.RepositoryConfigurationDelegate:  Finished Spring Data repository scanning in 112ms. Found 0 repository interfaces.
2022-06-06 14:47:59.244 [main] INFO  o.s.c.s.PostProcessorRegistrationDelegate$BeanPostProcessorChecker:  Bean 'org.springframework.transaction.annotation.ProxyTransactionManagementConfiguration' of type [org.springframework.transaction.annotation.ProxyTransactionManagementConfiguration$$EnhancerBySpringCGLIB$$ca005f24] is not eligible for getting processed by all BeanPostProcessors (for example: not eligible for auto-proxying)
2022-06-06 14:48:02.424 [main] INFO  o.s.scheduling.concurrent.ThreadPoolTaskExecutor:  Initializing ExecutorService 'applicationTaskExecutor'
2022-06-06 14:48:03.474 [main] INFO  com.alibaba.druid.pool.DruidDataSource:  {dataSource-1} inited
2022-06-06 14:48:03.784 [main] INFO  org.quartz.impl.StdSchedulerFactory:  Using default implementation for ThreadExecutor
2022-06-06 14:48:03.805 [main] INFO  org.quartz.core.SchedulerSignalerImpl:  Initialized Scheduler Signaller of type: class org.quartz.core.SchedulerSignalerImpl
2022-06-06 14:48:03.805 [main] INFO  org.quartz.core.QuartzScheduler:  Quartz Scheduler v.2.3.0 created.
2022-06-06 14:48:03.807 [main] INFO  org.quartz.simpl.RAMJobStore:  RAMJobStore initialized.
2022-06-06 14:48:03.808 [main] INFO  org.quartz.core.QuartzScheduler:  Scheduler meta-data: Quartz Scheduler (v2.3.0) 'quartzScheduler' with instanceId 'NON_CLUSTERED'
  Scheduler class: 'org.quartz.core.QuartzScheduler' - running locally.
  NOT STARTED.
  Currently in standby mode.
  Number of jobs executed: 0
  Using thread pool 'org.quartz.simpl.SimpleThreadPool' - with 10 threads.
  Using job-store 'org.quartz.simpl.RAMJobStore' - which does not support persistence. and is not clustered.

2022-06-06 14:48:03.808 [main] INFO  org.quartz.impl.StdSchedulerFactory:  Quartz scheduler 'quartzScheduler' initialized from an externally provided properties instance.
2022-06-06 14:48:03.808 [main] INFO  org.quartz.impl.StdSchedulerFactory:  Quartz scheduler version: 2.3.0
2022-06-06 14:48:03.808 [main] INFO  org.quartz.core.QuartzScheduler:  JobFactory set to: org.springframework.scheduling.quartz.SpringBeanJobFactory@c6a692e
2022-06-06 14:48:03.976 [main] INFO  o.s.scheduling.quartz.SchedulerFactoryBean:  Starting Quartz Scheduler now
2022-06-06 14:48:03.976 [main] INFO  org.quartz.core.QuartzScheduler:  Scheduler quartzScheduler_$_NON_CLUSTERED started.
2022-06-06 14:48:03.994 [main] INFO  org.wanbang.test.TestEditing2ArraignmentMybatis:  Started TestMybatis in 8.081 seconds (JVM running for 11.388)
2022-06-06 14:48:42.680 [Thread-3] INFO  org.quartz.core.QuartzScheduler:  Scheduler quartzScheduler_$_NON_CLUSTERED paused.
2022-06-06 14:48:42.682 [Thread-3] INFO  o.s.scheduling.quartz.SchedulerFactoryBean:  Shutting down Quartz Scheduler
2022-06-06 14:48:42.682 [Thread-3] INFO  org.quartz.core.QuartzScheduler:  Scheduler quartzScheduler_$_NON_CLUSTERED shutting down.
2022-06-06 14:48:42.682 [Thread-3] INFO  org.quartz.core.QuartzScheduler:  Scheduler quartzScheduler_$_NON_CLUSTERED paused.
2022-06-06 14:48:42.682 [Thread-3] INFO  org.quartz.core.QuartzScheduler:  Scheduler quartzScheduler_$_NON_CLUSTERED shutdown complete.
2022-06-06 14:48:42.683 [Thread-3] INFO  o.s.scheduling.concurrent.ThreadPoolTaskExecutor:  Shutting down ExecutorService 'applicationTaskExecutor'
2022-06-06 14:48:42.684 [Thread-3] INFO  com.alibaba.druid.pool.DruidDataSource:  {dataSource-1} closing ...
2022-06-06 14:48:42.687 [Thread-3] INFO  com.alibaba.druid.pool.DruidDataSource:  {dataSource-1} closed
