2022-09-13 17:46:43.294 [main] INFO  org.wanbang.test1.TestPostConstruct:  Starting TestPostConstruct on DFSH2617 with PID 23452 (started by majiajian in D:\AllWorkSpace\IdeaWorkSpace\mjj-test-new-technology\demo-mybatis-plus2)
2022-09-13 17:46:43.321 [main] INFO  org.wanbang.test1.TestPostConstruct:  No active profile set, falling back to default profiles: default
2022-09-13 17:46:44.565 [main] INFO  o.s.d.r.config.RepositoryConfigurationDelegate:  Multiple Spring Data modules found, entering strict repository configuration mode!
2022-09-13 17:46:44.572 [main] INFO  o.s.d.r.config.RepositoryConfigurationDelegate:  Bootstrapping Spring Data repositories in DEFAULT mode.
2022-09-13 17:46:44.680 [main] INFO  o.s.d.r.config.RepositoryConfigurationDelegate:  Finished Spring Data repository scanning in 89ms. Found 0 repository interfaces.
2022-09-13 17:46:44.851 [main] DEBUG org.mybatis.spring.mapper.ClassPathMapperScanner:  Identified candidate component class: file [D:\AllWorkSpace\IdeaWorkSpace\mjj-test-new-technology\demo-mybatis-plus2\target\classes\org\wanbang\mapper\CityMapper.class]
2022-09-13 17:46:44.851 [main] DEBUG org.mybatis.spring.mapper.ClassPathMapperScanner:  Identified candidate component class: file [D:\AllWorkSpace\IdeaWorkSpace\mjj-test-new-technology\demo-mybatis-plus2\target\classes\org\wanbang\mapper\SysLogMapper.class]
2022-09-13 17:46:44.851 [main] DEBUG org.mybatis.spring.mapper.ClassPathMapperScanner:  Identified candidate component class: file [D:\AllWorkSpace\IdeaWorkSpace\mjj-test-new-technology\demo-mybatis-plus2\target\classes\org\wanbang\mapper\WorldUserMapper.class]
2022-09-13 17:46:44.852 [main] DEBUG org.mybatis.spring.mapper.ClassPathMapperScanner:  Creating MapperFactoryBean with name 'cityMapper' and 'org.wanbang.mapper.CityMapper' mapperInterface
2022-09-13 17:46:44.852 [main] DEBUG org.mybatis.spring.mapper.ClassPathMapperScanner:  Enabling autowire by type for MapperFactoryBean with name 'cityMapper'.
2022-09-13 17:46:44.853 [main] DEBUG org.mybatis.spring.mapper.ClassPathMapperScanner:  Creating MapperFactoryBean with name 'sysLogMapper' and 'org.wanbang.mapper.SysLogMapper' mapperInterface
2022-09-13 17:46:44.853 [main] DEBUG org.mybatis.spring.mapper.ClassPathMapperScanner:  Enabling autowire by type for MapperFactoryBean with name 'sysLogMapper'.
2022-09-13 17:46:44.853 [main] DEBUG org.mybatis.spring.mapper.ClassPathMapperScanner:  Creating MapperFactoryBean with name 'worldUserMapper' and 'org.wanbang.mapper.WorldUserMapper' mapperInterface
2022-09-13 17:46:44.853 [main] DEBUG org.mybatis.spring.mapper.ClassPathMapperScanner:  Enabling autowire by type for MapperFactoryBean with name 'worldUserMapper'.
2022-09-13 17:46:45.250 [main] INFO  o.s.c.s.PostProcessorRegistrationDelegate$BeanPostProcessorChecker:  Bean 'org.springframework.transaction.annotation.ProxyTransactionManagementConfiguration' of type [org.springframework.transaction.annotation.ProxyTransactionManagementConfiguration$$EnhancerBySpringCGLIB$$bcbe16e0] is not eligible for getting processed by all BeanPostProcessors (for example: not eligible for auto-proxying)
2022-09-13 17:46:47.761 [main] INFO  o.s.scheduling.concurrent.ThreadPoolTaskExecutor:  Initializing ExecutorService 'applicationTaskExecutor'
2022-09-13 17:46:48.667 [main] INFO  com.alibaba.druid.pool.DruidDataSource:  {dataSource-1} inited
2022-09-13 17:46:48.901 [main] INFO  org.quartz.impl.StdSchedulerFactory:  Using default implementation for ThreadExecutor
2022-09-13 17:46:48.922 [main] INFO  org.quartz.core.SchedulerSignalerImpl:  Initialized Scheduler Signaller of type: class org.quartz.core.SchedulerSignalerImpl
2022-09-13 17:46:48.922 [main] INFO  org.quartz.core.QuartzScheduler:  Quartz Scheduler v.2.3.0 created.
2022-09-13 17:46:48.923 [main] INFO  org.quartz.simpl.RAMJobStore:  RAMJobStore initialized.
2022-09-13 17:46:48.924 [main] INFO  org.quartz.core.QuartzScheduler:  Scheduler meta-data: Quartz Scheduler (v2.3.0) 'quartzScheduler' with instanceId 'NON_CLUSTERED'
  Scheduler class: 'org.quartz.core.QuartzScheduler' - running locally.
  NOT STARTED.
  Currently in standby mode.
  Number of jobs executed: 0
  Using thread pool 'org.quartz.simpl.SimpleThreadPool' - with 10 threads.
  Using job-store 'org.quartz.simpl.RAMJobStore' - which does not support persistence. and is not clustered.

2022-09-13 17:46:48.924 [main] INFO  org.quartz.impl.StdSchedulerFactory:  Quartz scheduler 'quartzScheduler' initialized from an externally provided properties instance.
2022-09-13 17:46:48.924 [main] INFO  org.quartz.impl.StdSchedulerFactory:  Quartz scheduler version: 2.3.0
2022-09-13 17:46:48.924 [main] INFO  org.quartz.core.QuartzScheduler:  JobFactory set to: org.springframework.scheduling.quartz.SpringBeanJobFactory@1de30c31
2022-09-13 17:46:49.044 [main] INFO  o.s.scheduling.quartz.SchedulerFactoryBean:  Starting Quartz Scheduler now
2022-09-13 17:46:49.044 [main] INFO  org.quartz.core.QuartzScheduler:  Scheduler quartzScheduler_$_NON_CLUSTERED started.
2022-09-13 17:46:49.053 [main] INFO  org.wanbang.test1.TestPostConstruct:  Started TestPostConstruct in 6.428 seconds (JVM running for 8.071)
2022-09-13 17:46:49.321 [Thread-3] INFO  org.quartz.core.QuartzScheduler:  Scheduler quartzScheduler_$_NON_CLUSTERED paused.
2022-09-13 17:46:49.322 [Thread-3] INFO  o.s.scheduling.quartz.SchedulerFactoryBean:  Shutting down Quartz Scheduler
2022-09-13 17:46:49.323 [Thread-3] INFO  org.quartz.core.QuartzScheduler:  Scheduler quartzScheduler_$_NON_CLUSTERED shutting down.
2022-09-13 17:46:49.323 [Thread-3] INFO  org.quartz.core.QuartzScheduler:  Scheduler quartzScheduler_$_NON_CLUSTERED paused.
2022-09-13 17:46:49.323 [Thread-3] INFO  org.quartz.core.QuartzScheduler:  Scheduler quartzScheduler_$_NON_CLUSTERED shutdown complete.
2022-09-13 17:46:49.324 [Thread-3] INFO  o.s.scheduling.concurrent.ThreadPoolTaskExecutor:  Shutting down ExecutorService 'applicationTaskExecutor'
2022-09-13 17:46:49.326 [Thread-3] INFO  com.alibaba.druid.pool.DruidDataSource:  {dataSource-1} closing ...
2022-09-13 17:46:49.331 [Thread-3] INFO  com.alibaba.druid.pool.DruidDataSource:  {dataSource-1} closed
