2023-10-27 11:56:06.727 [main] INFO  org.wanbang.testAutoWired.TestMjj:  Starting TestMjj on RD-500-789 with PID 21296 (started by daikin in D:\allWorkSpace\ideaWorkSpace\mjjOwner\mjj-test-new-technology\demo-mybatis-plus2)
2023-10-27 11:56:06.738 [main] INFO  org.wanbang.testAutoWired.TestMjj:  No active profile set, falling back to default profiles: default
2023-10-27 11:56:07.450 [main] INFO  o.s.d.r.config.RepositoryConfigurationDelegate:  Multiple Spring Data modules found, entering strict repository configuration mode!
2023-10-27 11:56:07.453 [main] INFO  o.s.d.r.config.RepositoryConfigurationDelegate:  Bootstrapping Spring Data repositories in DEFAULT mode.
2023-10-27 11:56:07.519 [main] INFO  o.s.d.r.config.RepositoryConfigurationDelegate:  Finished Spring Data repository scanning in 57ms. Found 0 repository interfaces.
2023-10-27 11:56:07.606 [main] DEBUG org.mybatis.spring.mapper.ClassPathMapperScanner:  Identified candidate component class: file [D:\allWorkSpace\ideaWorkSpace\mjjOwner\mjj-test-new-technology\demo-mybatis-plus2\target\classes\org\wanbang\mapper\CityMapper.class]
2023-10-27 11:56:07.607 [main] DEBUG org.mybatis.spring.mapper.ClassPathMapperScanner:  Identified candidate component class: file [D:\allWorkSpace\ideaWorkSpace\mjjOwner\mjj-test-new-technology\demo-mybatis-plus2\target\classes\org\wanbang\mapper\SysLogMapper.class]
2023-10-27 11:56:07.607 [main] DEBUG org.mybatis.spring.mapper.ClassPathMapperScanner:  Identified candidate component class: file [D:\allWorkSpace\ideaWorkSpace\mjjOwner\mjj-test-new-technology\demo-mybatis-plus2\target\classes\org\wanbang\mapper\WorldUserMapper.class]
2023-10-27 11:56:07.607 [main] DEBUG org.mybatis.spring.mapper.ClassPathMapperScanner:  Creating MapperFactoryBean with name 'cityMapper' and 'org.wanbang.mapper.CityMapper' mapperInterface
2023-10-27 11:56:07.607 [main] DEBUG org.mybatis.spring.mapper.ClassPathMapperScanner:  Enabling autowire by type for MapperFactoryBean with name 'cityMapper'.
2023-10-27 11:56:07.607 [main] DEBUG org.mybatis.spring.mapper.ClassPathMapperScanner:  Creating MapperFactoryBean with name 'sysLogMapper' and 'org.wanbang.mapper.SysLogMapper' mapperInterface
2023-10-27 11:56:07.607 [main] DEBUG org.mybatis.spring.mapper.ClassPathMapperScanner:  Enabling autowire by type for MapperFactoryBean with name 'sysLogMapper'.
2023-10-27 11:56:07.607 [main] DEBUG org.mybatis.spring.mapper.ClassPathMapperScanner:  Creating MapperFactoryBean with name 'worldUserMapper' and 'org.wanbang.mapper.WorldUserMapper' mapperInterface
2023-10-27 11:56:07.607 [main] DEBUG org.mybatis.spring.mapper.ClassPathMapperScanner:  Enabling autowire by type for MapperFactoryBean with name 'worldUserMapper'.
2023-10-27 11:56:07.891 [main] INFO  o.s.c.s.PostProcessorRegistrationDelegate$BeanPostProcessorChecker:  Bean 'org.springframework.transaction.annotation.ProxyTransactionManagementConfiguration' of type [org.springframework.transaction.annotation.ProxyTransactionManagementConfiguration$$EnhancerBySpringCGLIB$$1e62766c] is not eligible for getting processed by all BeanPostProcessors (for example: not eligible for auto-proxying)
2023-10-27 11:56:09.337 [main] INFO  o.s.scheduling.concurrent.ThreadPoolTaskExecutor:  Initializing ExecutorService 'applicationTaskExecutor'
2023-10-27 11:56:09.967 [main] INFO  com.alibaba.druid.pool.DruidDataSource:  {dataSource-1} inited
2023-10-27 11:56:10.376 [main] INFO  org.quartz.impl.StdSchedulerFactory:  Using default implementation for ThreadExecutor
2023-10-27 11:56:10.387 [main] INFO  org.quartz.core.SchedulerSignalerImpl:  Initialized Scheduler Signaller of type: class org.quartz.core.SchedulerSignalerImpl
2023-10-27 11:56:10.387 [main] INFO  org.quartz.core.QuartzScheduler:  Quartz Scheduler v.2.3.0 created.
2023-10-27 11:56:10.387 [main] INFO  org.quartz.simpl.RAMJobStore:  RAMJobStore initialized.
2023-10-27 11:56:10.388 [main] INFO  org.quartz.core.QuartzScheduler:  Scheduler meta-data: Quartz Scheduler (v2.3.0) 'quartzScheduler' with instanceId 'NON_CLUSTERED'
  Scheduler class: 'org.quartz.core.QuartzScheduler' - running locally.
  NOT STARTED.
  Currently in standby mode.
  Number of jobs executed: 0
  Using thread pool 'org.quartz.simpl.SimpleThreadPool' - with 10 threads.
  Using job-store 'org.quartz.simpl.RAMJobStore' - which does not support persistence. and is not clustered.

2023-10-27 11:56:10.388 [main] INFO  org.quartz.impl.StdSchedulerFactory:  Quartz scheduler 'quartzScheduler' initialized from an externally provided properties instance.
2023-10-27 11:56:10.388 [main] INFO  org.quartz.impl.StdSchedulerFactory:  Quartz scheduler version: 2.3.0
2023-10-27 11:56:10.388 [main] INFO  org.quartz.core.QuartzScheduler:  JobFactory set to: org.springframework.scheduling.quartz.SpringBeanJobFactory@2a50b32d
2023-10-27 11:56:10.497 [main] INFO  o.s.scheduling.quartz.SchedulerFactoryBean:  Starting Quartz Scheduler now
2023-10-27 11:56:10.497 [main] INFO  org.quartz.core.QuartzScheduler:  Scheduler quartzScheduler_$_NON_CLUSTERED started.
2023-10-27 11:56:10.506 [main] INFO  org.wanbang.testAutoWired.TestMjj:  Started TestMjj in 4.189 seconds (JVM running for 4.94)
2023-10-27 11:56:13.183 [Thread-3] INFO  org.quartz.core.QuartzScheduler:  Scheduler quartzScheduler_$_NON_CLUSTERED paused.
2023-10-27 11:56:13.185 [Thread-3] INFO  o.s.scheduling.quartz.SchedulerFactoryBean:  Shutting down Quartz Scheduler
2023-10-27 11:56:13.185 [Thread-3] INFO  org.quartz.core.QuartzScheduler:  Scheduler quartzScheduler_$_NON_CLUSTERED shutting down.
2023-10-27 11:56:13.185 [Thread-3] INFO  org.quartz.core.QuartzScheduler:  Scheduler quartzScheduler_$_NON_CLUSTERED paused.
2023-10-27 11:56:13.185 [Thread-3] INFO  org.quartz.core.QuartzScheduler:  Scheduler quartzScheduler_$_NON_CLUSTERED shutdown complete.
2023-10-27 11:56:13.185 [Thread-3] INFO  o.s.scheduling.concurrent.ThreadPoolTaskExecutor:  Shutting down ExecutorService 'applicationTaskExecutor'
2023-10-27 11:56:13.186 [Thread-3] INFO  com.alibaba.druid.pool.DruidDataSource:  {dataSource-1} closing ...
2023-10-27 11:56:13.192 [Thread-3] INFO  com.alibaba.druid.pool.DruidDataSource:  {dataSource-1} closed
2023-10-27 11:57:53.965 [main] INFO  org.wanbang.testAutoWired.TestMjj:  Starting TestMjj on RD-500-789 with PID 624 (started by daikin in D:\allWorkSpace\ideaWorkSpace\mjjOwner\mjj-test-new-technology\demo-mybatis-plus2)
2023-10-27 11:57:53.966 [main] INFO  org.wanbang.testAutoWired.TestMjj:  No active profile set, falling back to default profiles: default
2023-10-27 11:57:54.640 [main] INFO  o.s.d.r.config.RepositoryConfigurationDelegate:  Multiple Spring Data modules found, entering strict repository configuration mode!
2023-10-27 11:57:54.642 [main] INFO  o.s.d.r.config.RepositoryConfigurationDelegate:  Bootstrapping Spring Data repositories in DEFAULT mode.
2023-10-27 11:57:54.717 [main] INFO  o.s.d.r.config.RepositoryConfigurationDelegate:  Finished Spring Data repository scanning in 65ms. Found 0 repository interfaces.
2023-10-27 11:57:54.851 [main] DEBUG org.mybatis.spring.mapper.ClassPathMapperScanner:  Identified candidate component class: file [D:\allWorkSpace\ideaWorkSpace\mjjOwner\mjj-test-new-technology\demo-mybatis-plus2\target\classes\org\wanbang\mapper\CityMapper.class]
2023-10-27 11:57:54.851 [main] DEBUG org.mybatis.spring.mapper.ClassPathMapperScanner:  Identified candidate component class: file [D:\allWorkSpace\ideaWorkSpace\mjjOwner\mjj-test-new-technology\demo-mybatis-plus2\target\classes\org\wanbang\mapper\SysLogMapper.class]
2023-10-27 11:57:54.851 [main] DEBUG org.mybatis.spring.mapper.ClassPathMapperScanner:  Identified candidate component class: file [D:\allWorkSpace\ideaWorkSpace\mjjOwner\mjj-test-new-technology\demo-mybatis-plus2\target\classes\org\wanbang\mapper\WorldUserMapper.class]
2023-10-27 11:57:54.852 [main] DEBUG org.mybatis.spring.mapper.ClassPathMapperScanner:  Creating MapperFactoryBean with name 'cityMapper' and 'org.wanbang.mapper.CityMapper' mapperInterface
2023-10-27 11:57:54.852 [main] DEBUG org.mybatis.spring.mapper.ClassPathMapperScanner:  Enabling autowire by type for MapperFactoryBean with name 'cityMapper'.
2023-10-27 11:57:54.852 [main] DEBUG org.mybatis.spring.mapper.ClassPathMapperScanner:  Creating MapperFactoryBean with name 'sysLogMapper' and 'org.wanbang.mapper.SysLogMapper' mapperInterface
2023-10-27 11:57:54.852 [main] DEBUG org.mybatis.spring.mapper.ClassPathMapperScanner:  Enabling autowire by type for MapperFactoryBean with name 'sysLogMapper'.
2023-10-27 11:57:54.852 [main] DEBUG org.mybatis.spring.mapper.ClassPathMapperScanner:  Creating MapperFactoryBean with name 'worldUserMapper' and 'org.wanbang.mapper.WorldUserMapper' mapperInterface
2023-10-27 11:57:54.852 [main] DEBUG org.mybatis.spring.mapper.ClassPathMapperScanner:  Enabling autowire by type for MapperFactoryBean with name 'worldUserMapper'.
2023-10-27 11:57:55.167 [main] INFO  o.s.c.s.PostProcessorRegistrationDelegate$BeanPostProcessorChecker:  Bean 'org.springframework.transaction.annotation.ProxyTransactionManagementConfiguration' of type [org.springframework.transaction.annotation.ProxyTransactionManagementConfiguration$$EnhancerBySpringCGLIB$$bef134ca] is not eligible for getting processed by all BeanPostProcessors (for example: not eligible for auto-proxying)
2023-10-27 11:57:56.763 [main] INFO  o.s.scheduling.concurrent.ThreadPoolTaskExecutor:  Initializing ExecutorService 'applicationTaskExecutor'
2023-10-27 11:57:57.466 [main] INFO  com.alibaba.druid.pool.DruidDataSource:  {dataSource-1} inited
2023-10-27 11:57:57.871 [main] INFO  org.quartz.impl.StdSchedulerFactory:  Using default implementation for ThreadExecutor
2023-10-27 11:57:57.883 [main] INFO  org.quartz.core.SchedulerSignalerImpl:  Initialized Scheduler Signaller of type: class org.quartz.core.SchedulerSignalerImpl
2023-10-27 11:57:57.883 [main] INFO  org.quartz.core.QuartzScheduler:  Quartz Scheduler v.2.3.0 created.
2023-10-27 11:57:57.884 [main] INFO  org.quartz.simpl.RAMJobStore:  RAMJobStore initialized.
2023-10-27 11:57:57.885 [main] INFO  org.quartz.core.QuartzScheduler:  Scheduler meta-data: Quartz Scheduler (v2.3.0) 'quartzScheduler' with instanceId 'NON_CLUSTERED'
  Scheduler class: 'org.quartz.core.QuartzScheduler' - running locally.
  NOT STARTED.
  Currently in standby mode.
  Number of jobs executed: 0
  Using thread pool 'org.quartz.simpl.SimpleThreadPool' - with 10 threads.
  Using job-store 'org.quartz.simpl.RAMJobStore' - which does not support persistence. and is not clustered.

2023-10-27 11:57:57.885 [main] INFO  org.quartz.impl.StdSchedulerFactory:  Quartz scheduler 'quartzScheduler' initialized from an externally provided properties instance.
2023-10-27 11:57:57.885 [main] INFO  org.quartz.impl.StdSchedulerFactory:  Quartz scheduler version: 2.3.0
2023-10-27 11:57:57.885 [main] INFO  org.quartz.core.QuartzScheduler:  JobFactory set to: org.springframework.scheduling.quartz.SpringBeanJobFactory@4cc01c7f
2023-10-27 11:57:58.052 [main] INFO  o.s.scheduling.quartz.SchedulerFactoryBean:  Starting Quartz Scheduler now
2023-10-27 11:57:58.052 [main] INFO  org.quartz.core.QuartzScheduler:  Scheduler quartzScheduler_$_NON_CLUSTERED started.
2023-10-27 11:57:58.063 [main] INFO  org.wanbang.testAutoWired.TestMjj:  Started TestMjj in 4.527 seconds (JVM running for 5.344)
2023-10-27 11:57:59.717 [Thread-3] INFO  org.quartz.core.QuartzScheduler:  Scheduler quartzScheduler_$_NON_CLUSTERED paused.
2023-10-27 11:57:59.718 [Thread-3] INFO  o.s.scheduling.quartz.SchedulerFactoryBean:  Shutting down Quartz Scheduler
2023-10-27 11:57:59.718 [Thread-3] INFO  org.quartz.core.QuartzScheduler:  Scheduler quartzScheduler_$_NON_CLUSTERED shutting down.
2023-10-27 11:57:59.718 [Thread-3] INFO  org.quartz.core.QuartzScheduler:  Scheduler quartzScheduler_$_NON_CLUSTERED paused.
2023-10-27 11:57:59.718 [Thread-3] INFO  org.quartz.core.QuartzScheduler:  Scheduler quartzScheduler_$_NON_CLUSTERED shutdown complete.
2023-10-27 11:57:59.719 [Thread-3] INFO  o.s.scheduling.concurrent.ThreadPoolTaskExecutor:  Shutting down ExecutorService 'applicationTaskExecutor'
2023-10-27 11:57:59.720 [Thread-3] INFO  com.alibaba.druid.pool.DruidDataSource:  {dataSource-1} closing ...
2023-10-27 11:57:59.726 [Thread-3] INFO  com.alibaba.druid.pool.DruidDataSource:  {dataSource-1} closed
2023-10-27 12:00:07.704 [main] INFO  org.wanbang.testAutoWired.TestMjj:  Starting TestMjj on RD-500-789 with PID 24308 (started by daikin in D:\allWorkSpace\ideaWorkSpace\mjjOwner\mjj-test-new-technology\demo-mybatis-plus2)
2023-10-27 12:00:07.704 [main] INFO  org.wanbang.testAutoWired.TestMjj:  No active profile set, falling back to default profiles: default
2023-10-27 12:00:08.379 [main] INFO  o.s.d.r.config.RepositoryConfigurationDelegate:  Multiple Spring Data modules found, entering strict repository configuration mode!
2023-10-27 12:00:08.381 [main] INFO  o.s.d.r.config.RepositoryConfigurationDelegate:  Bootstrapping Spring Data repositories in DEFAULT mode.
2023-10-27 12:00:08.445 [main] INFO  o.s.d.r.config.RepositoryConfigurationDelegate:  Finished Spring Data repository scanning in 54ms. Found 0 repository interfaces.
2023-10-27 12:00:08.534 [main] DEBUG org.mybatis.spring.mapper.ClassPathMapperScanner:  Identified candidate component class: file [D:\allWorkSpace\ideaWorkSpace\mjjOwner\mjj-test-new-technology\demo-mybatis-plus2\target\classes\org\wanbang\mapper\CityMapper.class]
2023-10-27 12:00:08.534 [main] DEBUG org.mybatis.spring.mapper.ClassPathMapperScanner:  Identified candidate component class: file [D:\allWorkSpace\ideaWorkSpace\mjjOwner\mjj-test-new-technology\demo-mybatis-plus2\target\classes\org\wanbang\mapper\SysLogMapper.class]
2023-10-27 12:00:08.534 [main] DEBUG org.mybatis.spring.mapper.ClassPathMapperScanner:  Identified candidate component class: file [D:\allWorkSpace\ideaWorkSpace\mjjOwner\mjj-test-new-technology\demo-mybatis-plus2\target\classes\org\wanbang\mapper\WorldUserMapper.class]
2023-10-27 12:00:08.534 [main] DEBUG org.mybatis.spring.mapper.ClassPathMapperScanner:  Creating MapperFactoryBean with name 'cityMapper' and 'org.wanbang.mapper.CityMapper' mapperInterface
2023-10-27 12:00:08.535 [main] DEBUG org.mybatis.spring.mapper.ClassPathMapperScanner:  Enabling autowire by type for MapperFactoryBean with name 'cityMapper'.
2023-10-27 12:00:08.535 [main] DEBUG org.mybatis.spring.mapper.ClassPathMapperScanner:  Creating MapperFactoryBean with name 'sysLogMapper' and 'org.wanbang.mapper.SysLogMapper' mapperInterface
2023-10-27 12:00:08.535 [main] DEBUG org.mybatis.spring.mapper.ClassPathMapperScanner:  Enabling autowire by type for MapperFactoryBean with name 'sysLogMapper'.
2023-10-27 12:00:08.535 [main] DEBUG org.mybatis.spring.mapper.ClassPathMapperScanner:  Creating MapperFactoryBean with name 'worldUserMapper' and 'org.wanbang.mapper.WorldUserMapper' mapperInterface
2023-10-27 12:00:08.535 [main] DEBUG org.mybatis.spring.mapper.ClassPathMapperScanner:  Enabling autowire by type for MapperFactoryBean with name 'worldUserMapper'.
2023-10-27 12:00:08.830 [main] INFO  o.s.c.s.PostProcessorRegistrationDelegate$BeanPostProcessorChecker:  Bean 'org.springframework.transaction.annotation.ProxyTransactionManagementConfiguration' of type [org.springframework.transaction.annotation.ProxyTransactionManagementConfiguration$$EnhancerBySpringCGLIB$$bef134ca] is not eligible for getting processed by all BeanPostProcessors (for example: not eligible for auto-proxying)
2023-10-27 12:00:10.249 [main] INFO  o.s.scheduling.concurrent.ThreadPoolTaskExecutor:  Initializing ExecutorService 'applicationTaskExecutor'
2023-10-27 12:00:10.919 [main] INFO  com.alibaba.druid.pool.DruidDataSource:  {dataSource-1} inited
2023-10-27 12:00:11.322 [main] INFO  org.quartz.impl.StdSchedulerFactory:  Using default implementation for ThreadExecutor
2023-10-27 12:00:11.333 [main] INFO  org.quartz.core.SchedulerSignalerImpl:  Initialized Scheduler Signaller of type: class org.quartz.core.SchedulerSignalerImpl
2023-10-27 12:00:11.334 [main] INFO  org.quartz.core.QuartzScheduler:  Quartz Scheduler v.2.3.0 created.
2023-10-27 12:00:11.346 [main] INFO  org.quartz.simpl.RAMJobStore:  RAMJobStore initialized.
2023-10-27 12:00:11.347 [main] INFO  org.quartz.core.QuartzScheduler:  Scheduler meta-data: Quartz Scheduler (v2.3.0) 'quartzScheduler' with instanceId 'NON_CLUSTERED'
  Scheduler class: 'org.quartz.core.QuartzScheduler' - running locally.
  NOT STARTED.
  Currently in standby mode.
  Number of jobs executed: 0
  Using thread pool 'org.quartz.simpl.SimpleThreadPool' - with 10 threads.
  Using job-store 'org.quartz.simpl.RAMJobStore' - which does not support persistence. and is not clustered.

2023-10-27 12:00:11.347 [main] INFO  org.quartz.impl.StdSchedulerFactory:  Quartz scheduler 'quartzScheduler' initialized from an externally provided properties instance.
2023-10-27 12:00:11.347 [main] INFO  org.quartz.impl.StdSchedulerFactory:  Quartz scheduler version: 2.3.0
2023-10-27 12:00:11.347 [main] INFO  org.quartz.core.QuartzScheduler:  JobFactory set to: org.springframework.scheduling.quartz.SpringBeanJobFactory@2a50b32d
2023-10-27 12:00:11.449 [main] INFO  o.s.scheduling.quartz.SchedulerFactoryBean:  Starting Quartz Scheduler now
2023-10-27 12:00:11.449 [main] INFO  org.quartz.core.QuartzScheduler:  Scheduler quartzScheduler_$_NON_CLUSTERED started.
2023-10-27 12:00:11.457 [main] INFO  org.wanbang.testAutoWired.TestMjj:  Started TestMjj in 4.158 seconds (JVM running for 4.915)
2023-10-27 12:00:12.827 [Thread-3] INFO  org.quartz.core.QuartzScheduler:  Scheduler quartzScheduler_$_NON_CLUSTERED paused.
2023-10-27 12:00:12.828 [Thread-3] INFO  o.s.scheduling.quartz.SchedulerFactoryBean:  Shutting down Quartz Scheduler
2023-10-27 12:00:12.829 [Thread-3] INFO  org.quartz.core.QuartzScheduler:  Scheduler quartzScheduler_$_NON_CLUSTERED shutting down.
2023-10-27 12:00:12.829 [Thread-3] INFO  org.quartz.core.QuartzScheduler:  Scheduler quartzScheduler_$_NON_CLUSTERED paused.
2023-10-27 12:00:12.829 [Thread-3] INFO  org.quartz.core.QuartzScheduler:  Scheduler quartzScheduler_$_NON_CLUSTERED shutdown complete.
2023-10-27 12:00:12.830 [Thread-3] INFO  o.s.scheduling.concurrent.ThreadPoolTaskExecutor:  Shutting down ExecutorService 'applicationTaskExecutor'
2023-10-27 12:00:12.830 [Thread-3] INFO  com.alibaba.druid.pool.DruidDataSource:  {dataSource-1} closing ...
2023-10-27 12:00:12.837 [Thread-3] INFO  com.alibaba.druid.pool.DruidDataSource:  {dataSource-1} closed
2023-10-27 12:01:01.025 [main] INFO  org.wanbang.testAutoWired.TestMjj:  Starting TestMjj on RD-500-789 with PID 21268 (started by daikin in D:\allWorkSpace\ideaWorkSpace\mjjOwner\mjj-test-new-technology\demo-mybatis-plus2)
2023-10-27 12:01:01.026 [main] INFO  org.wanbang.testAutoWired.TestMjj:  No active profile set, falling back to default profiles: default
2023-10-27 12:01:01.685 [main] INFO  o.s.d.r.config.RepositoryConfigurationDelegate:  Multiple Spring Data modules found, entering strict repository configuration mode!
2023-10-27 12:01:01.687 [main] INFO  o.s.d.r.config.RepositoryConfigurationDelegate:  Bootstrapping Spring Data repositories in DEFAULT mode.
2023-10-27 12:01:01.754 [main] INFO  o.s.d.r.config.RepositoryConfigurationDelegate:  Finished Spring Data repository scanning in 58ms. Found 0 repository interfaces.
2023-10-27 12:01:01.845 [main] DEBUG org.mybatis.spring.mapper.ClassPathMapperScanner:  Identified candidate component class: file [D:\allWorkSpace\ideaWorkSpace\mjjOwner\mjj-test-new-technology\demo-mybatis-plus2\target\classes\org\wanbang\mapper\CityMapper.class]
2023-10-27 12:01:01.845 [main] DEBUG org.mybatis.spring.mapper.ClassPathMapperScanner:  Identified candidate component class: file [D:\allWorkSpace\ideaWorkSpace\mjjOwner\mjj-test-new-technology\demo-mybatis-plus2\target\classes\org\wanbang\mapper\SysLogMapper.class]
2023-10-27 12:01:01.845 [main] DEBUG org.mybatis.spring.mapper.ClassPathMapperScanner:  Identified candidate component class: file [D:\allWorkSpace\ideaWorkSpace\mjjOwner\mjj-test-new-technology\demo-mybatis-plus2\target\classes\org\wanbang\mapper\WorldUserMapper.class]
2023-10-27 12:01:01.845 [main] DEBUG org.mybatis.spring.mapper.ClassPathMapperScanner:  Creating MapperFactoryBean with name 'cityMapper' and 'org.wanbang.mapper.CityMapper' mapperInterface
2023-10-27 12:01:01.846 [main] DEBUG org.mybatis.spring.mapper.ClassPathMapperScanner:  Enabling autowire by type for MapperFactoryBean with name 'cityMapper'.
2023-10-27 12:01:01.846 [main] DEBUG org.mybatis.spring.mapper.ClassPathMapperScanner:  Creating MapperFactoryBean with name 'sysLogMapper' and 'org.wanbang.mapper.SysLogMapper' mapperInterface
2023-10-27 12:01:01.846 [main] DEBUG org.mybatis.spring.mapper.ClassPathMapperScanner:  Enabling autowire by type for MapperFactoryBean with name 'sysLogMapper'.
2023-10-27 12:01:01.846 [main] DEBUG org.mybatis.spring.mapper.ClassPathMapperScanner:  Creating MapperFactoryBean with name 'worldUserMapper' and 'org.wanbang.mapper.WorldUserMapper' mapperInterface
2023-10-27 12:01:01.846 [main] DEBUG org.mybatis.spring.mapper.ClassPathMapperScanner:  Enabling autowire by type for MapperFactoryBean with name 'worldUserMapper'.
2023-10-27 12:01:02.136 [main] INFO  o.s.c.s.PostProcessorRegistrationDelegate$BeanPostProcessorChecker:  Bean 'org.springframework.transaction.annotation.ProxyTransactionManagementConfiguration' of type [org.springframework.transaction.annotation.ProxyTransactionManagementConfiguration$$EnhancerBySpringCGLIB$$2eb64568] is not eligible for getting processed by all BeanPostProcessors (for example: not eligible for auto-proxying)
2023-10-27 12:01:03.615 [main] INFO  o.s.scheduling.concurrent.ThreadPoolTaskExecutor:  Initializing ExecutorService 'applicationTaskExecutor'
2023-10-27 12:01:04.279 [main] INFO  com.alibaba.druid.pool.DruidDataSource:  {dataSource-1} inited
2023-10-27 12:01:04.684 [main] INFO  org.quartz.impl.StdSchedulerFactory:  Using default implementation for ThreadExecutor
2023-10-27 12:01:04.700 [main] INFO  org.quartz.core.SchedulerSignalerImpl:  Initialized Scheduler Signaller of type: class org.quartz.core.SchedulerSignalerImpl
2023-10-27 12:01:04.700 [main] INFO  org.quartz.core.QuartzScheduler:  Quartz Scheduler v.2.3.0 created.
2023-10-27 12:01:04.701 [main] INFO  org.quartz.simpl.RAMJobStore:  RAMJobStore initialized.
2023-10-27 12:01:04.702 [main] INFO  org.quartz.core.QuartzScheduler:  Scheduler meta-data: Quartz Scheduler (v2.3.0) 'quartzScheduler' with instanceId 'NON_CLUSTERED'
  Scheduler class: 'org.quartz.core.QuartzScheduler' - running locally.
  NOT STARTED.
  Currently in standby mode.
  Number of jobs executed: 0
  Using thread pool 'org.quartz.simpl.SimpleThreadPool' - with 10 threads.
  Using job-store 'org.quartz.simpl.RAMJobStore' - which does not support persistence. and is not clustered.

2023-10-27 12:01:04.702 [main] INFO  org.quartz.impl.StdSchedulerFactory:  Quartz scheduler 'quartzScheduler' initialized from an externally provided properties instance.
2023-10-27 12:01:04.702 [main] INFO  org.quartz.impl.StdSchedulerFactory:  Quartz scheduler version: 2.3.0
2023-10-27 12:01:04.702 [main] INFO  org.quartz.core.QuartzScheduler:  JobFactory set to: org.springframework.scheduling.quartz.SpringBeanJobFactory@5bde57ab
2023-10-27 12:01:04.824 [main] INFO  o.s.scheduling.quartz.SchedulerFactoryBean:  Starting Quartz Scheduler now
2023-10-27 12:01:04.824 [main] INFO  org.quartz.core.QuartzScheduler:  Scheduler quartzScheduler_$_NON_CLUSTERED started.
2023-10-27 12:01:04.833 [main] INFO  org.wanbang.testAutoWired.TestMjj:  Started TestMjj in 4.188 seconds (JVM running for 4.958)
2023-10-27 12:01:06.315 [Thread-3] INFO  org.quartz.core.QuartzScheduler:  Scheduler quartzScheduler_$_NON_CLUSTERED paused.
2023-10-27 12:01:06.316 [Thread-3] INFO  o.s.scheduling.quartz.SchedulerFactoryBean:  Shutting down Quartz Scheduler
2023-10-27 12:01:06.316 [Thread-3] INFO  org.quartz.core.QuartzScheduler:  Scheduler quartzScheduler_$_NON_CLUSTERED shutting down.
2023-10-27 12:01:06.316 [Thread-3] INFO  org.quartz.core.QuartzScheduler:  Scheduler quartzScheduler_$_NON_CLUSTERED paused.
2023-10-27 12:01:06.317 [Thread-3] INFO  org.quartz.core.QuartzScheduler:  Scheduler quartzScheduler_$_NON_CLUSTERED shutdown complete.
2023-10-27 12:01:06.317 [Thread-3] INFO  o.s.scheduling.concurrent.ThreadPoolTaskExecutor:  Shutting down ExecutorService 'applicationTaskExecutor'
2023-10-27 12:01:06.318 [Thread-3] INFO  com.alibaba.druid.pool.DruidDataSource:  {dataSource-1} closing ...
2023-10-27 12:01:06.325 [Thread-3] INFO  com.alibaba.druid.pool.DruidDataSource:  {dataSource-1} closed
2023-10-27 12:01:46.224 [main] INFO  org.wanbang.testAutoWired.TestMjj:  Starting TestMjj on RD-500-789 with PID 23440 (started by daikin in D:\allWorkSpace\ideaWorkSpace\mjjOwner\mjj-test-new-technology\demo-mybatis-plus2)
2023-10-27 12:01:46.225 [main] INFO  org.wanbang.testAutoWired.TestMjj:  No active profile set, falling back to default profiles: default
2023-10-27 12:01:46.885 [main] INFO  o.s.d.r.config.RepositoryConfigurationDelegate:  Multiple Spring Data modules found, entering strict repository configuration mode!
2023-10-27 12:01:46.887 [main] INFO  o.s.d.r.config.RepositoryConfigurationDelegate:  Bootstrapping Spring Data repositories in DEFAULT mode.
2023-10-27 12:01:46.948 [main] INFO  o.s.d.r.config.RepositoryConfigurationDelegate:  Finished Spring Data repository scanning in 50ms. Found 0 repository interfaces.
2023-10-27 12:01:47.042 [main] DEBUG org.mybatis.spring.mapper.ClassPathMapperScanner:  Identified candidate component class: file [D:\allWorkSpace\ideaWorkSpace\mjjOwner\mjj-test-new-technology\demo-mybatis-plus2\target\classes\org\wanbang\mapper\CityMapper.class]
2023-10-27 12:01:47.042 [main] DEBUG org.mybatis.spring.mapper.ClassPathMapperScanner:  Identified candidate component class: file [D:\allWorkSpace\ideaWorkSpace\mjjOwner\mjj-test-new-technology\demo-mybatis-plus2\target\classes\org\wanbang\mapper\SysLogMapper.class]
2023-10-27 12:01:47.042 [main] DEBUG org.mybatis.spring.mapper.ClassPathMapperScanner:  Identified candidate component class: file [D:\allWorkSpace\ideaWorkSpace\mjjOwner\mjj-test-new-technology\demo-mybatis-plus2\target\classes\org\wanbang\mapper\WorldUserMapper.class]
2023-10-27 12:01:47.042 [main] DEBUG org.mybatis.spring.mapper.ClassPathMapperScanner:  Creating MapperFactoryBean with name 'cityMapper' and 'org.wanbang.mapper.CityMapper' mapperInterface
2023-10-27 12:01:47.043 [main] DEBUG org.mybatis.spring.mapper.ClassPathMapperScanner:  Enabling autowire by type for MapperFactoryBean with name 'cityMapper'.
2023-10-27 12:01:47.043 [main] DEBUG org.mybatis.spring.mapper.ClassPathMapperScanner:  Creating MapperFactoryBean with name 'sysLogMapper' and 'org.wanbang.mapper.SysLogMapper' mapperInterface
2023-10-27 12:01:47.043 [main] DEBUG org.mybatis.spring.mapper.ClassPathMapperScanner:  Enabling autowire by type for MapperFactoryBean with name 'sysLogMapper'.
2023-10-27 12:01:47.043 [main] DEBUG org.mybatis.spring.mapper.ClassPathMapperScanner:  Creating MapperFactoryBean with name 'worldUserMapper' and 'org.wanbang.mapper.WorldUserMapper' mapperInterface
2023-10-27 12:01:47.043 [main] DEBUG org.mybatis.spring.mapper.ClassPathMapperScanner:  Enabling autowire by type for MapperFactoryBean with name 'worldUserMapper'.
2023-10-27 12:01:47.339 [main] INFO  o.s.c.s.PostProcessorRegistrationDelegate$BeanPostProcessorChecker:  Bean 'org.springframework.transaction.annotation.ProxyTransactionManagementConfiguration' of type [org.springframework.transaction.annotation.ProxyTransactionManagementConfiguration$$EnhancerBySpringCGLIB$$28c0f191] is not eligible for getting processed by all BeanPostProcessors (for example: not eligible for auto-proxying)
2023-10-27 12:01:48.762 [main] INFO  o.s.scheduling.concurrent.ThreadPoolTaskExecutor:  Initializing ExecutorService 'applicationTaskExecutor'
2023-10-27 12:01:49.430 [main] INFO  com.alibaba.druid.pool.DruidDataSource:  {dataSource-1} inited
2023-10-27 12:01:49.811 [main] INFO  org.quartz.impl.StdSchedulerFactory:  Using default implementation for ThreadExecutor
2023-10-27 12:01:49.822 [main] INFO  org.quartz.core.SchedulerSignalerImpl:  Initialized Scheduler Signaller of type: class org.quartz.core.SchedulerSignalerImpl
2023-10-27 12:01:49.822 [main] INFO  org.quartz.core.QuartzScheduler:  Quartz Scheduler v.2.3.0 created.
2023-10-27 12:01:49.823 [main] INFO  org.quartz.simpl.RAMJobStore:  RAMJobStore initialized.
2023-10-27 12:01:49.824 [main] INFO  org.quartz.core.QuartzScheduler:  Scheduler meta-data: Quartz Scheduler (v2.3.0) 'quartzScheduler' with instanceId 'NON_CLUSTERED'
  Scheduler class: 'org.quartz.core.QuartzScheduler' - running locally.
  NOT STARTED.
  Currently in standby mode.
  Number of jobs executed: 0
  Using thread pool 'org.quartz.simpl.SimpleThreadPool' - with 10 threads.
  Using job-store 'org.quartz.simpl.RAMJobStore' - which does not support persistence. and is not clustered.

2023-10-27 12:01:49.824 [main] INFO  org.quartz.impl.StdSchedulerFactory:  Quartz scheduler 'quartzScheduler' initialized from an externally provided properties instance.
2023-10-27 12:01:49.824 [main] INFO  org.quartz.impl.StdSchedulerFactory:  Quartz scheduler version: 2.3.0
2023-10-27 12:01:49.824 [main] INFO  org.quartz.core.QuartzScheduler:  JobFactory set to: org.springframework.scheduling.quartz.SpringBeanJobFactory@53aa2fc9
2023-10-27 12:01:49.939 [main] INFO  o.s.scheduling.quartz.SchedulerFactoryBean:  Starting Quartz Scheduler now
2023-10-27 12:01:49.939 [main] INFO  org.quartz.core.QuartzScheduler:  Scheduler quartzScheduler_$_NON_CLUSTERED started.
2023-10-27 12:01:49.948 [main] INFO  org.wanbang.testAutoWired.TestMjj:  Started TestMjj in 4.106 seconds (JVM running for 4.854)
2023-10-27 12:01:51.254 [Thread-3] INFO  org.quartz.core.QuartzScheduler:  Scheduler quartzScheduler_$_NON_CLUSTERED paused.
2023-10-27 12:01:51.256 [Thread-3] INFO  o.s.scheduling.quartz.SchedulerFactoryBean:  Shutting down Quartz Scheduler
2023-10-27 12:01:51.256 [Thread-3] INFO  org.quartz.core.QuartzScheduler:  Scheduler quartzScheduler_$_NON_CLUSTERED shutting down.
2023-10-27 12:01:51.256 [Thread-3] INFO  org.quartz.core.QuartzScheduler:  Scheduler quartzScheduler_$_NON_CLUSTERED paused.
2023-10-27 12:01:51.256 [Thread-3] INFO  org.quartz.core.QuartzScheduler:  Scheduler quartzScheduler_$_NON_CLUSTERED shutdown complete.
2023-10-27 12:01:51.257 [Thread-3] INFO  o.s.scheduling.concurrent.ThreadPoolTaskExecutor:  Shutting down ExecutorService 'applicationTaskExecutor'
2023-10-27 12:01:51.258 [Thread-3] INFO  com.alibaba.druid.pool.DruidDataSource:  {dataSource-1} closing ...
2023-10-27 12:01:51.264 [Thread-3] INFO  com.alibaba.druid.pool.DruidDataSource:  {dataSource-1} closed
2023-10-27 12:02:21.693 [main] INFO  org.wanbang.testAutoWired.TestMjj:  Starting TestMjj on RD-500-789 with PID 24184 (started by daikin in D:\allWorkSpace\ideaWorkSpace\mjjOwner\mjj-test-new-technology\demo-mybatis-plus2)
2023-10-27 12:02:21.694 [main] INFO  org.wanbang.testAutoWired.TestMjj:  No active profile set, falling back to default profiles: default
2023-10-27 12:02:22.356 [main] INFO  o.s.d.r.config.RepositoryConfigurationDelegate:  Multiple Spring Data modules found, entering strict repository configuration mode!
2023-10-27 12:02:22.359 [main] INFO  o.s.d.r.config.RepositoryConfigurationDelegate:  Bootstrapping Spring Data repositories in DEFAULT mode.
2023-10-27 12:02:22.422 [main] INFO  o.s.d.r.config.RepositoryConfigurationDelegate:  Finished Spring Data repository scanning in 54ms. Found 0 repository interfaces.
2023-10-27 12:02:22.513 [main] DEBUG org.mybatis.spring.mapper.ClassPathMapperScanner:  Identified candidate component class: file [D:\allWorkSpace\ideaWorkSpace\mjjOwner\mjj-test-new-technology\demo-mybatis-plus2\target\classes\org\wanbang\mapper\CityMapper.class]
2023-10-27 12:02:22.513 [main] DEBUG org.mybatis.spring.mapper.ClassPathMapperScanner:  Identified candidate component class: file [D:\allWorkSpace\ideaWorkSpace\mjjOwner\mjj-test-new-technology\demo-mybatis-plus2\target\classes\org\wanbang\mapper\SysLogMapper.class]
2023-10-27 12:02:22.513 [main] DEBUG org.mybatis.spring.mapper.ClassPathMapperScanner:  Identified candidate component class: file [D:\allWorkSpace\ideaWorkSpace\mjjOwner\mjj-test-new-technology\demo-mybatis-plus2\target\classes\org\wanbang\mapper\WorldUserMapper.class]
2023-10-27 12:02:22.514 [main] DEBUG org.mybatis.spring.mapper.ClassPathMapperScanner:  Creating MapperFactoryBean with name 'cityMapper' and 'org.wanbang.mapper.CityMapper' mapperInterface
2023-10-27 12:02:22.514 [main] DEBUG org.mybatis.spring.mapper.ClassPathMapperScanner:  Enabling autowire by type for MapperFactoryBean with name 'cityMapper'.
2023-10-27 12:02:22.514 [main] DEBUG org.mybatis.spring.mapper.ClassPathMapperScanner:  Creating MapperFactoryBean with name 'sysLogMapper' and 'org.wanbang.mapper.SysLogMapper' mapperInterface
2023-10-27 12:02:22.514 [main] DEBUG org.mybatis.spring.mapper.ClassPathMapperScanner:  Enabling autowire by type for MapperFactoryBean with name 'sysLogMapper'.
2023-10-27 12:02:22.514 [main] DEBUG org.mybatis.spring.mapper.ClassPathMapperScanner:  Creating MapperFactoryBean with name 'worldUserMapper' and 'org.wanbang.mapper.WorldUserMapper' mapperInterface
2023-10-27 12:02:22.514 [main] DEBUG org.mybatis.spring.mapper.ClassPathMapperScanner:  Enabling autowire by type for MapperFactoryBean with name 'worldUserMapper'.
2023-10-27 12:02:22.805 [main] INFO  o.s.c.s.PostProcessorRegistrationDelegate$BeanPostProcessorChecker:  Bean 'org.springframework.transaction.annotation.ProxyTransactionManagementConfiguration' of type [org.springframework.transaction.annotation.ProxyTransactionManagementConfiguration$$EnhancerBySpringCGLIB$$2eb64568] is not eligible for getting processed by all BeanPostProcessors (for example: not eligible for auto-proxying)
2023-10-27 12:02:24.244 [main] INFO  o.s.scheduling.concurrent.ThreadPoolTaskExecutor:  Initializing ExecutorService 'applicationTaskExecutor'
2023-10-27 12:02:24.873 [main] INFO  com.alibaba.druid.pool.DruidDataSource:  {dataSource-1} inited
2023-10-27 12:02:25.302 [main] INFO  org.quartz.impl.StdSchedulerFactory:  Using default implementation for ThreadExecutor
2023-10-27 12:02:25.315 [main] INFO  org.quartz.core.SchedulerSignalerImpl:  Initialized Scheduler Signaller of type: class org.quartz.core.SchedulerSignalerImpl
2023-10-27 12:02:25.315 [main] INFO  org.quartz.core.QuartzScheduler:  Quartz Scheduler v.2.3.0 created.
2023-10-27 12:02:25.316 [main] INFO  org.quartz.simpl.RAMJobStore:  RAMJobStore initialized.
2023-10-27 12:02:25.317 [main] INFO  org.quartz.core.QuartzScheduler:  Scheduler meta-data: Quartz Scheduler (v2.3.0) 'quartzScheduler' with instanceId 'NON_CLUSTERED'
  Scheduler class: 'org.quartz.core.QuartzScheduler' - running locally.
  NOT STARTED.
  Currently in standby mode.
  Number of jobs executed: 0
  Using thread pool 'org.quartz.simpl.SimpleThreadPool' - with 10 threads.
  Using job-store 'org.quartz.simpl.RAMJobStore' - which does not support persistence. and is not clustered.

2023-10-27 12:02:25.317 [main] INFO  org.quartz.impl.StdSchedulerFactory:  Quartz scheduler 'quartzScheduler' initialized from an externally provided properties instance.
2023-10-27 12:02:25.317 [main] INFO  org.quartz.impl.StdSchedulerFactory:  Quartz scheduler version: 2.3.0
2023-10-27 12:02:25.317 [main] INFO  org.quartz.core.QuartzScheduler:  JobFactory set to: org.springframework.scheduling.quartz.SpringBeanJobFactory@23ca36d
2023-10-27 12:02:25.415 [main] INFO  o.s.scheduling.quartz.SchedulerFactoryBean:  Starting Quartz Scheduler now
2023-10-27 12:02:25.416 [main] INFO  org.quartz.core.QuartzScheduler:  Scheduler quartzScheduler_$_NON_CLUSTERED started.
2023-10-27 12:02:25.426 [main] INFO  org.wanbang.testAutoWired.TestMjj:  Started TestMjj in 4.108 seconds (JVM running for 4.858)
2023-10-27 12:02:26.800 [Thread-3] INFO  org.quartz.core.QuartzScheduler:  Scheduler quartzScheduler_$_NON_CLUSTERED paused.
2023-10-27 12:02:26.801 [Thread-3] INFO  o.s.scheduling.quartz.SchedulerFactoryBean:  Shutting down Quartz Scheduler
2023-10-27 12:02:26.801 [Thread-3] INFO  org.quartz.core.QuartzScheduler:  Scheduler quartzScheduler_$_NON_CLUSTERED shutting down.
2023-10-27 12:02:26.801 [Thread-3] INFO  org.quartz.core.QuartzScheduler:  Scheduler quartzScheduler_$_NON_CLUSTERED paused.
2023-10-27 12:02:26.801 [Thread-3] INFO  org.quartz.core.QuartzScheduler:  Scheduler quartzScheduler_$_NON_CLUSTERED shutdown complete.
2023-10-27 12:02:26.802 [Thread-3] INFO  o.s.scheduling.concurrent.ThreadPoolTaskExecutor:  Shutting down ExecutorService 'applicationTaskExecutor'
2023-10-27 12:02:26.803 [Thread-3] INFO  com.alibaba.druid.pool.DruidDataSource:  {dataSource-1} closing ...
2023-10-27 12:02:26.808 [Thread-3] INFO  com.alibaba.druid.pool.DruidDataSource:  {dataSource-1} closed
2023-10-27 17:07:49.209 [main] INFO  org.wanbang.testAutoWired.TestMjj:  Starting TestMjj on RD-500-789 with PID 14580 (started by daikin in D:\allWorkSpace\ideaWorkSpace\mjjOwner\mjj-test-new-technology\demo-mybatis-plus2)
2023-10-27 17:07:49.210 [main] INFO  org.wanbang.testAutoWired.TestMjj:  No active profile set, falling back to default profiles: default
2023-10-27 17:07:49.930 [main] INFO  o.s.d.r.config.RepositoryConfigurationDelegate:  Multiple Spring Data modules found, entering strict repository configuration mode!
2023-10-27 17:07:49.935 [main] INFO  o.s.d.r.config.RepositoryConfigurationDelegate:  Bootstrapping Spring Data repositories in DEFAULT mode.
2023-10-27 17:07:50.020 [main] INFO  o.s.d.r.config.RepositoryConfigurationDelegate:  Finished Spring Data repository scanning in 68ms. Found 0 repository interfaces.
2023-10-27 17:07:50.150 [main] DEBUG org.mybatis.spring.mapper.ClassPathMapperScanner:  Identified candidate component class: file [D:\allWorkSpace\ideaWorkSpace\mjjOwner\mjj-test-new-technology\demo-mybatis-plus2\target\classes\org\wanbang\mapper\CityMapper.class]
2023-10-27 17:07:50.150 [main] DEBUG org.mybatis.spring.mapper.ClassPathMapperScanner:  Identified candidate component class: file [D:\allWorkSpace\ideaWorkSpace\mjjOwner\mjj-test-new-technology\demo-mybatis-plus2\target\classes\org\wanbang\mapper\SysLogMapper.class]
2023-10-27 17:07:50.151 [main] DEBUG org.mybatis.spring.mapper.ClassPathMapperScanner:  Identified candidate component class: file [D:\allWorkSpace\ideaWorkSpace\mjjOwner\mjj-test-new-technology\demo-mybatis-plus2\target\classes\org\wanbang\mapper\WorldUserMapper.class]
2023-10-27 17:07:50.151 [main] DEBUG org.mybatis.spring.mapper.ClassPathMapperScanner:  Creating MapperFactoryBean with name 'cityMapper' and 'org.wanbang.mapper.CityMapper' mapperInterface
2023-10-27 17:07:50.151 [main] DEBUG org.mybatis.spring.mapper.ClassPathMapperScanner:  Enabling autowire by type for MapperFactoryBean with name 'cityMapper'.
2023-10-27 17:07:50.151 [main] DEBUG org.mybatis.spring.mapper.ClassPathMapperScanner:  Creating MapperFactoryBean with name 'sysLogMapper' and 'org.wanbang.mapper.SysLogMapper' mapperInterface
2023-10-27 17:07:50.151 [main] DEBUG org.mybatis.spring.mapper.ClassPathMapperScanner:  Enabling autowire by type for MapperFactoryBean with name 'sysLogMapper'.
2023-10-27 17:07:50.151 [main] DEBUG org.mybatis.spring.mapper.ClassPathMapperScanner:  Creating MapperFactoryBean with name 'worldUserMapper' and 'org.wanbang.mapper.WorldUserMapper' mapperInterface
2023-10-27 17:07:50.151 [main] DEBUG org.mybatis.spring.mapper.ClassPathMapperScanner:  Enabling autowire by type for MapperFactoryBean with name 'worldUserMapper'.
2023-10-27 17:07:50.490 [main] INFO  o.s.c.s.PostProcessorRegistrationDelegate$BeanPostProcessorChecker:  Bean 'org.springframework.transaction.annotation.ProxyTransactionManagementConfiguration' of type [org.springframework.transaction.annotation.ProxyTransactionManagementConfiguration$$EnhancerBySpringCGLIB$$bef134ca] is not eligible for getting processed by all BeanPostProcessors (for example: not eligible for auto-proxying)
2023-10-27 17:07:52.085 [main] INFO  o.s.scheduling.concurrent.ThreadPoolTaskExecutor:  Initializing ExecutorService 'applicationTaskExecutor'
2023-10-27 17:07:52.778 [main] INFO  com.alibaba.druid.pool.DruidDataSource:  {dataSource-1} inited
2023-10-27 17:07:53.193 [main] INFO  org.quartz.impl.StdSchedulerFactory:  Using default implementation for ThreadExecutor
2023-10-27 17:07:53.224 [main] INFO  org.quartz.core.SchedulerSignalerImpl:  Initialized Scheduler Signaller of type: class org.quartz.core.SchedulerSignalerImpl
2023-10-27 17:07:53.224 [main] INFO  org.quartz.core.QuartzScheduler:  Quartz Scheduler v.2.3.0 created.
2023-10-27 17:07:53.226 [main] INFO  org.quartz.simpl.RAMJobStore:  RAMJobStore initialized.
2023-10-27 17:07:53.227 [main] INFO  org.quartz.core.QuartzScheduler:  Scheduler meta-data: Quartz Scheduler (v2.3.0) 'quartzScheduler' with instanceId 'NON_CLUSTERED'
  Scheduler class: 'org.quartz.core.QuartzScheduler' - running locally.
  NOT STARTED.
  Currently in standby mode.
  Number of jobs executed: 0
  Using thread pool 'org.quartz.simpl.SimpleThreadPool' - with 10 threads.
  Using job-store 'org.quartz.simpl.RAMJobStore' - which does not support persistence. and is not clustered.

2023-10-27 17:07:53.227 [main] INFO  org.quartz.impl.StdSchedulerFactory:  Quartz scheduler 'quartzScheduler' initialized from an externally provided properties instance.
2023-10-27 17:07:53.227 [main] INFO  org.quartz.impl.StdSchedulerFactory:  Quartz scheduler version: 2.3.0
2023-10-27 17:07:53.227 [main] INFO  org.quartz.core.QuartzScheduler:  JobFactory set to: org.springframework.scheduling.quartz.SpringBeanJobFactory@36c7cbe1
2023-10-27 17:07:53.333 [main] INFO  o.s.scheduling.quartz.SchedulerFactoryBean:  Starting Quartz Scheduler now
2023-10-27 17:07:53.334 [main] INFO  org.quartz.core.QuartzScheduler:  Scheduler quartzScheduler_$_NON_CLUSTERED started.
2023-10-27 17:07:53.342 [main] INFO  org.wanbang.testAutoWired.TestMjj:  Started TestMjj in 4.528 seconds (JVM running for 5.396)
2023-10-27 17:07:54.775 [Thread-3] INFO  org.quartz.core.QuartzScheduler:  Scheduler quartzScheduler_$_NON_CLUSTERED paused.
2023-10-27 17:07:54.776 [Thread-3] INFO  o.s.scheduling.quartz.SchedulerFactoryBean:  Shutting down Quartz Scheduler
2023-10-27 17:07:54.776 [Thread-3] INFO  org.quartz.core.QuartzScheduler:  Scheduler quartzScheduler_$_NON_CLUSTERED shutting down.
2023-10-27 17:07:54.776 [Thread-3] INFO  org.quartz.core.QuartzScheduler:  Scheduler quartzScheduler_$_NON_CLUSTERED paused.
2023-10-27 17:07:54.777 [Thread-3] INFO  org.quartz.core.QuartzScheduler:  Scheduler quartzScheduler_$_NON_CLUSTERED shutdown complete.
2023-10-27 17:07:54.777 [Thread-3] INFO  o.s.scheduling.concurrent.ThreadPoolTaskExecutor:  Shutting down ExecutorService 'applicationTaskExecutor'
2023-10-27 17:07:54.778 [Thread-3] INFO  com.alibaba.druid.pool.DruidDataSource:  {dataSource-1} closing ...
2023-10-27 17:07:54.784 [Thread-3] INFO  com.alibaba.druid.pool.DruidDataSource:  {dataSource-1} closed
2023-10-27 17:32:29.746 [main] INFO  org.wanbang.testAutoWired.TestMjj:  Starting TestMjj on RD-500-789 with PID 25528 (started by daikin in D:\allWorkSpace\ideaWorkSpace\mjjOwner\mjj-test-new-technology\demo-mybatis-plus2)
2023-10-27 17:32:29.747 [main] INFO  org.wanbang.testAutoWired.TestMjj:  No active profile set, falling back to default profiles: default
2023-10-27 17:32:30.433 [main] INFO  o.s.d.r.config.RepositoryConfigurationDelegate:  Multiple Spring Data modules found, entering strict repository configuration mode!
2023-10-27 17:32:30.435 [main] INFO  o.s.d.r.config.RepositoryConfigurationDelegate:  Bootstrapping Spring Data repositories in DEFAULT mode.
2023-10-27 17:32:30.500 [main] INFO  o.s.d.r.config.RepositoryConfigurationDelegate:  Finished Spring Data repository scanning in 56ms. Found 0 repository interfaces.
2023-10-27 17:32:30.586 [main] DEBUG org.mybatis.spring.mapper.ClassPathMapperScanner:  Identified candidate component class: file [D:\allWorkSpace\ideaWorkSpace\mjjOwner\mjj-test-new-technology\demo-mybatis-plus2\target\classes\org\wanbang\mapper\CityMapper.class]
2023-10-27 17:32:30.586 [main] DEBUG org.mybatis.spring.mapper.ClassPathMapperScanner:  Identified candidate component class: file [D:\allWorkSpace\ideaWorkSpace\mjjOwner\mjj-test-new-technology\demo-mybatis-plus2\target\classes\org\wanbang\mapper\SysLogMapper.class]
2023-10-27 17:32:30.587 [main] DEBUG org.mybatis.spring.mapper.ClassPathMapperScanner:  Identified candidate component class: file [D:\allWorkSpace\ideaWorkSpace\mjjOwner\mjj-test-new-technology\demo-mybatis-plus2\target\classes\org\wanbang\mapper\WorldUserMapper.class]
2023-10-27 17:32:30.587 [main] DEBUG org.mybatis.spring.mapper.ClassPathMapperScanner:  Creating MapperFactoryBean with name 'cityMapper' and 'org.wanbang.mapper.CityMapper' mapperInterface
2023-10-27 17:32:30.587 [main] DEBUG org.mybatis.spring.mapper.ClassPathMapperScanner:  Enabling autowire by type for MapperFactoryBean with name 'cityMapper'.
2023-10-27 17:32:30.587 [main] DEBUG org.mybatis.spring.mapper.ClassPathMapperScanner:  Creating MapperFactoryBean with name 'sysLogMapper' and 'org.wanbang.mapper.SysLogMapper' mapperInterface
2023-10-27 17:32:30.587 [main] DEBUG org.mybatis.spring.mapper.ClassPathMapperScanner:  Enabling autowire by type for MapperFactoryBean with name 'sysLogMapper'.
2023-10-27 17:32:30.587 [main] DEBUG org.mybatis.spring.mapper.ClassPathMapperScanner:  Creating MapperFactoryBean with name 'worldUserMapper' and 'org.wanbang.mapper.WorldUserMapper' mapperInterface
2023-10-27 17:32:30.587 [main] DEBUG org.mybatis.spring.mapper.ClassPathMapperScanner:  Enabling autowire by type for MapperFactoryBean with name 'worldUserMapper'.
2023-10-27 17:32:30.870 [main] INFO  o.s.c.s.PostProcessorRegistrationDelegate$BeanPostProcessorChecker:  Bean 'org.springframework.transaction.annotation.ProxyTransactionManagementConfiguration' of type [org.springframework.transaction.annotation.ProxyTransactionManagementConfiguration$$EnhancerBySpringCGLIB$$bef134ca] is not eligible for getting processed by all BeanPostProcessors (for example: not eligible for auto-proxying)
2023-10-27 17:32:32.305 [main] INFO  o.s.scheduling.concurrent.ThreadPoolTaskExecutor:  Initializing ExecutorService 'applicationTaskExecutor'
2023-10-27 17:32:32.975 [main] INFO  com.alibaba.druid.pool.DruidDataSource:  {dataSource-1} inited
2023-10-27 17:32:33.385 [main] INFO  org.quartz.impl.StdSchedulerFactory:  Using default implementation for ThreadExecutor
2023-10-27 17:32:33.396 [main] INFO  org.quartz.core.SchedulerSignalerImpl:  Initialized Scheduler Signaller of type: class org.quartz.core.SchedulerSignalerImpl
2023-10-27 17:32:33.396 [main] INFO  org.quartz.core.QuartzScheduler:  Quartz Scheduler v.2.3.0 created.
2023-10-27 17:32:33.397 [main] INFO  org.quartz.simpl.RAMJobStore:  RAMJobStore initialized.
2023-10-27 17:32:33.398 [main] INFO  org.quartz.core.QuartzScheduler:  Scheduler meta-data: Quartz Scheduler (v2.3.0) 'quartzScheduler' with instanceId 'NON_CLUSTERED'
  Scheduler class: 'org.quartz.core.QuartzScheduler' - running locally.
  NOT STARTED.
  Currently in standby mode.
  Number of jobs executed: 0
  Using thread pool 'org.quartz.simpl.SimpleThreadPool' - with 10 threads.
  Using job-store 'org.quartz.simpl.RAMJobStore' - which does not support persistence. and is not clustered.

2023-10-27 17:32:33.398 [main] INFO  org.quartz.impl.StdSchedulerFactory:  Quartz scheduler 'quartzScheduler' initialized from an externally provided properties instance.
2023-10-27 17:32:33.398 [main] INFO  org.quartz.impl.StdSchedulerFactory:  Quartz scheduler version: 2.3.0
2023-10-27 17:32:33.398 [main] INFO  org.quartz.core.QuartzScheduler:  JobFactory set to: org.springframework.scheduling.quartz.SpringBeanJobFactory@1ac6dd3d
2023-10-27 17:32:33.512 [main] INFO  o.s.scheduling.quartz.SchedulerFactoryBean:  Starting Quartz Scheduler now
2023-10-27 17:32:33.512 [main] INFO  org.quartz.core.QuartzScheduler:  Scheduler quartzScheduler_$_NON_CLUSTERED started.
2023-10-27 17:32:33.520 [main] INFO  org.wanbang.testAutoWired.TestMjj:  Started TestMjj in 4.177 seconds (JVM running for 4.916)
2023-10-27 17:32:34.907 [Thread-3] INFO  org.quartz.core.QuartzScheduler:  Scheduler quartzScheduler_$_NON_CLUSTERED paused.
2023-10-27 17:32:34.908 [Thread-3] INFO  o.s.scheduling.quartz.SchedulerFactoryBean:  Shutting down Quartz Scheduler
2023-10-27 17:32:34.908 [Thread-3] INFO  org.quartz.core.QuartzScheduler:  Scheduler quartzScheduler_$_NON_CLUSTERED shutting down.
2023-10-27 17:32:34.908 [Thread-3] INFO  org.quartz.core.QuartzScheduler:  Scheduler quartzScheduler_$_NON_CLUSTERED paused.
2023-10-27 17:32:34.908 [Thread-3] INFO  org.quartz.core.QuartzScheduler:  Scheduler quartzScheduler_$_NON_CLUSTERED shutdown complete.
2023-10-27 17:32:34.909 [Thread-3] INFO  o.s.scheduling.concurrent.ThreadPoolTaskExecutor:  Shutting down ExecutorService 'applicationTaskExecutor'
2023-10-27 17:32:34.910 [Thread-3] INFO  com.alibaba.druid.pool.DruidDataSource:  {dataSource-1} closing ...
2023-10-27 17:32:34.915 [Thread-3] INFO  com.alibaba.druid.pool.DruidDataSource:  {dataSource-1} closed
2023-10-27 17:34:03.410 [main] INFO  org.wanbang.testAutoWired.TestMjj:  Starting TestMjj on RD-500-789 with PID 2400 (started by daikin in D:\allWorkSpace\ideaWorkSpace\mjjOwner\mjj-test-new-technology\demo-mybatis-plus2)
2023-10-27 17:34:03.411 [main] INFO  org.wanbang.testAutoWired.TestMjj:  No active profile set, falling back to default profiles: default
2023-10-27 17:34:04.111 [main] INFO  o.s.d.r.config.RepositoryConfigurationDelegate:  Multiple Spring Data modules found, entering strict repository configuration mode!
2023-10-27 17:34:04.113 [main] INFO  o.s.d.r.config.RepositoryConfigurationDelegate:  Bootstrapping Spring Data repositories in DEFAULT mode.
2023-10-27 17:34:04.178 [main] INFO  o.s.d.r.config.RepositoryConfigurationDelegate:  Finished Spring Data repository scanning in 54ms. Found 0 repository interfaces.
2023-10-27 17:34:04.274 [main] DEBUG org.mybatis.spring.mapper.ClassPathMapperScanner:  Identified candidate component class: file [D:\allWorkSpace\ideaWorkSpace\mjjOwner\mjj-test-new-technology\demo-mybatis-plus2\target\classes\org\wanbang\mapper\CityMapper.class]
2023-10-27 17:34:04.274 [main] DEBUG org.mybatis.spring.mapper.ClassPathMapperScanner:  Identified candidate component class: file [D:\allWorkSpace\ideaWorkSpace\mjjOwner\mjj-test-new-technology\demo-mybatis-plus2\target\classes\org\wanbang\mapper\SysLogMapper.class]
2023-10-27 17:34:04.274 [main] DEBUG org.mybatis.spring.mapper.ClassPathMapperScanner:  Identified candidate component class: file [D:\allWorkSpace\ideaWorkSpace\mjjOwner\mjj-test-new-technology\demo-mybatis-plus2\target\classes\org\wanbang\mapper\WorldUserMapper.class]
2023-10-27 17:34:04.274 [main] DEBUG org.mybatis.spring.mapper.ClassPathMapperScanner:  Creating MapperFactoryBean with name 'cityMapper' and 'org.wanbang.mapper.CityMapper' mapperInterface
2023-10-27 17:34:04.275 [main] DEBUG org.mybatis.spring.mapper.ClassPathMapperScanner:  Enabling autowire by type for MapperFactoryBean with name 'cityMapper'.
2023-10-27 17:34:04.275 [main] DEBUG org.mybatis.spring.mapper.ClassPathMapperScanner:  Creating MapperFactoryBean with name 'sysLogMapper' and 'org.wanbang.mapper.SysLogMapper' mapperInterface
2023-10-27 17:34:04.275 [main] DEBUG org.mybatis.spring.mapper.ClassPathMapperScanner:  Enabling autowire by type for MapperFactoryBean with name 'sysLogMapper'.
2023-10-27 17:34:04.275 [main] DEBUG org.mybatis.spring.mapper.ClassPathMapperScanner:  Creating MapperFactoryBean with name 'worldUserMapper' and 'org.wanbang.mapper.WorldUserMapper' mapperInterface
2023-10-27 17:34:04.275 [main] DEBUG org.mybatis.spring.mapper.ClassPathMapperScanner:  Enabling autowire by type for MapperFactoryBean with name 'worldUserMapper'.
2023-10-27 17:34:04.538 [main] INFO  o.s.c.s.PostProcessorRegistrationDelegate$BeanPostProcessorChecker:  Bean 'org.springframework.transaction.annotation.ProxyTransactionManagementConfiguration' of type [org.springframework.transaction.annotation.ProxyTransactionManagementConfiguration$$EnhancerBySpringCGLIB$$2eb64568] is not eligible for getting processed by all BeanPostProcessors (for example: not eligible for auto-proxying)
2023-10-27 17:34:06.121 [main] INFO  o.s.scheduling.concurrent.ThreadPoolTaskExecutor:  Initializing ExecutorService 'applicationTaskExecutor'
2023-10-27 17:34:06.780 [main] INFO  com.alibaba.druid.pool.DruidDataSource:  {dataSource-1} inited
2023-10-27 17:34:07.175 [main] INFO  org.quartz.impl.StdSchedulerFactory:  Using default implementation for ThreadExecutor
2023-10-27 17:34:07.185 [main] INFO  org.quartz.core.SchedulerSignalerImpl:  Initialized Scheduler Signaller of type: class org.quartz.core.SchedulerSignalerImpl
2023-10-27 17:34:07.185 [main] INFO  org.quartz.core.QuartzScheduler:  Quartz Scheduler v.2.3.0 created.
2023-10-27 17:34:07.186 [main] INFO  org.quartz.simpl.RAMJobStore:  RAMJobStore initialized.
2023-10-27 17:34:07.187 [main] INFO  org.quartz.core.QuartzScheduler:  Scheduler meta-data: Quartz Scheduler (v2.3.0) 'quartzScheduler' with instanceId 'NON_CLUSTERED'
  Scheduler class: 'org.quartz.core.QuartzScheduler' - running locally.
  NOT STARTED.
  Currently in standby mode.
  Number of jobs executed: 0
  Using thread pool 'org.quartz.simpl.SimpleThreadPool' - with 10 threads.
  Using job-store 'org.quartz.simpl.RAMJobStore' - which does not support persistence. and is not clustered.

2023-10-27 17:34:07.187 [main] INFO  org.quartz.impl.StdSchedulerFactory:  Quartz scheduler 'quartzScheduler' initialized from an externally provided properties instance.
2023-10-27 17:34:07.187 [main] INFO  org.quartz.impl.StdSchedulerFactory:  Quartz scheduler version: 2.3.0
2023-10-27 17:34:07.187 [main] INFO  org.quartz.core.QuartzScheduler:  JobFactory set to: org.springframework.scheduling.quartz.SpringBeanJobFactory@5bde57ab
2023-10-27 17:34:07.282 [main] INFO  o.s.scheduling.quartz.SchedulerFactoryBean:  Starting Quartz Scheduler now
2023-10-27 17:34:07.282 [main] INFO  org.quartz.core.QuartzScheduler:  Scheduler quartzScheduler_$_NON_CLUSTERED started.
2023-10-27 17:34:07.291 [main] INFO  org.wanbang.testAutoWired.TestMjj:  Started TestMjj in 4.28 seconds (JVM running for 5.023)
2023-10-27 17:34:08.653 [Thread-3] INFO  org.quartz.core.QuartzScheduler:  Scheduler quartzScheduler_$_NON_CLUSTERED paused.
2023-10-27 17:34:08.655 [Thread-3] INFO  o.s.scheduling.quartz.SchedulerFactoryBean:  Shutting down Quartz Scheduler
2023-10-27 17:34:08.655 [Thread-3] INFO  org.quartz.core.QuartzScheduler:  Scheduler quartzScheduler_$_NON_CLUSTERED shutting down.
2023-10-27 17:34:08.655 [Thread-3] INFO  org.quartz.core.QuartzScheduler:  Scheduler quartzScheduler_$_NON_CLUSTERED paused.
2023-10-27 17:34:08.655 [Thread-3] INFO  org.quartz.core.QuartzScheduler:  Scheduler quartzScheduler_$_NON_CLUSTERED shutdown complete.
2023-10-27 17:34:08.656 [Thread-3] INFO  o.s.scheduling.concurrent.ThreadPoolTaskExecutor:  Shutting down ExecutorService 'applicationTaskExecutor'
2023-10-27 17:34:08.658 [Thread-3] INFO  com.alibaba.druid.pool.DruidDataSource:  {dataSource-1} closing ...
2023-10-27 17:34:08.664 [Thread-3] INFO  com.alibaba.druid.pool.DruidDataSource:  {dataSource-1} closed
