2022-02-23 16:21:15.655 [main] INFO  org.wanbang.test.TestHashMapZjEditing2ArraignmentMybatis:  Starting TestMybatis on LAPTOP-QCULS2RT with PID 34836 (started by chasesunshine in D:\AllWorkSpace\ideaWorkSpace\mjj-test-new-technology\demo-mybatis-plus2)
2022-02-23 16:21:15.657 [main] INFO  org.wanbang.test.TestHashMapZjEditing2ArraignmentMybatis:  No active profile set, falling back to default profiles: default
2022-02-23 16:21:16.716 [main] INFO  o.s.d.r.config.RepositoryConfigurationDelegate:  Multiple Spring Data modules found, entering strict repository configuration mode!
2022-02-23 16:21:16.718 [main] INFO  o.s.d.r.config.RepositoryConfigurationDelegate:  Bootstrapping Spring Data repositories in DEFAULT mode.
2022-02-23 16:21:16.776 [main] INFO  o.s.d.r.config.RepositoryConfigurationDelegate:  Finished Spring Data repository scanning in 44ms. Found 0 repository interfaces.
2022-02-23 16:21:17.188 [main] INFO  o.s.c.s.PostProcessorRegistrationDelegate$BeanPostProcessorChecker:  Bean 'org.springframework.transaction.annotation.ProxyTransactionManagementConfiguration' of type [org.springframework.transaction.annotation.ProxyTransactionManagementConfiguration$$EnhancerBySpringCGLIB$$4dea40e7] is not eligible for getting processed by all BeanPostProcessors (for example: not eligible for auto-proxying)
2022-02-23 16:21:18.977 [main] INFO  o.s.scheduling.concurrent.ThreadPoolTaskExecutor:  Initializing ExecutorService 'applicationTaskExecutor'
2022-02-23 16:21:19.495 [main] INFO  com.alibaba.druid.pool.DruidDataSource:  {dataSource-1} inited
2022-02-23 16:21:19.654 [main] INFO  org.quartz.impl.StdSchedulerFactory:  Using default implementation for ThreadExecutor
2022-02-23 16:21:19.666 [main] INFO  org.quartz.core.SchedulerSignalerImpl:  Initialized Scheduler Signaller of type: class org.quartz.core.SchedulerSignalerImpl
2022-02-23 16:21:19.667 [main] INFO  org.quartz.core.QuartzScheduler:  Quartz Scheduler v.2.3.0 created.
2022-02-23 16:21:19.667 [main] INFO  org.quartz.simpl.RAMJobStore:  RAMJobStore initialized.
2022-02-23 16:21:19.668 [main] INFO  org.quartz.core.QuartzScheduler:  Scheduler meta-data: Quartz Scheduler (v2.3.0) 'quartzScheduler' with instanceId 'NON_CLUSTERED'
  Scheduler class: 'org.quartz.core.QuartzScheduler' - running locally.
  NOT STARTED.
  Currently in standby mode.
  Number of jobs executed: 0
  Using thread pool 'org.quartz.simpl.SimpleThreadPool' - with 10 threads.
  Using job-store 'org.quartz.simpl.RAMJobStore' - which does not support persistence. and is not clustered.

2022-02-23 16:21:19.668 [main] INFO  org.quartz.impl.StdSchedulerFactory:  Quartz scheduler 'quartzScheduler' initialized from an externally provided properties instance.
2022-02-23 16:21:19.668 [main] INFO  org.quartz.impl.StdSchedulerFactory:  Quartz scheduler version: 2.3.0
2022-02-23 16:21:19.668 [main] INFO  org.quartz.core.QuartzScheduler:  JobFactory set to: org.springframework.scheduling.quartz.SpringBeanJobFactory@5d94a2dc
2022-02-23 16:21:19.755 [main] INFO  o.s.scheduling.quartz.SchedulerFactoryBean:  Starting Quartz Scheduler now
2022-02-23 16:21:19.755 [main] INFO  org.quartz.core.QuartzScheduler:  Scheduler quartzScheduler_$_NON_CLUSTERED started.
2022-02-23 16:21:19.765 [main] INFO  org.wanbang.test.TestHashMapZjEditing2ArraignmentMybatis:  Started TestMybatis in 4.768 seconds (JVM running for 5.768)
2022-02-23 16:21:19.928 [Thread-3] INFO  org.quartz.core.QuartzScheduler:  Scheduler quartzScheduler_$_NON_CLUSTERED paused.
2022-02-23 16:21:19.930 [Thread-3] INFO  o.s.scheduling.quartz.SchedulerFactoryBean:  Shutting down Quartz Scheduler
2022-02-23 16:21:19.930 [Thread-3] INFO  org.quartz.core.QuartzScheduler:  Scheduler quartzScheduler_$_NON_CLUSTERED shutting down.
2022-02-23 16:21:19.930 [Thread-3] INFO  org.quartz.core.QuartzScheduler:  Scheduler quartzScheduler_$_NON_CLUSTERED paused.
2022-02-23 16:21:19.931 [Thread-3] INFO  org.quartz.core.QuartzScheduler:  Scheduler quartzScheduler_$_NON_CLUSTERED shutdown complete.
2022-02-23 16:21:19.932 [Thread-3] INFO  o.s.scheduling.concurrent.ThreadPoolTaskExecutor:  Shutting down ExecutorService 'applicationTaskExecutor'
2022-02-23 16:21:19.933 [Thread-3] INFO  com.alibaba.druid.pool.DruidDataSource:  {dataSource-1} closing ...
2022-02-23 16:21:19.936 [Thread-3] INFO  com.alibaba.druid.pool.DruidDataSource:  {dataSource-1} closed
2022-02-23 16:24:45.524 [main] INFO  org.wanbang.test.TestHashMapZjEditing2ArraignmentMybatis:  Starting TestMybatis on LAPTOP-QCULS2RT with PID 33720 (started by chasesunshine in D:\AllWorkSpace\ideaWorkSpace\mjj-test-new-technology\demo-mybatis-plus2)
2022-02-23 16:24:45.527 [main] INFO  org.wanbang.test.TestHashMapZjEditing2ArraignmentMybatis:  No active profile set, falling back to default profiles: default
2022-02-23 16:24:46.570 [main] INFO  o.s.d.r.config.RepositoryConfigurationDelegate:  Multiple Spring Data modules found, entering strict repository configuration mode!
2022-02-23 16:24:46.573 [main] INFO  o.s.d.r.config.RepositoryConfigurationDelegate:  Bootstrapping Spring Data repositories in DEFAULT mode.
2022-02-23 16:24:46.616 [main] INFO  o.s.d.r.config.RepositoryConfigurationDelegate:  Finished Spring Data repository scanning in 33ms. Found 0 repository interfaces.
2022-02-23 16:24:47.009 [main] INFO  o.s.c.s.PostProcessorRegistrationDelegate$BeanPostProcessorChecker:  Bean 'org.springframework.transaction.annotation.ProxyTransactionManagementConfiguration' of type [org.springframework.transaction.annotation.ProxyTransactionManagementConfiguration$$EnhancerBySpringCGLIB$$29deba87] is not eligible for getting processed by all BeanPostProcessors (for example: not eligible for auto-proxying)
2022-02-23 16:24:48.774 [main] INFO  o.s.scheduling.concurrent.ThreadPoolTaskExecutor:  Initializing ExecutorService 'applicationTaskExecutor'
2022-02-23 16:24:49.262 [main] INFO  com.alibaba.druid.pool.DruidDataSource:  {dataSource-1} inited
2022-02-23 16:24:49.429 [main] INFO  org.quartz.impl.StdSchedulerFactory:  Using default implementation for ThreadExecutor
2022-02-23 16:24:49.444 [main] INFO  org.quartz.core.SchedulerSignalerImpl:  Initialized Scheduler Signaller of type: class org.quartz.core.SchedulerSignalerImpl
2022-02-23 16:24:49.445 [main] INFO  org.quartz.core.QuartzScheduler:  Quartz Scheduler v.2.3.0 created.
2022-02-23 16:24:49.446 [main] INFO  org.quartz.simpl.RAMJobStore:  RAMJobStore initialized.
2022-02-23 16:24:49.446 [main] INFO  org.quartz.core.QuartzScheduler:  Scheduler meta-data: Quartz Scheduler (v2.3.0) 'quartzScheduler' with instanceId 'NON_CLUSTERED'
  Scheduler class: 'org.quartz.core.QuartzScheduler' - running locally.
  NOT STARTED.
  Currently in standby mode.
  Number of jobs executed: 0
  Using thread pool 'org.quartz.simpl.SimpleThreadPool' - with 10 threads.
  Using job-store 'org.quartz.simpl.RAMJobStore' - which does not support persistence. and is not clustered.

2022-02-23 16:24:49.446 [main] INFO  org.quartz.impl.StdSchedulerFactory:  Quartz scheduler 'quartzScheduler' initialized from an externally provided properties instance.
2022-02-23 16:24:49.446 [main] INFO  org.quartz.impl.StdSchedulerFactory:  Quartz scheduler version: 2.3.0
2022-02-23 16:24:49.446 [main] INFO  org.quartz.core.QuartzScheduler:  JobFactory set to: org.springframework.scheduling.quartz.SpringBeanJobFactory@5a917723
2022-02-23 16:24:49.533 [main] INFO  o.s.scheduling.quartz.SchedulerFactoryBean:  Starting Quartz Scheduler now
2022-02-23 16:24:49.533 [main] INFO  org.quartz.core.QuartzScheduler:  Scheduler quartzScheduler_$_NON_CLUSTERED started.
2022-02-23 16:24:49.542 [main] INFO  org.wanbang.test.TestHashMapZjEditing2ArraignmentMybatis:  Started TestMybatis in 4.547 seconds (JVM running for 5.492)
2022-02-23 16:24:59.816 [Thread-3] INFO  org.quartz.core.QuartzScheduler:  Scheduler quartzScheduler_$_NON_CLUSTERED paused.
2022-02-23 16:24:59.818 [Thread-3] INFO  o.s.scheduling.quartz.SchedulerFactoryBean:  Shutting down Quartz Scheduler
2022-02-23 16:24:59.818 [Thread-3] INFO  org.quartz.core.QuartzScheduler:  Scheduler quartzScheduler_$_NON_CLUSTERED shutting down.
2022-02-23 16:24:59.818 [Thread-3] INFO  org.quartz.core.QuartzScheduler:  Scheduler quartzScheduler_$_NON_CLUSTERED paused.
2022-02-23 16:24:59.818 [Thread-3] INFO  org.quartz.core.QuartzScheduler:  Scheduler quartzScheduler_$_NON_CLUSTERED shutdown complete.
2022-02-23 16:24:59.819 [Thread-3] INFO  o.s.scheduling.concurrent.ThreadPoolTaskExecutor:  Shutting down ExecutorService 'applicationTaskExecutor'
2022-02-23 16:24:59.820 [Thread-3] INFO  com.alibaba.druid.pool.DruidDataSource:  {dataSource-1} closing ...
2022-02-23 16:24:59.824 [Thread-3] INFO  com.alibaba.druid.pool.DruidDataSource:  {dataSource-1} closed
