2022-09-06 18:39:38.099 [restartedMain] INFO  org.wanbang.Application_Mybatis2:  Starting Application_Mybatis2 on DFSH2617 with PID 5824 (D:\AllWorkSpace\IdeaWorkSpace\mjj-test-new-technology\demo-mybatis-plus2\target\classes started by majiajian in D:\AllWorkSpace\IdeaWorkSpace\mjj-test-new-technology)
2022-09-06 18:39:38.116 [restartedMain] INFO  org.wanbang.Application_Mybatis2:  No active profile set, falling back to default profiles: default
2022-09-06 18:39:38.161 [restartedMain] INFO  o.s.b.d.env.DevToolsPropertyDefaultsPostProcessor:  Devtools property defaults active! Set 'spring.devtools.add-properties' to 'false' to disable
2022-09-06 18:39:38.161 [restartedMain] INFO  o.s.b.d.env.DevToolsPropertyDefaultsPostProcessor:  For additional web related logging consider setting the 'logging.level.web' property to 'DEBUG'
2022-09-06 18:39:38.854 [restartedMain] INFO  o.s.d.r.config.RepositoryConfigurationDelegate:  Multiple Spring Data modules found, entering strict repository configuration mode!
2022-09-06 18:39:38.856 [restartedMain] INFO  o.s.d.r.config.RepositoryConfigurationDelegate:  Bootstrapping Spring Data repositories in DEFAULT mode.
2022-09-06 18:39:38.932 [restartedMain] INFO  o.s.d.r.config.RepositoryConfigurationDelegate:  Finished Spring Data repository scanning in 64ms. Found 0 repository interfaces.
2022-09-06 18:39:39.030 [restartedMain] DEBUG org.mybatis.spring.mapper.ClassPathMapperScanner:  Identified candidate component class: file [D:\AllWorkSpace\IdeaWorkSpace\mjj-test-new-technology\demo-mybatis-plus2\target\classes\org\wanbang\mapper\CityMapper.class]
2022-09-06 18:39:39.030 [restartedMain] DEBUG org.mybatis.spring.mapper.ClassPathMapperScanner:  Identified candidate component class: file [D:\AllWorkSpace\IdeaWorkSpace\mjj-test-new-technology\demo-mybatis-plus2\target\classes\org\wanbang\mapper\SysLogMapper.class]
2022-09-06 18:39:39.030 [restartedMain] DEBUG org.mybatis.spring.mapper.ClassPathMapperScanner:  Identified candidate component class: file [D:\AllWorkSpace\IdeaWorkSpace\mjj-test-new-technology\demo-mybatis-plus2\target\classes\org\wanbang\mapper\WorldUserMapper.class]
2022-09-06 18:39:39.031 [restartedMain] DEBUG org.mybatis.spring.mapper.ClassPathMapperScanner:  Creating MapperFactoryBean with name 'cityMapper' and 'org.wanbang.mapper.CityMapper' mapperInterface
2022-09-06 18:39:39.031 [restartedMain] DEBUG org.mybatis.spring.mapper.ClassPathMapperScanner:  Enabling autowire by type for MapperFactoryBean with name 'cityMapper'.
2022-09-06 18:39:39.031 [restartedMain] DEBUG org.mybatis.spring.mapper.ClassPathMapperScanner:  Creating MapperFactoryBean with name 'sysLogMapper' and 'org.wanbang.mapper.SysLogMapper' mapperInterface
2022-09-06 18:39:39.031 [restartedMain] DEBUG org.mybatis.spring.mapper.ClassPathMapperScanner:  Enabling autowire by type for MapperFactoryBean with name 'sysLogMapper'.
2022-09-06 18:39:39.031 [restartedMain] DEBUG org.mybatis.spring.mapper.ClassPathMapperScanner:  Creating MapperFactoryBean with name 'worldUserMapper' and 'org.wanbang.mapper.WorldUserMapper' mapperInterface
2022-09-06 18:39:39.031 [restartedMain] DEBUG org.mybatis.spring.mapper.ClassPathMapperScanner:  Enabling autowire by type for MapperFactoryBean with name 'worldUserMapper'.
2022-09-06 18:39:39.233 [restartedMain] INFO  o.s.c.s.PostProcessorRegistrationDelegate$BeanPostProcessorChecker:  Bean 'org.springframework.transaction.annotation.ProxyTransactionManagementConfiguration' of type [org.springframework.transaction.annotation.ProxyTransactionManagementConfiguration$$EnhancerBySpringCGLIB$$cacfc28f] is not eligible for getting processed by all BeanPostProcessors (for example: not eligible for auto-proxying)
2022-09-06 18:39:39.654 [restartedMain] INFO  o.s.boot.web.embedded.tomcat.TomcatWebServer:  Tomcat initialized with port(s): 8091 (http)
2022-09-06 18:39:39.663 [restartedMain] INFO  org.apache.coyote.http11.Http11NioProtocol:  Initializing ProtocolHandler ["http-nio-8091"]
2022-09-06 18:39:39.670 [restartedMain] INFO  org.apache.catalina.core.StandardService:  Starting service [Tomcat]
2022-09-06 18:39:39.670 [restartedMain] INFO  org.apache.catalina.core.StandardEngine:  Starting Servlet Engine: Apache Tomcat/9.0.13
2022-09-06 18:39:39.675 [restartedMain] INFO  org.apache.catalina.core.AprLifecycleListener:  The APR based Apache Tomcat Native library which allows optimal performance in production environments was not found on the java.library.path: [D:\AllSoftware\WorkSoftware\JDK1.8.221InstallPackage\bin;C:\windows\Sun\Java\bin;C:\windows\system32;C:\windows;C:\Program Files (x86)\Common Files\Oracle\Java\javapath;C:\windows\system32;C:\windows;C:\windows\System32\Wbem;C:\windows\System32\WindowsPowerShell\v1.0\;C:\windows\System32\OpenSSH\;D:\AllSoftware\WorkSoftware\GitInstallPackage\Git\cmd;C:\Program Files\MySQL\MySQL Utilities 1.6\;D:\AllSoftware\WorkSoftware\JDK1.8.221InstallPackage\bin;C:\Program Files\MySQL\MySQL Shell 8.0\bin\;.]
2022-09-06 18:39:39.752 [restartedMain] INFO  o.a.c.core.ContainerBase.[Tomcat].[localhost].[/]:  Initializing Spring embedded WebApplicationContext
2022-09-06 18:39:39.752 [restartedMain] INFO  org.springframework.web.context.ContextLoader:  Root WebApplicationContext: initialization completed in 1583 ms
2022-09-06 18:39:40.616 [restartedMain] WARN  o.s.b.w.s.c.AnnotationConfigServletWebServerApplicationContext:  Exception encountered during context initialization - cancelling refresh attempt: org.springframework.beans.factory.BeanCreationException: Error creating bean with name 'getDisruptor' defined in class path resource [org/wanbang/study/disruptorStudy/disruptor3Main/disruptorspringconfig/DisruptorInitial.class]: No matching factory method found: factory bean 'disruptorInitial'; factory method 'getDisruptor()'. Check that a method with the specified name exists and that it is non-static.
2022-09-06 18:39:40.616 [restartedMain] INFO  com.alibaba.druid.pool.DruidDataSource:  {dataSource-0} closing ...
2022-09-06 18:39:40.618 [restartedMain] INFO  org.apache.catalina.core.StandardService:  Stopping service [Tomcat]
2022-09-06 18:39:40.633 [restartedMain] INFO  o.s.b.a.l.ConditionEvaluationReportLoggingListener:  

Error starting ApplicationContext. To display the conditions report re-run your application with 'debug' enabled.
2022-09-06 18:39:40.641 [restartedMain] ERROR org.springframework.boot.SpringApplication:  Application run failed
org.springframework.beans.factory.BeanCreationException: Error creating bean with name 'getDisruptor' defined in class path resource [org/wanbang/study/disruptorStudy/disruptor3Main/disruptorspringconfig/DisruptorInitial.class]: No matching factory method found: factory bean 'disruptorInitial'; factory method 'getDisruptor()'. Check that a method with the specified name exists and that it is non-static.
	at org.springframework.beans.factory.support.ConstructorResolver.instantiateUsingFactoryMethod(ConstructorResolver.java:582)
	at org.springframework.beans.factory.support.AbstractAutowireCapableBeanFactory.instantiateUsingFactoryMethod(AbstractAutowireCapableBeanFactory.java:1288)
	at org.springframework.beans.factory.support.AbstractAutowireCapableBeanFactory.createBeanInstance(AbstractAutowireCapableBeanFactory.java:1127)
	at org.springframework.beans.factory.support.AbstractAutowireCapableBeanFactory.doCreateBean(AbstractAutowireCapableBeanFactory.java:538)
	at org.springframework.beans.factory.support.AbstractAutowireCapableBeanFactory.createBean(AbstractAutowireCapableBeanFactory.java:498)
	at org.springframework.beans.factory.support.AbstractBeanFactory.lambda$doGetBean$0(AbstractBeanFactory.java:320)
	at org.springframework.beans.factory.support.DefaultSingletonBeanRegistry.getSingleton(DefaultSingletonBeanRegistry.java:222)
	at org.springframework.beans.factory.support.AbstractBeanFactory.doGetBean(AbstractBeanFactory.java:318)
	at org.springframework.beans.factory.support.AbstractBeanFactory.getBean(AbstractBeanFactory.java:199)
	at org.springframework.beans.factory.support.DefaultListableBeanFactory.preInstantiateSingletons(DefaultListableBeanFactory.java:846)
	at org.springframework.context.support.AbstractApplicationContext.finishBeanFactoryInitialization(AbstractApplicationContext.java:863)
	at org.springframework.context.support.AbstractApplicationContext.refresh(AbstractApplicationContext.java:546)
	at org.springframework.boot.web.servlet.context.ServletWebServerApplicationContext.refresh(ServletWebServerApplicationContext.java:142)
	at org.springframework.boot.SpringApplication.refresh(SpringApplication.java:775)
	at org.springframework.boot.SpringApplication.refreshContext(SpringApplication.java:397)
	at org.springframework.boot.SpringApplication.run(SpringApplication.java:316)
	at org.springframework.boot.SpringApplication.run(SpringApplication.java:1260)
	at org.springframework.boot.SpringApplication.run(SpringApplication.java:1248)
	at org.wanbang.Application_Mybatis2.main(Application_Mybatis2.java:14)
	at sun.reflect.NativeMethodAccessorImpl.invoke0(Native Method)
	at sun.reflect.NativeMethodAccessorImpl.invoke(NativeMethodAccessorImpl.java:62)
	at sun.reflect.DelegatingMethodAccessorImpl.invoke(DelegatingMethodAccessorImpl.java:43)
	at java.lang.reflect.Method.invoke(Method.java:498)
	at org.springframework.boot.devtools.restart.RestartLauncher.run(RestartLauncher.java:49)
