2022-06-16 10:56:48.028  INFO 18664 --- [restartedMain] org.wanbang.Application_Mybatis3         : Starting Application_Mybatis3 on DFSH2617 with PID 18664 (D:\AllWorkSpace\IdeaWorkSpace\mjj-test-new-technology\demo-mybatis-plus3\target\classes started by majiajian in D:\AllWorkSpace\IdeaWorkSpace\mjj-test-new-technology)
2022-06-16 10:56:48.032 DEBUG 18664 --- [restartedMain] org.wanbang.Application_Mybatis3         : Running with Spring Boot v2.1.1.RELEASE, Spring v5.1.3.RELEASE
2022-06-16 10:56:48.033  INFO 18664 --- [restartedMain] org.wanbang.Application_Mybatis3         : No active profile set, falling back to default profiles: default
2022-06-16 10:56:48.103  INFO 18664 --- [restartedMain] .e.DevToolsPropertyDefaultsPostProcessor : Devtools property defaults active! Set 'spring.devtools.add-properties' to 'false' to disable
2022-06-16 10:56:48.112  INFO 18664 --- [restartedMain] .e.DevToolsPropertyDefaultsPostProcessor : For additional web related logging consider setting the 'logging.level.web' property to 'DEBUG'
2022-06-16 10:56:49.074  INFO 18664 --- [restartedMain] o.s.b.w.embedded.tomcat.TomcatWebServer  : Tomcat initialized with port(s): 8099 (http)
2022-06-16 10:56:49.095  INFO 18664 --- [restartedMain] o.apache.catalina.core.StandardService   : Starting service [Tomcat]
2022-06-16 10:56:49.096  INFO 18664 --- [restartedMain] org.apache.catalina.core.StandardEngine  : Starting Servlet Engine: Apache Tomcat/9.0.13
2022-06-16 10:56:49.104  INFO 18664 --- [restartedMain] o.a.catalina.core.AprLifecycleListener   : The APR based Apache Tomcat Native library which allows optimal performance in production environments was not found on the java.library.path: [D:\AllSoftware\WorkSoftware\JDK1.8.221InstallPackage\bin;C:\windows\Sun\Java\bin;C:\windows\system32;C:\windows;C:\Program Files (x86)\Common Files\Oracle\Java\javapath;C:\windows\system32;C:\windows;C:\windows\System32\Wbem;C:\windows\System32\WindowsPowerShell\v1.0\;C:\windows\System32\OpenSSH\;D:\AllSoftware\WorkSoftware\GitInstallPackage\Git\cmd;C:\Program Files\MySQL\MySQL Utilities 1.6\;D:\AllSoftware\WorkSoftware\JDK1.8.221InstallPackage\bin;C:\Program Files\MySQL\MySQL Shell 8.0\bin\;.]
2022-06-16 10:56:49.205  INFO 18664 --- [restartedMain] o.a.c.c.C.[Tomcat].[localhost].[/]       : Initializing Spring embedded WebApplicationContext
2022-06-16 10:56:49.205  INFO 18664 --- [restartedMain] o.s.web.context.ContextLoader            : Root WebApplicationContext: initialization completed in 1093 ms
2022-06-16 10:56:50.142  INFO 18664 --- [restartedMain] o.s.s.concurrent.ThreadPoolTaskExecutor  : Initializing ExecutorService 'applicationTaskExecutor'
2022-06-16 10:56:50.291  INFO 18664 --- [restartedMain] o.s.b.d.a.OptionalLiveReloadServer       : LiveReload server is running on port 35729
2022-06-16 10:56:50.331  INFO 18664 --- [restartedMain] o.s.b.w.embedded.tomcat.TomcatWebServer  : Tomcat started on port(s): 8099 (http) with context path ''
2022-06-16 10:56:50.334  INFO 18664 --- [restartedMain] org.wanbang.Application_Mybatis3         : Started Application_Mybatis3 in 2.729 seconds (JVM running for 3.643)
2022-06-16 10:57:00.364  INFO 18664 --- [http-nio-8099-exec-1] o.a.c.c.C.[Tomcat].[localhost].[/]       : Initializing Spring DispatcherServlet 'dispatcherServlet'
2022-06-16 10:57:00.364  INFO 18664 --- [http-nio-8099-exec-1] o.s.web.servlet.DispatcherServlet        : Initializing Servlet 'dispatcherServlet'
2022-06-16 10:57:00.369  INFO 18664 --- [http-nio-8099-exec-1] o.s.web.servlet.DispatcherServlet        : Completed initialization in 5 ms
2022-06-16 10:57:00.385  INFO 18664 --- [http-nio-8099-exec-1] o.w.service.impl.SpringWordServiceImpl   : 通过ID查询单条数据
2022-06-16 10:57:00.429  INFO 18664 --- [http-nio-8099-exec-1] com.alibaba.druid.pool.DruidDataSource   : {dataSource-1} inited
2022-06-16 11:48:57.619  INFO 18664 --- [Thread-13] o.s.s.concurrent.ThreadPoolTaskExecutor  : Shutting down ExecutorService 'applicationTaskExecutor'
2022-06-16 11:48:57.620  INFO 18664 --- [Thread-13] com.alibaba.druid.pool.DruidDataSource   : {dataSource-1} closing ...
2022-06-16 11:48:57.621  INFO 18664 --- [Thread-13] com.alibaba.druid.pool.DruidDataSource   : {dataSource-1} closed
