2022-01-19 18:01:16,483 - Starting Application_Mybatis2 on LAPTOP-QCULS2RT with PID 56912 (D:\AllWorkSpace\ideaWorkSpace\mjj-test-new-technology\demo-mybatis-plus2\target\classes started by chasesunshine in D:\AllWorkSpace\ideaWorkSpace\mjj-test-new-technology)
2022-01-19 18:01:16,487 - No active profile set, falling back to default profiles: default
2022-01-19 18:01:16,557 - Devtools property defaults active! Set 'spring.devtools.add-properties' to 'false' to disable
2022-01-19 18:01:16,558 - For additional web related logging consider setting the 'logging.level.web' property to 'DEBUG'
2022-01-19 18:01:17,682 - Tomcat initialized with port(s): 8091 (http)
2022-01-19 18:01:17,693 - Initializing ProtocolHandler ["http-nio-8091"]
2022-01-19 18:01:17,703 - Starting service [Tomcat]
2022-01-19 18:01:17,704 - Starting Servlet Engine: Apache Tomcat/9.0.13
2022-01-19 18:01:17,711 - The APR based Apache Tomcat Native library which allows optimal performance in production environments was not found on the java.library.path: [D:\AllSoftwareInstall\WorkSoftware\jdk1.8.0_221\bin;C:\Windows\Sun\Java\bin;C:\Windows\system32;C:\Windows;C:\Windows\system32;C:\Windows;C:\Windows\System32\Wbem;C:\Windows\System32\WindowsPowerShell\v1.0\;C:\Windows\System32\OpenSSH\;C:\Program Files (x86)\NVIDIA Corporation\PhysX\Common;C:\Program Files\NVIDIA Corporation\NVIDIA NvDLISR;D:\AllSoftwareInstall\WorkSoftware\jdk1.8.0_221\bin;D:\AllSoftwareInstall\WorkSoftware\jdk1.8.0_221\jre\bin;D:\AllSoftwareInstall\WorkSoftware\GitInstallPackage\Git\cmd;D:\AllSoftwareInstall\WorkSoftware\mavenInstallPackage2\apache-maven-3.5.3\bin;C:\Program Files\MySQL\MySQL Shell 8.0\bin\;.]
2022-01-19 18:01:17,841 - Initializing Spring embedded WebApplicationContext
2022-01-19 18:01:17,841 - Root WebApplicationContext: initialization completed in 1283 ms
2022-01-19 18:01:18,975 - Initializing ExecutorService 'applicationTaskExecutor'
2022-01-19 18:01:19,166 - LiveReload server is running on port 35729
2022-01-19 18:01:19,188 - Starting ProtocolHandler ["http-nio-8091"]
2022-01-19 18:01:19,195 - Using a shared selector for servlet write/read
2022-01-19 18:01:19,205 - Tomcat started on port(s): 8091 (http) with context path ''
2022-01-19 18:01:19,208 - Started Application_Mybatis2 in 3.241 seconds (JVM running for 4.549)
2022-01-19 18:01:34,914 - Initializing Spring DispatcherServlet 'dispatcherServlet'
2022-01-19 18:01:34,914 - Initializing Servlet 'dispatcherServlet'
2022-01-19 18:01:34,920 - Completed initialization in 6 ms
2022-01-19 18:01:35,016 - {dataSource-1} inited
2022-01-19 18:01:35,171 - 获取资料 : {"createDate":"2021-12-01T16:31:40","daoMethodName":"org.wanbang.mapper.WorldUserMapper.insertOneData","id":1,"ip":"172.16.50.253","remark":"没有RecordLog注解","uri":"/world/user/inset/mybatis","wholeSql":" insert into world_user(name, age) values('xsst', 15)"}
2022-01-19 18:04:57,896 - Shutting down ExecutorService 'applicationTaskExecutor'
2022-01-19 18:04:57,897 - {dataSource-1} closing ...
2022-01-19 18:04:57,900 - {dataSource-1} closed
