2022-08-03 15:13:57.733 [restartedMain] INFO  org.Application_Mybatis3 - Starting Application_Mybatis3 on DFSH2617 with PID 4664 (D:\AllWorkSpace\IdeaWorkSpace\mjj-test-new-technology\demo-mybatis-plus3\target\classes started by majiajian in D:\AllWorkSpace\IdeaWorkSpace\mjj-test-new-technology)
2022-08-03 15:13:57.744 [restartedMain] INFO  org.Application_Mybatis3 - No active profile set, falling back to default profiles: default
2022-08-03 15:13:57.822 [restartedMain] INFO  o.s.b.d.env.DevToolsPropertyDefaultsPostProcessor - Devtools property defaults active! Set 'spring.devtools.add-properties' to 'false' to disable
2022-08-03 15:13:57.822 [restartedMain] INFO  o.s.b.d.env.DevToolsPropertyDefaultsPostProcessor - For additional web related logging consider setting the 'logging.level.web' property to 'DEBUG'
2022-08-03 15:13:59.559 [restartedMain] INFO  o.s.boot.web.embedded.tomcat.TomcatWebServer - Tomcat initialized with port(s): 8099 (http)
2022-08-03 15:13:59.592 [restartedMain] INFO  org.apache.catalina.core.StandardService - Starting service [Tomcat]
2022-08-03 15:13:59.592 [restartedMain] INFO  org.apache.catalina.core.StandardEngine - Starting Servlet Engine: Apache Tomcat/9.0.13
2022-08-03 15:13:59.603 [restartedMain] INFO  org.apache.catalina.core.AprLifecycleListener - The APR based Apache Tomcat Native library which allows optimal performance in production environments was not found on the java.library.path: [D:\AllSoftware\WorkSoftware\JDK1.8.221InstallPackage\bin;C:\windows\Sun\Java\bin;C:\windows\system32;C:\windows;C:\Program Files (x86)\Common Files\Oracle\Java\javapath;C:\windows\system32;C:\windows;C:\windows\System32\Wbem;C:\windows\System32\WindowsPowerShell\v1.0\;C:\windows\System32\OpenSSH\;D:\AllSoftware\WorkSoftware\GitInstallPackage\Git\cmd;C:\Program Files\MySQL\MySQL Utilities 1.6\;D:\AllSoftware\WorkSoftware\JDK1.8.221InstallPackage\bin;C:\Program Files\MySQL\MySQL Shell 8.0\bin\;.]
2022-08-03 15:13:59.755 [restartedMain] INFO  o.a.c.core.ContainerBase.[Tomcat].[localhost].[/] - Initializing Spring embedded WebApplicationContext
2022-08-03 15:13:59.756 [restartedMain] INFO  org.springframework.web.context.ContextLoader - Root WebApplicationContext: initialization completed in 1933 ms
2022-08-03 15:14:01.436 [restartedMain] INFO  o.s.scheduling.concurrent.ThreadPoolTaskExecutor - Initializing ExecutorService 'applicationTaskExecutor'
2022-08-03 15:14:01.741 [restartedMain] INFO  o.s.b.d.autoconfigure.OptionalLiveReloadServer - LiveReload server is running on port 35729
2022-08-03 15:14:01.823 [restartedMain] INFO  o.s.boot.web.embedded.tomcat.TomcatWebServer - Tomcat started on port(s): 8099 (http) with context path ''
2022-08-03 15:14:01.829 [restartedMain] INFO  org.Application_Mybatis3 - Started Application_Mybatis3 in 5.299 seconds (JVM running for 7.112)
2022-08-03 15:14:07.144 [http-nio-8099-exec-1] INFO  o.a.c.core.ContainerBase.[Tomcat].[localhost].[/] - Initializing Spring DispatcherServlet 'dispatcherServlet'
2022-08-03 15:14:07.145 [http-nio-8099-exec-1] INFO  org.springframework.web.servlet.DispatcherServlet - Initializing Servlet 'dispatcherServlet'
2022-08-03 15:14:07.153 [http-nio-8099-exec-1] INFO  org.springframework.web.servlet.DispatcherServlet - Completed initialization in 8 ms
2022-08-03 15:14:07.181 [http-nio-8099-exec-1] INFO  org.wanbang.service.impl.SpringWordServiceImpl - 通过ID查询单条数据
2022-08-03 15:14:07.242 [http-nio-8099-exec-1] INFO  com.alibaba.druid.pool.DruidDataSource - {dataSource-1} inited
2022-08-03 15:24:01.554 [Thread-18] INFO  o.s.scheduling.concurrent.ThreadPoolTaskExecutor - Shutting down ExecutorService 'applicationTaskExecutor'
2022-08-03 15:24:01.555 [Thread-18] INFO  com.alibaba.druid.pool.DruidDataSource - {dataSource-1} closing ...
2022-08-03 15:24:01.560 [Thread-18] INFO  com.alibaba.druid.pool.DruidDataSource - {dataSource-1} closed
2022-08-03 15:24:09.155 [restartedMain] INFO  org.Application_Mybatis3 - Starting Application_Mybatis3 on DFSH2617 with PID 11380 (D:\AllWorkSpace\IdeaWorkSpace\mjj-test-new-technology\demo-mybatis-plus3\target\classes started by majiajian in D:\AllWorkSpace\IdeaWorkSpace\mjj-test-new-technology)
2022-08-03 15:24:09.175 [restartedMain] INFO  org.Application_Mybatis3 - No active profile set, falling back to default profiles: default
2022-08-03 15:24:09.324 [restartedMain] INFO  o.s.b.d.env.DevToolsPropertyDefaultsPostProcessor - Devtools property defaults active! Set 'spring.devtools.add-properties' to 'false' to disable
2022-08-03 15:24:09.324 [restartedMain] INFO  o.s.b.d.env.DevToolsPropertyDefaultsPostProcessor - For additional web related logging consider setting the 'logging.level.web' property to 'DEBUG'
2022-08-03 15:24:10.842 [restartedMain] INFO  o.s.boot.web.embedded.tomcat.TomcatWebServer - Tomcat initialized with port(s): 8099 (http)
2022-08-03 15:24:10.863 [restartedMain] INFO  org.apache.catalina.core.StandardService - Starting service [Tomcat]
2022-08-03 15:24:10.863 [restartedMain] INFO  org.apache.catalina.core.StandardEngine - Starting Servlet Engine: Apache Tomcat/9.0.13
2022-08-03 15:24:10.870 [restartedMain] INFO  org.apache.catalina.core.AprLifecycleListener - The APR based Apache Tomcat Native library which allows optimal performance in production environments was not found on the java.library.path: [D:\AllSoftware\WorkSoftware\JDK1.8.221InstallPackage\bin;C:\windows\Sun\Java\bin;C:\windows\system32;C:\windows;C:\Program Files (x86)\Common Files\Oracle\Java\javapath;C:\windows\system32;C:\windows;C:\windows\System32\Wbem;C:\windows\System32\WindowsPowerShell\v1.0\;C:\windows\System32\OpenSSH\;D:\AllSoftware\WorkSoftware\GitInstallPackage\Git\cmd;C:\Program Files\MySQL\MySQL Utilities 1.6\;D:\AllSoftware\WorkSoftware\JDK1.8.221InstallPackage\bin;C:\Program Files\MySQL\MySQL Shell 8.0\bin\;.]
2022-08-03 15:24:10.968 [restartedMain] INFO  o.a.c.core.ContainerBase.[Tomcat].[localhost].[/] - Initializing Spring embedded WebApplicationContext
2022-08-03 15:24:10.969 [restartedMain] INFO  org.springframework.web.context.ContextLoader - Root WebApplicationContext: initialization completed in 1644 ms
2022-08-03 15:24:12.101 [restartedMain] INFO  o.s.scheduling.concurrent.ThreadPoolTaskExecutor - Initializing ExecutorService 'applicationTaskExecutor'
2022-08-03 15:24:12.303 [restartedMain] INFO  o.s.b.d.autoconfigure.OptionalLiveReloadServer - LiveReload server is running on port 35729
2022-08-03 15:24:12.358 [restartedMain] INFO  o.s.boot.web.embedded.tomcat.TomcatWebServer - Tomcat started on port(s): 8099 (http) with context path ''
2022-08-03 15:24:12.361 [restartedMain] INFO  org.Application_Mybatis3 - Started Application_Mybatis3 in 4.297 seconds (JVM running for 5.676)
2022-08-03 15:24:54.053 [http-nio-8099-exec-1] INFO  o.a.c.core.ContainerBase.[Tomcat].[localhost].[/] - Initializing Spring DispatcherServlet 'dispatcherServlet'
2022-08-03 15:24:54.054 [http-nio-8099-exec-1] INFO  org.springframework.web.servlet.DispatcherServlet - Initializing Servlet 'dispatcherServlet'
2022-08-03 15:24:54.062 [http-nio-8099-exec-1] INFO  org.springframework.web.servlet.DispatcherServlet - Completed initialization in 8 ms
2022-08-03 15:24:54.119 [http-nio-8099-exec-1] INFO  com.alibaba.druid.pool.DruidDataSource - {dataSource-1} inited
2022-08-03 15:25:42.161 [Thread-17] INFO  o.s.scheduling.concurrent.ThreadPoolTaskExecutor - Shutting down ExecutorService 'applicationTaskExecutor'
2022-08-03 15:25:42.162 [Thread-17] INFO  com.alibaba.druid.pool.DruidDataSource - {dataSource-1} closing ...
2022-08-03 15:25:42.165 [Thread-17] INFO  com.alibaba.druid.pool.DruidDataSource - {dataSource-1} closed
2022-08-03 15:25:49.925 [restartedMain] INFO  org.Application_Mybatis3 - Starting Application_Mybatis3 on DFSH2617 with PID 20364 (D:\AllWorkSpace\IdeaWorkSpace\mjj-test-new-technology\demo-mybatis-plus3\target\classes started by majiajian in D:\AllWorkSpace\IdeaWorkSpace\mjj-test-new-technology)
2022-08-03 15:25:49.929 [restartedMain] INFO  org.Application_Mybatis3 - No active profile set, falling back to default profiles: default
2022-08-03 15:25:49.986 [restartedMain] INFO  o.s.b.d.env.DevToolsPropertyDefaultsPostProcessor - Devtools property defaults active! Set 'spring.devtools.add-properties' to 'false' to disable
2022-08-03 15:25:49.986 [restartedMain] INFO  o.s.b.d.env.DevToolsPropertyDefaultsPostProcessor - For additional web related logging consider setting the 'logging.level.web' property to 'DEBUG'
2022-08-03 15:25:51.437 [restartedMain] INFO  o.s.boot.web.embedded.tomcat.TomcatWebServer - Tomcat initialized with port(s): 8099 (http)
2022-08-03 15:25:51.458 [restartedMain] INFO  org.apache.catalina.core.StandardService - Starting service [Tomcat]
2022-08-03 15:25:51.458 [restartedMain] INFO  org.apache.catalina.core.StandardEngine - Starting Servlet Engine: Apache Tomcat/9.0.13
2022-08-03 15:25:51.464 [restartedMain] INFO  org.apache.catalina.core.AprLifecycleListener - The APR based Apache Tomcat Native library which allows optimal performance in production environments was not found on the java.library.path: [D:\AllSoftware\WorkSoftware\JDK1.8.221InstallPackage\bin;C:\windows\Sun\Java\bin;C:\windows\system32;C:\windows;C:\Program Files (x86)\Common Files\Oracle\Java\javapath;C:\windows\system32;C:\windows;C:\windows\System32\Wbem;C:\windows\System32\WindowsPowerShell\v1.0\;C:\windows\System32\OpenSSH\;D:\AllSoftware\WorkSoftware\GitInstallPackage\Git\cmd;C:\Program Files\MySQL\MySQL Utilities 1.6\;D:\AllSoftware\WorkSoftware\JDK1.8.221InstallPackage\bin;C:\Program Files\MySQL\MySQL Shell 8.0\bin\;.]
2022-08-03 15:25:51.554 [restartedMain] INFO  o.a.c.core.ContainerBase.[Tomcat].[localhost].[/] - Initializing Spring embedded WebApplicationContext
2022-08-03 15:25:51.555 [restartedMain] INFO  org.springframework.web.context.ContextLoader - Root WebApplicationContext: initialization completed in 1569 ms
2022-08-03 15:25:52.753 [restartedMain] INFO  o.s.scheduling.concurrent.ThreadPoolTaskExecutor - Initializing ExecutorService 'applicationTaskExecutor'
2022-08-03 15:25:52.956 [restartedMain] INFO  o.s.b.d.autoconfigure.OptionalLiveReloadServer - LiveReload server is running on port 35729
2022-08-03 15:25:53.016 [restartedMain] INFO  o.s.boot.web.embedded.tomcat.TomcatWebServer - Tomcat started on port(s): 8099 (http) with context path ''
2022-08-03 15:25:53.020 [restartedMain] INFO  org.Application_Mybatis3 - Started Application_Mybatis3 in 4.04 seconds (JVM running for 6.31)
2022-08-03 15:26:01.417 [http-nio-8099-exec-1] INFO  o.a.c.core.ContainerBase.[Tomcat].[localhost].[/] - Initializing Spring DispatcherServlet 'dispatcherServlet'
2022-08-03 15:26:01.418 [http-nio-8099-exec-1] INFO  org.springframework.web.servlet.DispatcherServlet - Initializing Servlet 'dispatcherServlet'
2022-08-03 15:26:01.427 [http-nio-8099-exec-1] INFO  org.springframework.web.servlet.DispatcherServlet - Completed initialization in 9 ms
2022-08-03 15:26:01.491 [http-nio-8099-exec-1] INFO  com.alibaba.druid.pool.DruidDataSource - {dataSource-1} inited
2022-08-03 15:32:19.211 [Thread-17] INFO  o.s.scheduling.concurrent.ThreadPoolTaskExecutor - Shutting down ExecutorService 'applicationTaskExecutor'
2022-08-03 15:32:19.212 [Thread-17] INFO  com.alibaba.druid.pool.DruidDataSource - {dataSource-1} closing ...
2022-08-03 15:32:19.215 [Thread-17] INFO  com.alibaba.druid.pool.DruidDataSource - {dataSource-1} closed
2022-08-03 15:32:28.286 [restartedMain] INFO  org.Application_Mybatis3 - Starting Application_Mybatis3 on DFSH2617 with PID 16620 (D:\AllWorkSpace\IdeaWorkSpace\mjj-test-new-technology\demo-mybatis-plus3\target\classes started by majiajian in D:\AllWorkSpace\IdeaWorkSpace\mjj-test-new-technology)
2022-08-03 15:32:28.293 [restartedMain] INFO  org.Application_Mybatis3 - No active profile set, falling back to default profiles: default
2022-08-03 15:32:28.372 [restartedMain] INFO  o.s.b.d.env.DevToolsPropertyDefaultsPostProcessor - Devtools property defaults active! Set 'spring.devtools.add-properties' to 'false' to disable
2022-08-03 15:32:28.373 [restartedMain] INFO  o.s.b.d.env.DevToolsPropertyDefaultsPostProcessor - For additional web related logging consider setting the 'logging.level.web' property to 'DEBUG'
2022-08-03 15:32:29.402 [restartedMain] INFO  o.s.b.a.l.ConditionEvaluationReportLoggingListener - 

Error starting ApplicationContext. To display the conditions report re-run your application with 'debug' enabled.
2022-08-03 15:32:45.012 [restartedMain] INFO  org.Application_Mybatis3 - Starting Application_Mybatis3 on DFSH2617 with PID 3404 (D:\AllWorkSpace\IdeaWorkSpace\mjj-test-new-technology\demo-mybatis-plus3\target\classes started by majiajian in D:\AllWorkSpace\IdeaWorkSpace\mjj-test-new-technology)
2022-08-03 15:32:45.018 [restartedMain] INFO  org.Application_Mybatis3 - No active profile set, falling back to default profiles: default
2022-08-03 15:32:45.091 [restartedMain] INFO  o.s.b.d.env.DevToolsPropertyDefaultsPostProcessor - Devtools property defaults active! Set 'spring.devtools.add-properties' to 'false' to disable
2022-08-03 15:32:45.092 [restartedMain] INFO  o.s.b.d.env.DevToolsPropertyDefaultsPostProcessor - For additional web related logging consider setting the 'logging.level.web' property to 'DEBUG'
2022-08-03 15:32:46.104 [restartedMain] INFO  o.s.b.a.l.ConditionEvaluationReportLoggingListener - 

Error starting ApplicationContext. To display the conditions report re-run your application with 'debug' enabled.
2022-08-03 15:34:58.887 [restartedMain] INFO  org.Application_Mybatis3 - Starting Application_Mybatis3 on DFSH2617 with PID 13160 (D:\AllWorkSpace\IdeaWorkSpace\mjj-test-new-technology\demo-mybatis-plus3\target\classes started by majiajian in D:\AllWorkSpace\IdeaWorkSpace\mjj-test-new-technology)
2022-08-03 15:34:58.892 [restartedMain] INFO  org.Application_Mybatis3 - No active profile set, falling back to default profiles: default
2022-08-03 15:34:58.961 [restartedMain] INFO  o.s.b.d.env.DevToolsPropertyDefaultsPostProcessor - Devtools property defaults active! Set 'spring.devtools.add-properties' to 'false' to disable
2022-08-03 15:34:58.961 [restartedMain] INFO  o.s.b.d.env.DevToolsPropertyDefaultsPostProcessor - For additional web related logging consider setting the 'logging.level.web' property to 'DEBUG'
2022-08-03 15:35:00.406 [restartedMain] INFO  o.s.boot.web.embedded.tomcat.TomcatWebServer - Tomcat initialized with port(s): 8099 (http)
2022-08-03 15:35:00.425 [restartedMain] INFO  org.apache.catalina.core.StandardService - Starting service [Tomcat]
2022-08-03 15:35:00.426 [restartedMain] INFO  org.apache.catalina.core.StandardEngine - Starting Servlet Engine: Apache Tomcat/9.0.13
2022-08-03 15:35:00.433 [restartedMain] INFO  org.apache.catalina.core.AprLifecycleListener - The APR based Apache Tomcat Native library which allows optimal performance in production environments was not found on the java.library.path: [D:\AllSoftware\WorkSoftware\JDK1.8.221InstallPackage\bin;C:\windows\Sun\Java\bin;C:\windows\system32;C:\windows;C:\Program Files (x86)\Common Files\Oracle\Java\javapath;C:\windows\system32;C:\windows;C:\windows\System32\Wbem;C:\windows\System32\WindowsPowerShell\v1.0\;C:\windows\System32\OpenSSH\;D:\AllSoftware\WorkSoftware\GitInstallPackage\Git\cmd;C:\Program Files\MySQL\MySQL Utilities 1.6\;D:\AllSoftware\WorkSoftware\JDK1.8.221InstallPackage\bin;C:\Program Files\MySQL\MySQL Shell 8.0\bin\;.]
2022-08-03 15:35:00.525 [restartedMain] INFO  o.a.c.core.ContainerBase.[Tomcat].[localhost].[/] - Initializing Spring embedded WebApplicationContext
2022-08-03 15:35:00.525 [restartedMain] INFO  org.springframework.web.context.ContextLoader - Root WebApplicationContext: initialization completed in 1564 ms
2022-08-03 15:35:01.686 [restartedMain] INFO  o.s.scheduling.concurrent.ThreadPoolTaskExecutor - Initializing ExecutorService 'applicationTaskExecutor'
2022-08-03 15:35:01.759 [restartedMain] INFO  o.s.scheduling.concurrent.ThreadPoolTaskExecutor - Shutting down ExecutorService 'applicationTaskExecutor'
2022-08-03 15:35:01.760 [restartedMain] INFO  com.alibaba.druid.pool.DruidDataSource - {dataSource-0} closing ...
2022-08-03 15:35:01.762 [restartedMain] INFO  org.apache.catalina.core.StandardService - Stopping service [Tomcat]
2022-08-03 15:35:01.779 [restartedMain] INFO  o.s.b.a.l.ConditionEvaluationReportLoggingListener - 

Error starting ApplicationContext. To display the conditions report re-run your application with 'debug' enabled.
2022-08-03 15:35:38.224 [restartedMain] INFO  org.Application_Mybatis3 - Starting Application_Mybatis3 on DFSH2617 with PID 23504 (D:\AllWorkSpace\IdeaWorkSpace\mjj-test-new-technology\demo-mybatis-plus3\target\classes started by majiajian in D:\AllWorkSpace\IdeaWorkSpace\mjj-test-new-technology)
2022-08-03 15:35:38.230 [restartedMain] INFO  org.Application_Mybatis3 - No active profile set, falling back to default profiles: default
2022-08-03 15:35:38.305 [restartedMain] INFO  o.s.b.d.env.DevToolsPropertyDefaultsPostProcessor - Devtools property defaults active! Set 'spring.devtools.add-properties' to 'false' to disable
2022-08-03 15:35:38.305 [restartedMain] INFO  o.s.b.d.env.DevToolsPropertyDefaultsPostProcessor - For additional web related logging consider setting the 'logging.level.web' property to 'DEBUG'
2022-08-03 15:35:39.907 [restartedMain] INFO  o.s.boot.web.embedded.tomcat.TomcatWebServer - Tomcat initialized with port(s): 8099 (http)
2022-08-03 15:35:39.930 [restartedMain] INFO  org.apache.catalina.core.StandardService - Starting service [Tomcat]
2022-08-03 15:35:39.930 [restartedMain] INFO  org.apache.catalina.core.StandardEngine - Starting Servlet Engine: Apache Tomcat/9.0.13
2022-08-03 15:35:39.937 [restartedMain] INFO  org.apache.catalina.core.AprLifecycleListener - The APR based Apache Tomcat Native library which allows optimal performance in production environments was not found on the java.library.path: [D:\AllSoftware\WorkSoftware\JDK1.8.221InstallPackage\bin;C:\windows\Sun\Java\bin;C:\windows\system32;C:\windows;C:\Program Files (x86)\Common Files\Oracle\Java\javapath;C:\windows\system32;C:\windows;C:\windows\System32\Wbem;C:\windows\System32\WindowsPowerShell\v1.0\;C:\windows\System32\OpenSSH\;D:\AllSoftware\WorkSoftware\GitInstallPackage\Git\cmd;C:\Program Files\MySQL\MySQL Utilities 1.6\;D:\AllSoftware\WorkSoftware\JDK1.8.221InstallPackage\bin;C:\Program Files\MySQL\MySQL Shell 8.0\bin\;.]
2022-08-03 15:35:40.036 [restartedMain] INFO  o.a.c.core.ContainerBase.[Tomcat].[localhost].[/] - Initializing Spring embedded WebApplicationContext
2022-08-03 15:35:40.036 [restartedMain] INFO  org.springframework.web.context.ContextLoader - Root WebApplicationContext: initialization completed in 1730 ms
2022-08-03 15:35:41.171 [restartedMain] INFO  o.s.scheduling.concurrent.ThreadPoolTaskExecutor - Initializing ExecutorService 'applicationTaskExecutor'
2022-08-03 15:35:41.388 [restartedMain] INFO  o.s.b.d.autoconfigure.OptionalLiveReloadServer - LiveReload server is running on port 35729
2022-08-03 15:35:41.449 [restartedMain] INFO  o.s.boot.web.embedded.tomcat.TomcatWebServer - Tomcat started on port(s): 8099 (http) with context path ''
2022-08-03 15:35:41.453 [restartedMain] INFO  org.Application_Mybatis3 - Started Application_Mybatis3 in 4.424 seconds (JVM running for 6.132)
2022-08-03 15:36:01.367 [Thread-18] INFO  o.s.scheduling.concurrent.ThreadPoolTaskExecutor - Shutting down ExecutorService 'applicationTaskExecutor'
2022-08-03 15:36:01.369 [Thread-18] INFO  com.alibaba.druid.pool.DruidDataSource - {dataSource-0} closing ...
2022-08-03 15:36:13.527 [restartedMain] INFO  org.Application_Mybatis3 - Starting Application_Mybatis3 on DFSH2617 with PID 16080 (D:\AllWorkSpace\IdeaWorkSpace\mjj-test-new-technology\demo-mybatis-plus3\target\classes started by majiajian in D:\AllWorkSpace\IdeaWorkSpace\mjj-test-new-technology)
2022-08-03 15:36:13.531 [restartedMain] INFO  org.Application_Mybatis3 - No active profile set, falling back to default profiles: default
2022-08-03 15:36:13.593 [restartedMain] INFO  o.s.b.d.env.DevToolsPropertyDefaultsPostProcessor - Devtools property defaults active! Set 'spring.devtools.add-properties' to 'false' to disable
2022-08-03 15:36:13.593 [restartedMain] INFO  o.s.b.d.env.DevToolsPropertyDefaultsPostProcessor - For additional web related logging consider setting the 'logging.level.web' property to 'DEBUG'
2022-08-03 15:36:15.176 [restartedMain] INFO  o.s.boot.web.embedded.tomcat.TomcatWebServer - Tomcat initialized with port(s): 8099 (http)
2022-08-03 15:36:15.199 [restartedMain] INFO  org.apache.catalina.core.StandardService - Starting service [Tomcat]
2022-08-03 15:36:15.200 [restartedMain] INFO  org.apache.catalina.core.StandardEngine - Starting Servlet Engine: Apache Tomcat/9.0.13
2022-08-03 15:36:15.210 [restartedMain] INFO  org.apache.catalina.core.AprLifecycleListener - The APR based Apache Tomcat Native library which allows optimal performance in production environments was not found on the java.library.path: [D:\AllSoftware\WorkSoftware\JDK1.8.221InstallPackage\bin;C:\windows\Sun\Java\bin;C:\windows\system32;C:\windows;C:\Program Files (x86)\Common Files\Oracle\Java\javapath;C:\windows\system32;C:\windows;C:\windows\System32\Wbem;C:\windows\System32\WindowsPowerShell\v1.0\;C:\windows\System32\OpenSSH\;D:\AllSoftware\WorkSoftware\GitInstallPackage\Git\cmd;C:\Program Files\MySQL\MySQL Utilities 1.6\;D:\AllSoftware\WorkSoftware\JDK1.8.221InstallPackage\bin;C:\Program Files\MySQL\MySQL Shell 8.0\bin\;.]
2022-08-03 15:36:15.326 [restartedMain] INFO  o.a.c.core.ContainerBase.[Tomcat].[localhost].[/] - Initializing Spring embedded WebApplicationContext
2022-08-03 15:36:15.326 [restartedMain] INFO  org.springframework.web.context.ContextLoader - Root WebApplicationContext: initialization completed in 1733 ms
2022-08-03 15:36:16.501 [restartedMain] INFO  o.s.scheduling.concurrent.ThreadPoolTaskExecutor - Initializing ExecutorService 'applicationTaskExecutor'
2022-08-03 15:36:16.767 [restartedMain] INFO  o.s.b.d.autoconfigure.OptionalLiveReloadServer - LiveReload server is running on port 35729
2022-08-03 15:36:16.831 [restartedMain] INFO  o.s.boot.web.embedded.tomcat.TomcatWebServer - Tomcat started on port(s): 8099 (http) with context path ''
2022-08-03 15:36:16.834 [restartedMain] INFO  org.Application_Mybatis3 - Started Application_Mybatis3 in 4.436 seconds (JVM running for 6.235)
2022-08-03 15:36:35.327 [http-nio-8099-exec-1] INFO  o.a.c.core.ContainerBase.[Tomcat].[localhost].[/] - Initializing Spring DispatcherServlet 'dispatcherServlet'
2022-08-03 15:36:35.328 [http-nio-8099-exec-1] INFO  org.springframework.web.servlet.DispatcherServlet - Initializing Servlet 'dispatcherServlet'
2022-08-03 15:36:35.335 [http-nio-8099-exec-1] INFO  org.springframework.web.servlet.DispatcherServlet - Completed initialization in 7 ms
2022-08-03 15:36:35.402 [http-nio-8099-exec-1] INFO  com.alibaba.druid.pool.DruidDataSource - {dataSource-1} inited
2022-08-03 15:38:02.937 [Thread-17] INFO  o.s.scheduling.concurrent.ThreadPoolTaskExecutor - Shutting down ExecutorService 'applicationTaskExecutor'
2022-08-03 15:38:02.938 [Thread-17] INFO  com.alibaba.druid.pool.DruidDataSource - {dataSource-1} closing ...
2022-08-03 15:38:02.942 [Thread-17] INFO  com.alibaba.druid.pool.DruidDataSource - {dataSource-1} closed
2022-08-03 15:38:10.624 [restartedMain] INFO  org.Application_Mybatis3 - Starting Application_Mybatis3 on DFSH2617 with PID 17440 (D:\AllWorkSpace\IdeaWorkSpace\mjj-test-new-technology\demo-mybatis-plus3\target\classes started by majiajian in D:\AllWorkSpace\IdeaWorkSpace\mjj-test-new-technology)
2022-08-03 15:38:10.630 [restartedMain] INFO  org.Application_Mybatis3 - No active profile set, falling back to default profiles: default
2022-08-03 15:38:10.695 [restartedMain] INFO  o.s.b.d.env.DevToolsPropertyDefaultsPostProcessor - Devtools property defaults active! Set 'spring.devtools.add-properties' to 'false' to disable
2022-08-03 15:38:10.696 [restartedMain] INFO  o.s.b.d.env.DevToolsPropertyDefaultsPostProcessor - For additional web related logging consider setting the 'logging.level.web' property to 'DEBUG'
2022-08-03 15:38:12.239 [restartedMain] INFO  o.s.boot.web.embedded.tomcat.TomcatWebServer - Tomcat initialized with port(s): 8099 (http)
2022-08-03 15:38:12.260 [restartedMain] INFO  org.apache.catalina.core.StandardService - Starting service [Tomcat]
2022-08-03 15:38:12.261 [restartedMain] INFO  org.apache.catalina.core.StandardEngine - Starting Servlet Engine: Apache Tomcat/9.0.13
2022-08-03 15:38:12.268 [restartedMain] INFO  org.apache.catalina.core.AprLifecycleListener - The APR based Apache Tomcat Native library which allows optimal performance in production environments was not found on the java.library.path: [D:\AllSoftware\WorkSoftware\JDK1.8.221InstallPackage\bin;C:\windows\Sun\Java\bin;C:\windows\system32;C:\windows;C:\Program Files (x86)\Common Files\Oracle\Java\javapath;C:\windows\system32;C:\windows;C:\windows\System32\Wbem;C:\windows\System32\WindowsPowerShell\v1.0\;C:\windows\System32\OpenSSH\;D:\AllSoftware\WorkSoftware\GitInstallPackage\Git\cmd;C:\Program Files\MySQL\MySQL Utilities 1.6\;D:\AllSoftware\WorkSoftware\JDK1.8.221InstallPackage\bin;C:\Program Files\MySQL\MySQL Shell 8.0\bin\;.]
2022-08-03 15:38:12.376 [restartedMain] INFO  o.a.c.core.ContainerBase.[Tomcat].[localhost].[/] - Initializing Spring embedded WebApplicationContext
2022-08-03 15:38:12.376 [restartedMain] INFO  org.springframework.web.context.ContextLoader - Root WebApplicationContext: initialization completed in 1679 ms
2022-08-03 15:38:13.656 [restartedMain] INFO  o.s.scheduling.concurrent.ThreadPoolTaskExecutor - Initializing ExecutorService 'applicationTaskExecutor'
2022-08-03 15:38:13.884 [restartedMain] INFO  o.s.b.d.autoconfigure.OptionalLiveReloadServer - LiveReload server is running on port 35729
2022-08-03 15:38:13.940 [restartedMain] INFO  o.s.boot.web.embedded.tomcat.TomcatWebServer - Tomcat started on port(s): 8099 (http) with context path ''
2022-08-03 15:38:13.944 [restartedMain] INFO  org.Application_Mybatis3 - Started Application_Mybatis3 in 4.43 seconds (JVM running for 6.007)
2022-08-03 15:38:22.988 [http-nio-8099-exec-1] INFO  o.a.c.core.ContainerBase.[Tomcat].[localhost].[/] - Initializing Spring DispatcherServlet 'dispatcherServlet'
2022-08-03 15:38:22.989 [http-nio-8099-exec-1] INFO  org.springframework.web.servlet.DispatcherServlet - Initializing Servlet 'dispatcherServlet'
2022-08-03 15:38:22.996 [http-nio-8099-exec-1] INFO  org.springframework.web.servlet.DispatcherServlet - Completed initialization in 7 ms
2022-08-03 15:38:23.067 [http-nio-8099-exec-1] INFO  com.alibaba.druid.pool.DruidDataSource - {dataSource-1} inited
2022-08-03 15:41:03.540 [Thread-17] INFO  o.s.scheduling.concurrent.ThreadPoolTaskExecutor - Shutting down ExecutorService 'applicationTaskExecutor'
2022-08-03 15:41:03.541 [Thread-17] INFO  com.alibaba.druid.pool.DruidDataSource - {dataSource-1} closing ...
2022-08-03 15:41:03.544 [Thread-17] INFO  com.alibaba.druid.pool.DruidDataSource - {dataSource-1} closed
2022-08-03 15:41:11.083 [restartedMain] INFO  org.Application_Mybatis3 - Starting Application_Mybatis3 on DFSH2617 with PID 8008 (D:\AllWorkSpace\IdeaWorkSpace\mjj-test-new-technology\demo-mybatis-plus3\target\classes started by majiajian in D:\AllWorkSpace\IdeaWorkSpace\mjj-test-new-technology)
2022-08-03 15:41:11.088 [restartedMain] INFO  org.Application_Mybatis3 - No active profile set, falling back to default profiles: default
2022-08-03 15:41:11.149 [restartedMain] INFO  o.s.b.d.env.DevToolsPropertyDefaultsPostProcessor - Devtools property defaults active! Set 'spring.devtools.add-properties' to 'false' to disable
2022-08-03 15:41:11.149 [restartedMain] INFO  o.s.b.d.env.DevToolsPropertyDefaultsPostProcessor - For additional web related logging consider setting the 'logging.level.web' property to 'DEBUG'
2022-08-03 15:41:12.593 [restartedMain] INFO  o.s.boot.web.embedded.tomcat.TomcatWebServer - Tomcat initialized with port(s): 8099 (http)
2022-08-03 15:41:12.613 [restartedMain] INFO  org.apache.catalina.core.StandardService - Starting service [Tomcat]
2022-08-03 15:41:12.614 [restartedMain] INFO  org.apache.catalina.core.StandardEngine - Starting Servlet Engine: Apache Tomcat/9.0.13
2022-08-03 15:41:12.621 [restartedMain] INFO  org.apache.catalina.core.AprLifecycleListener - The APR based Apache Tomcat Native library which allows optimal performance in production environments was not found on the java.library.path: [D:\AllSoftware\WorkSoftware\JDK1.8.221InstallPackage\bin;C:\windows\Sun\Java\bin;C:\windows\system32;C:\windows;C:\Program Files (x86)\Common Files\Oracle\Java\javapath;C:\windows\system32;C:\windows;C:\windows\System32\Wbem;C:\windows\System32\WindowsPowerShell\v1.0\;C:\windows\System32\OpenSSH\;D:\AllSoftware\WorkSoftware\GitInstallPackage\Git\cmd;C:\Program Files\MySQL\MySQL Utilities 1.6\;D:\AllSoftware\WorkSoftware\JDK1.8.221InstallPackage\bin;C:\Program Files\MySQL\MySQL Shell 8.0\bin\;.]
2022-08-03 15:41:12.714 [restartedMain] INFO  o.a.c.core.ContainerBase.[Tomcat].[localhost].[/] - Initializing Spring embedded WebApplicationContext
2022-08-03 15:41:12.714 [restartedMain] INFO  org.springframework.web.context.ContextLoader - Root WebApplicationContext: initialization completed in 1565 ms
2022-08-03 15:41:13.825 [restartedMain] INFO  o.s.scheduling.concurrent.ThreadPoolTaskExecutor - Initializing ExecutorService 'applicationTaskExecutor'
2022-08-03 15:41:14.038 [restartedMain] INFO  o.s.b.d.autoconfigure.OptionalLiveReloadServer - LiveReload server is running on port 35729
2022-08-03 15:41:14.093 [restartedMain] INFO  o.s.boot.web.embedded.tomcat.TomcatWebServer - Tomcat started on port(s): 8099 (http) with context path ''
2022-08-03 15:41:14.097 [restartedMain] INFO  org.Application_Mybatis3 - Started Application_Mybatis3 in 4.233 seconds (JVM running for 6.077)
2022-08-03 15:41:23.332 [http-nio-8099-exec-1] INFO  o.a.c.core.ContainerBase.[Tomcat].[localhost].[/] - Initializing Spring DispatcherServlet 'dispatcherServlet'
2022-08-03 15:41:23.333 [http-nio-8099-exec-1] INFO  org.springframework.web.servlet.DispatcherServlet - Initializing Servlet 'dispatcherServlet'
2022-08-03 15:41:23.341 [http-nio-8099-exec-1] INFO  org.springframework.web.servlet.DispatcherServlet - Completed initialization in 8 ms
2022-08-03 15:41:23.407 [http-nio-8099-exec-1] INFO  com.alibaba.druid.pool.DruidDataSource - {dataSource-1} inited
2022-08-03 15:42:18.668 [Thread-16] INFO  o.s.scheduling.concurrent.ThreadPoolTaskExecutor - Shutting down ExecutorService 'applicationTaskExecutor'
2022-08-03 15:42:18.668 [Thread-16] INFO  com.alibaba.druid.pool.DruidDataSource - {dataSource-1} closing ...
2022-08-03 15:42:18.671 [Thread-16] INFO  com.alibaba.druid.pool.DruidDataSource - {dataSource-1} closed
2022-08-03 15:42:25.062 [restartedMain] INFO  org.Application_Mybatis3 - Starting Application_Mybatis3 on DFSH2617 with PID 23368 (D:\AllWorkSpace\IdeaWorkSpace\mjj-test-new-technology\demo-mybatis-plus3\target\classes started by majiajian in D:\AllWorkSpace\IdeaWorkSpace\mjj-test-new-technology)
2022-08-03 15:42:25.067 [restartedMain] INFO  org.Application_Mybatis3 - No active profile set, falling back to default profiles: default
2022-08-03 15:42:25.124 [restartedMain] INFO  o.s.b.d.env.DevToolsPropertyDefaultsPostProcessor - Devtools property defaults active! Set 'spring.devtools.add-properties' to 'false' to disable
2022-08-03 15:42:25.125 [restartedMain] INFO  o.s.b.d.env.DevToolsPropertyDefaultsPostProcessor - For additional web related logging consider setting the 'logging.level.web' property to 'DEBUG'
2022-08-03 15:42:26.834 [restartedMain] INFO  o.s.boot.web.embedded.tomcat.TomcatWebServer - Tomcat initialized with port(s): 8099 (http)
2022-08-03 15:42:26.869 [restartedMain] INFO  org.apache.catalina.core.StandardService - Starting service [Tomcat]
2022-08-03 15:42:26.869 [restartedMain] INFO  org.apache.catalina.core.StandardEngine - Starting Servlet Engine: Apache Tomcat/9.0.13
2022-08-03 15:42:26.881 [restartedMain] INFO  org.apache.catalina.core.AprLifecycleListener - The APR based Apache Tomcat Native library which allows optimal performance in production environments was not found on the java.library.path: [D:\AllSoftware\WorkSoftware\JDK1.8.221InstallPackage\bin;C:\windows\Sun\Java\bin;C:\windows\system32;C:\windows;C:\Program Files (x86)\Common Files\Oracle\Java\javapath;C:\windows\system32;C:\windows;C:\windows\System32\Wbem;C:\windows\System32\WindowsPowerShell\v1.0\;C:\windows\System32\OpenSSH\;D:\AllSoftware\WorkSoftware\GitInstallPackage\Git\cmd;C:\Program Files\MySQL\MySQL Utilities 1.6\;D:\AllSoftware\WorkSoftware\JDK1.8.221InstallPackage\bin;C:\Program Files\MySQL\MySQL Shell 8.0\bin\;.]
2022-08-03 15:42:27.020 [restartedMain] INFO  o.a.c.core.ContainerBase.[Tomcat].[localhost].[/] - Initializing Spring embedded WebApplicationContext
2022-08-03 15:42:27.020 [restartedMain] INFO  org.springframework.web.context.ContextLoader - Root WebApplicationContext: initialization completed in 1895 ms
2022-08-03 15:42:28.288 [restartedMain] INFO  o.s.scheduling.concurrent.ThreadPoolTaskExecutor - Initializing ExecutorService 'applicationTaskExecutor'
2022-08-03 15:42:28.503 [restartedMain] INFO  o.s.b.d.autoconfigure.OptionalLiveReloadServer - LiveReload server is running on port 35729
2022-08-03 15:42:28.557 [restartedMain] INFO  o.s.boot.web.embedded.tomcat.TomcatWebServer - Tomcat started on port(s): 8099 (http) with context path ''
2022-08-03 15:42:28.561 [restartedMain] INFO  org.Application_Mybatis3 - Started Application_Mybatis3 in 4.49 seconds (JVM running for 6.141)
2022-08-03 15:43:45.064 [Thread-17] INFO  o.s.scheduling.concurrent.ThreadPoolTaskExecutor - Shutting down ExecutorService 'applicationTaskExecutor'
2022-08-03 15:43:45.066 [Thread-17] INFO  com.alibaba.druid.pool.DruidDataSource - {dataSource-0} closing ...
2022-08-03 15:43:52.963 [restartedMain] INFO  org.Application_Mybatis3 - Starting Application_Mybatis3 on DFSH2617 with PID 17388 (D:\AllWorkSpace\IdeaWorkSpace\mjj-test-new-technology\demo-mybatis-plus3\target\classes started by majiajian in D:\AllWorkSpace\IdeaWorkSpace\mjj-test-new-technology)
2022-08-03 15:43:52.970 [restartedMain] INFO  org.Application_Mybatis3 - No active profile set, falling back to default profiles: default
2022-08-03 15:43:53.056 [restartedMain] INFO  o.s.b.d.env.DevToolsPropertyDefaultsPostProcessor - Devtools property defaults active! Set 'spring.devtools.add-properties' to 'false' to disable
2022-08-03 15:43:53.056 [restartedMain] INFO  o.s.b.d.env.DevToolsPropertyDefaultsPostProcessor - For additional web related logging consider setting the 'logging.level.web' property to 'DEBUG'
2022-08-03 15:43:54.631 [restartedMain] INFO  o.s.boot.web.embedded.tomcat.TomcatWebServer - Tomcat initialized with port(s): 8099 (http)
2022-08-03 15:43:54.652 [restartedMain] INFO  org.apache.catalina.core.StandardService - Starting service [Tomcat]
2022-08-03 15:43:54.652 [restartedMain] INFO  org.apache.catalina.core.StandardEngine - Starting Servlet Engine: Apache Tomcat/9.0.13
2022-08-03 15:43:54.661 [restartedMain] INFO  org.apache.catalina.core.AprLifecycleListener - The APR based Apache Tomcat Native library which allows optimal performance in production environments was not found on the java.library.path: [D:\AllSoftware\WorkSoftware\JDK1.8.221InstallPackage\bin;C:\windows\Sun\Java\bin;C:\windows\system32;C:\windows;C:\Program Files (x86)\Common Files\Oracle\Java\javapath;C:\windows\system32;C:\windows;C:\windows\System32\Wbem;C:\windows\System32\WindowsPowerShell\v1.0\;C:\windows\System32\OpenSSH\;D:\AllSoftware\WorkSoftware\GitInstallPackage\Git\cmd;C:\Program Files\MySQL\MySQL Utilities 1.6\;D:\AllSoftware\WorkSoftware\JDK1.8.221InstallPackage\bin;C:\Program Files\MySQL\MySQL Shell 8.0\bin\;.]
2022-08-03 15:43:54.798 [restartedMain] INFO  o.a.c.core.ContainerBase.[Tomcat].[localhost].[/] - Initializing Spring embedded WebApplicationContext
2022-08-03 15:43:54.798 [restartedMain] INFO  org.springframework.web.context.ContextLoader - Root WebApplicationContext: initialization completed in 1741 ms
2022-08-03 15:43:56.012 [restartedMain] INFO  o.s.scheduling.concurrent.ThreadPoolTaskExecutor - Initializing ExecutorService 'applicationTaskExecutor'
2022-08-03 15:43:56.227 [restartedMain] INFO  o.s.b.d.autoconfigure.OptionalLiveReloadServer - LiveReload server is running on port 35729
2022-08-03 15:43:56.282 [restartedMain] INFO  o.s.boot.web.embedded.tomcat.TomcatWebServer - Tomcat started on port(s): 8099 (http) with context path ''
2022-08-03 15:43:56.285 [restartedMain] INFO  org.Application_Mybatis3 - Started Application_Mybatis3 in 4.619 seconds (JVM running for 6.273)
2022-08-03 15:44:02.146 [http-nio-8099-exec-2] INFO  o.a.c.core.ContainerBase.[Tomcat].[localhost].[/] - Initializing Spring DispatcherServlet 'dispatcherServlet'
2022-08-03 15:44:02.146 [http-nio-8099-exec-2] INFO  org.springframework.web.servlet.DispatcherServlet - Initializing Servlet 'dispatcherServlet'
2022-08-03 15:44:02.156 [http-nio-8099-exec-2] INFO  org.springframework.web.servlet.DispatcherServlet - Completed initialization in 9 ms
2022-08-03 15:44:02.233 [http-nio-8099-exec-2] INFO  com.alibaba.druid.pool.DruidDataSource - {dataSource-1} inited
2022-08-03 15:45:40.156 [Thread-17] INFO  o.s.scheduling.concurrent.ThreadPoolTaskExecutor - Shutting down ExecutorService 'applicationTaskExecutor'
2022-08-03 15:45:40.157 [Thread-17] INFO  com.alibaba.druid.pool.DruidDataSource - {dataSource-1} closing ...
2022-08-03 15:45:40.160 [Thread-17] INFO  com.alibaba.druid.pool.DruidDataSource - {dataSource-1} closed
2022-08-03 20:29:04.029 [restartedMain] INFO  org.Application_Mybatis3 - Starting Application_Mybatis3 on DFSH2617 with PID 18212 (D:\AllWorkSpace\IdeaWorkSpace\mjj-test-new-technology\demo-mybatis-plus3\target\classes started by majiajian in D:\AllWorkSpace\IdeaWorkSpace\mjj-test-new-technology)
2022-08-03 20:29:04.033 [restartedMain] INFO  org.Application_Mybatis3 - No active profile set, falling back to default profiles: default
2022-08-03 20:29:04.091 [restartedMain] INFO  o.s.b.d.env.DevToolsPropertyDefaultsPostProcessor - Devtools property defaults active! Set 'spring.devtools.add-properties' to 'false' to disable
2022-08-03 20:29:04.091 [restartedMain] INFO  o.s.b.d.env.DevToolsPropertyDefaultsPostProcessor - For additional web related logging consider setting the 'logging.level.web' property to 'DEBUG'
2022-08-03 20:29:05.400 [restartedMain] INFO  o.s.boot.web.embedded.tomcat.TomcatWebServer - Tomcat initialized with port(s): 8099 (http)
2022-08-03 20:29:05.420 [restartedMain] INFO  org.apache.catalina.core.StandardService - Starting service [Tomcat]
2022-08-03 20:29:05.421 [restartedMain] INFO  org.apache.catalina.core.StandardEngine - Starting Servlet Engine: Apache Tomcat/9.0.13
2022-08-03 20:29:05.428 [restartedMain] INFO  org.apache.catalina.core.AprLifecycleListener - The APR based Apache Tomcat Native library which allows optimal performance in production environments was not found on the java.library.path: [D:\AllSoftware\WorkSoftware\JDK1.8.221InstallPackage\bin;C:\windows\Sun\Java\bin;C:\windows\system32;C:\windows;C:\Program Files (x86)\Common Files\Oracle\Java\javapath;C:\windows\system32;C:\windows;C:\windows\System32\Wbem;C:\windows\System32\WindowsPowerShell\v1.0\;C:\windows\System32\OpenSSH\;D:\AllSoftware\WorkSoftware\GitInstallPackage\Git\cmd;C:\Program Files\MySQL\MySQL Utilities 1.6\;D:\AllSoftware\WorkSoftware\JDK1.8.221InstallPackage\bin;C:\Program Files\MySQL\MySQL Shell 8.0\bin\;.]
2022-08-03 20:29:05.511 [restartedMain] INFO  o.a.c.core.ContainerBase.[Tomcat].[localhost].[/] - Initializing Spring embedded WebApplicationContext
2022-08-03 20:29:05.512 [restartedMain] INFO  org.springframework.web.context.ContextLoader - Root WebApplicationContext: initialization completed in 1421 ms
2022-08-03 20:29:06.562 [restartedMain] INFO  o.s.scheduling.concurrent.ThreadPoolTaskExecutor - Initializing ExecutorService 'applicationTaskExecutor'
2022-08-03 20:29:06.764 [restartedMain] INFO  o.s.b.d.autoconfigure.OptionalLiveReloadServer - LiveReload server is running on port 35729
2022-08-03 20:29:06.814 [restartedMain] INFO  o.s.boot.web.embedded.tomcat.TomcatWebServer - Tomcat started on port(s): 8099 (http) with context path ''
2022-08-03 20:29:06.817 [restartedMain] INFO  org.Application_Mybatis3 - Started Application_Mybatis3 in 3.519 seconds (JVM running for 5.228)
2022-08-03 20:29:25.591 [http-nio-8099-exec-1] INFO  o.a.c.core.ContainerBase.[Tomcat].[localhost].[/] - Initializing Spring DispatcherServlet 'dispatcherServlet'
2022-08-03 20:29:25.592 [http-nio-8099-exec-1] INFO  org.springframework.web.servlet.DispatcherServlet - Initializing Servlet 'dispatcherServlet'
2022-08-03 20:29:25.601 [http-nio-8099-exec-1] INFO  org.springframework.web.servlet.DispatcherServlet - Completed initialization in 9 ms
2022-08-03 20:29:25.692 [http-nio-8099-exec-1] INFO  com.alibaba.druid.pool.DruidDataSource - {dataSource-1} inited
2022-08-03 20:48:19.618 [Thread-16] INFO  o.s.scheduling.concurrent.ThreadPoolTaskExecutor - Shutting down ExecutorService 'applicationTaskExecutor'
2022-08-03 20:48:19.619 [Thread-16] INFO  com.alibaba.druid.pool.DruidDataSource - {dataSource-1} closing ...
2022-08-03 20:48:19.625 [Thread-16] INFO  com.alibaba.druid.pool.DruidDataSource - {dataSource-1} closed
