2022-11-17 22:41:13.225 [restartedMain] INFO  org.wanbang.Application_Mybatis3 - Starting Application_Mybatis3 on DESKTOP-RIVUA3L with PID 16076 (C:\AllJavaWorkSpace\IdeaWorkSpace\mjj-test-new-technology\demo-mybatis-plus3\target\classes started by 10619 in C:\AllJavaWorkSpace\IdeaWorkSpace\mjj-test-new-technology)
2022-11-17 22:41:13.231 [restartedMain] INFO  org.wanbang.Application_Mybatis3 - No active profile set, falling back to default profiles: default
2022-11-17 22:41:13.275 [restartedMain] INFO  o.s.b.d.env.DevToolsPropertyDefaultsPostProcessor - Devtools property defaults active! Set 'spring.devtools.add-properties' to 'false' to disable
2022-11-17 22:41:13.276 [restartedMain] INFO  o.s.b.d.env.DevToolsPropertyDefaultsPostProcessor - For additional web related logging consider setting the 'logging.level.web' property to 'DEBUG'
2022-11-17 22:41:14.513 [restartedMain] INFO  o.s.boot.web.embedded.tomcat.TomcatWebServer - Tomcat initialized with port(s): 8099 (http)
2022-11-17 22:41:14.532 [restartedMain] INFO  org.apache.catalina.core.StandardService - Starting service [Tomcat]
2022-11-17 22:41:14.532 [restartedMain] INFO  org.apache.catalina.core.StandardEngine - Starting Servlet Engine: Apache Tomcat/9.0.13
2022-11-17 22:41:14.538 [restartedMain] INFO  org.apache.catalina.core.AprLifecycleListener - The APR based Apache Tomcat Native library which allows optimal performance in production environments was not found on the java.library.path: [C:\AllSoftWare\WorkSoftWare\jdk1.8.0_221\bin;C:\WINDOWS\Sun\Java\bin;C:\WINDOWS\system32;C:\WINDOWS;C:\windows\system32;C:\windows;C:\windows\System32\Wbem;C:\windows\System32\WindowsPowerShell\v1.0\;C:\windows\System32\OpenSSH\;C:\Program Files (x86)\NVIDIA Corporation\PhysX\Common;C:\Program Files\MySQL\MySQL Server 5.7\bin;C:\AllSoftWare\WorkSoftWare\jdk1.8.0_221\bin;C:\AllSoftWare\WorkSoftWare\jdk1.8.0_221\jre\bin;C:\AllSoftWare\WorkSoftWare\AboutAndroidStudio\android-sdk-windows\platform-tools;C:\AllSoftWare\WorkSoftWare\AboutAndroidStudio\android-sdk-windows\tools;C:\AllSoftWare\WorkSoftWare\nodejsInstallPackage\nodejs\;C:\AllSoftWare\WorkSoftWare\GitInstallPackage\Git\Git\cmd;C:\AllSoftWare\WorkSoftWare\TortoiseGit 2.10.0.2_64InstallPackage\bin;C:\WINDOWS\system32;C:\WINDOWS;C:\WINDOWS\System32\Wbem;C:\WINDOWS\System32\WindowsPowerShell\v1.0\;C:\WINDOWS\System32\OpenSSH\;C:\AllSoftWare\WorkSoftWare\mavenInstallPackage2\apache-maven-3.5.3\bin;%USERPROFILE%\AppData\Local\Microsoft\WindowsApps;C:\Users\10619\AppData\Roaming\npm;C:\AllSoftWare\qq游戏大厅\QQGameTempest\Hall.57773\;.]
2022-11-17 22:41:14.617 [restartedMain] INFO  o.a.c.core.ContainerBase.[Tomcat].[localhost].[/] - Initializing Spring embedded WebApplicationContext
2022-11-17 22:41:14.619 [restartedMain] INFO  org.springframework.web.context.ContextLoader - Root WebApplicationContext: initialization completed in 1343 ms
2022-11-17 22:41:16.526 [restartedMain] INFO  o.s.scheduling.concurrent.ThreadPoolTaskExecutor - Initializing ExecutorService 'applicationTaskExecutor'
2022-11-17 22:41:16.706 [restartedMain] INFO  o.s.b.d.autoconfigure.OptionalLiveReloadServer - LiveReload server is running on port 35729
2022-11-17 22:41:16.753 [restartedMain] INFO  o.s.boot.web.embedded.tomcat.TomcatWebServer - Tomcat started on port(s): 8099 (http) with context path ''
2022-11-17 22:41:16.756 [restartedMain] INFO  org.wanbang.Application_Mybatis3 - Started Application_Mybatis3 in 4.403 seconds (JVM running for 6.216)
2022-11-17 22:48:11.870 [restartedMain] INFO  org.wanbang.Application_Mybatis3 - Starting Application_Mybatis3 on DESKTOP-RIVUA3L with PID 13320 (C:\AllJavaWorkSpace\IdeaWorkSpace\mjj-test-new-technology\demo-mybatis-plus3\target\classes started by 10619 in C:\AllJavaWorkSpace\IdeaWorkSpace\mjj-test-new-technology)
2022-11-17 22:48:11.874 [restartedMain] INFO  org.wanbang.Application_Mybatis3 - No active profile set, falling back to default profiles: default
2022-11-17 22:48:11.941 [restartedMain] INFO  o.s.b.d.env.DevToolsPropertyDefaultsPostProcessor - Devtools property defaults active! Set 'spring.devtools.add-properties' to 'false' to disable
2022-11-17 22:48:11.941 [restartedMain] INFO  o.s.b.d.env.DevToolsPropertyDefaultsPostProcessor - For additional web related logging consider setting the 'logging.level.web' property to 'DEBUG'
2022-11-17 22:48:13.329 [restartedMain] INFO  o.s.boot.web.embedded.tomcat.TomcatWebServer - Tomcat initialized with port(s): 8099 (http)
2022-11-17 22:48:13.345 [restartedMain] INFO  org.apache.catalina.core.StandardService - Starting service [Tomcat]
2022-11-17 22:48:13.346 [restartedMain] INFO  org.apache.catalina.core.StandardEngine - Starting Servlet Engine: Apache Tomcat/9.0.13
2022-11-17 22:48:13.352 [restartedMain] INFO  org.apache.catalina.core.AprLifecycleListener - The APR based Apache Tomcat Native library which allows optimal performance in production environments was not found on the java.library.path: [C:\AllSoftWare\WorkSoftWare\jdk1.8.0_221\bin;C:\WINDOWS\Sun\Java\bin;C:\WINDOWS\system32;C:\WINDOWS;C:\windows\system32;C:\windows;C:\windows\System32\Wbem;C:\windows\System32\WindowsPowerShell\v1.0\;C:\windows\System32\OpenSSH\;C:\Program Files (x86)\NVIDIA Corporation\PhysX\Common;C:\Program Files\MySQL\MySQL Server 5.7\bin;C:\AllSoftWare\WorkSoftWare\jdk1.8.0_221\bin;C:\AllSoftWare\WorkSoftWare\jdk1.8.0_221\jre\bin;C:\AllSoftWare\WorkSoftWare\AboutAndroidStudio\android-sdk-windows\platform-tools;C:\AllSoftWare\WorkSoftWare\AboutAndroidStudio\android-sdk-windows\tools;C:\AllSoftWare\WorkSoftWare\nodejsInstallPackage\nodejs\;C:\AllSoftWare\WorkSoftWare\GitInstallPackage\Git\Git\cmd;C:\AllSoftWare\WorkSoftWare\TortoiseGit 2.10.0.2_64InstallPackage\bin;C:\WINDOWS\system32;C:\WINDOWS;C:\WINDOWS\System32\Wbem;C:\WINDOWS\System32\WindowsPowerShell\v1.0\;C:\WINDOWS\System32\OpenSSH\;C:\AllSoftWare\WorkSoftWare\mavenInstallPackage2\apache-maven-3.5.3\bin;%USERPROFILE%\AppData\Local\Microsoft\WindowsApps;C:\Users\10619\AppData\Roaming\npm;C:\AllSoftWare\qq游戏大厅\QQGameTempest\Hall.57773\;.]
2022-11-17 22:48:13.426 [restartedMain] INFO  o.a.c.core.ContainerBase.[Tomcat].[localhost].[/] - Initializing Spring embedded WebApplicationContext
2022-11-17 22:48:13.426 [restartedMain] INFO  org.springframework.web.context.ContextLoader - Root WebApplicationContext: initialization completed in 1485 ms
2022-11-17 22:48:15.252 [restartedMain] INFO  o.s.scheduling.concurrent.ThreadPoolTaskExecutor - Initializing ExecutorService 'applicationTaskExecutor'
2022-11-17 22:48:15.449 [restartedMain] INFO  o.s.b.d.autoconfigure.OptionalLiveReloadServer - LiveReload server is running on port 35729
2022-11-17 22:48:15.502 [restartedMain] INFO  o.s.boot.web.embedded.tomcat.TomcatWebServer - Tomcat started on port(s): 8099 (http) with context path ''
2022-11-17 22:48:15.505 [restartedMain] INFO  org.wanbang.Application_Mybatis3 - Started Application_Mybatis3 in 4.546 seconds (JVM running for 7.477)
2022-11-17 22:48:26.295 [Thread-16] INFO  o.s.scheduling.concurrent.ThreadPoolTaskExecutor - Shutting down ExecutorService 'applicationTaskExecutor'
2022-11-17 22:48:26.296 [Thread-16] INFO  com.alibaba.druid.pool.DruidDataSource - {dataSource-0} closing ...
2022-11-17 22:59:27.515 [restartedMain] INFO  org.wanbang.Application_Mybatis3 - Starting Application_Mybatis3 on DESKTOP-RIVUA3L with PID 18404 (C:\AllJavaWorkSpace\IdeaWorkSpace\mjj-test-new-technology\demo-mybatis-plus3\target\classes started by 10619 in C:\AllJavaWorkSpace\IdeaWorkSpace\mjj-test-new-technology)
2022-11-17 22:59:27.518 [restartedMain] INFO  org.wanbang.Application_Mybatis3 - No active profile set, falling back to default profiles: default
2022-11-17 22:59:27.569 [restartedMain] INFO  o.s.b.d.env.DevToolsPropertyDefaultsPostProcessor - Devtools property defaults active! Set 'spring.devtools.add-properties' to 'false' to disable
2022-11-17 22:59:27.570 [restartedMain] INFO  o.s.b.d.env.DevToolsPropertyDefaultsPostProcessor - For additional web related logging consider setting the 'logging.level.web' property to 'DEBUG'
2022-11-17 22:59:28.828 [restartedMain] INFO  o.s.boot.web.embedded.tomcat.TomcatWebServer - Tomcat initialized with port(s): 8099 (http)
2022-11-17 22:59:28.855 [restartedMain] INFO  org.apache.catalina.core.StandardService - Starting service [Tomcat]
2022-11-17 22:59:28.855 [restartedMain] INFO  org.apache.catalina.core.StandardEngine - Starting Servlet Engine: Apache Tomcat/9.0.13
2022-11-17 22:59:28.864 [restartedMain] INFO  org.apache.catalina.core.AprLifecycleListener - The APR based Apache Tomcat Native library which allows optimal performance in production environments was not found on the java.library.path: [C:\AllSoftWare\WorkSoftWare\jdk1.8.0_221\bin;C:\WINDOWS\Sun\Java\bin;C:\WINDOWS\system32;C:\WINDOWS;C:\windows\system32;C:\windows;C:\windows\System32\Wbem;C:\windows\System32\WindowsPowerShell\v1.0\;C:\windows\System32\OpenSSH\;C:\Program Files (x86)\NVIDIA Corporation\PhysX\Common;C:\Program Files\MySQL\MySQL Server 5.7\bin;C:\AllSoftWare\WorkSoftWare\jdk1.8.0_221\bin;C:\AllSoftWare\WorkSoftWare\jdk1.8.0_221\jre\bin;C:\AllSoftWare\WorkSoftWare\AboutAndroidStudio\android-sdk-windows\platform-tools;C:\AllSoftWare\WorkSoftWare\AboutAndroidStudio\android-sdk-windows\tools;C:\AllSoftWare\WorkSoftWare\nodejsInstallPackage\nodejs\;C:\AllSoftWare\WorkSoftWare\GitInstallPackage\Git\Git\cmd;C:\AllSoftWare\WorkSoftWare\TortoiseGit 2.10.0.2_64InstallPackage\bin;C:\WINDOWS\system32;C:\WINDOWS;C:\WINDOWS\System32\Wbem;C:\WINDOWS\System32\WindowsPowerShell\v1.0\;C:\WINDOWS\System32\OpenSSH\;C:\AllSoftWare\WorkSoftWare\mavenInstallPackage2\apache-maven-3.5.3\bin;%USERPROFILE%\AppData\Local\Microsoft\WindowsApps;C:\Users\10619\AppData\Roaming\npm;C:\AllSoftWare\qq游戏大厅\QQGameTempest\Hall.57773\;.]
2022-11-17 22:59:28.965 [restartedMain] INFO  o.a.c.core.ContainerBase.[Tomcat].[localhost].[/] - Initializing Spring embedded WebApplicationContext
2022-11-17 22:59:28.966 [restartedMain] INFO  org.springframework.web.context.ContextLoader - Root WebApplicationContext: initialization completed in 1396 ms
2022-11-17 22:59:30.943 [restartedMain] INFO  o.s.scheduling.concurrent.ThreadPoolTaskExecutor - Initializing ExecutorService 'applicationTaskExecutor'
2022-11-17 22:59:31.135 [restartedMain] INFO  o.s.b.d.autoconfigure.OptionalLiveReloadServer - LiveReload server is running on port 35729
2022-11-17 22:59:31.188 [restartedMain] INFO  o.s.boot.web.embedded.tomcat.TomcatWebServer - Tomcat started on port(s): 8099 (http) with context path ''
2022-11-17 22:59:31.191 [restartedMain] INFO  org.wanbang.Application_Mybatis3 - Started Application_Mybatis3 in 4.488 seconds (JVM running for 6.626)
2022-11-17 22:59:34.091 [Thread-13] INFO  o.s.scheduling.concurrent.ThreadPoolTaskExecutor - Shutting down ExecutorService 'applicationTaskExecutor'
2022-11-17 22:59:34.093 [Thread-13] INFO  com.alibaba.druid.pool.DruidDataSource - {dataSource-0} closing ...
2022-11-17 23:19:52.569 [restartedMain] INFO  org.wanbang.Application_Mybatis3 - Starting Application_Mybatis3 on DESKTOP-RIVUA3L with PID 18196 (C:\AllJavaWorkSpace\IdeaWorkSpace\mjj-test-new-technology\demo-mybatis-plus3\target\classes started by 10619 in C:\AllJavaWorkSpace\IdeaWorkSpace\mjj-test-new-technology)
2022-11-17 23:19:52.573 [restartedMain] INFO  org.wanbang.Application_Mybatis3 - No active profile set, falling back to default profiles: default
2022-11-17 23:19:52.623 [restartedMain] INFO  o.s.b.d.env.DevToolsPropertyDefaultsPostProcessor - Devtools property defaults active! Set 'spring.devtools.add-properties' to 'false' to disable
2022-11-17 23:19:52.624 [restartedMain] INFO  o.s.b.d.env.DevToolsPropertyDefaultsPostProcessor - For additional web related logging consider setting the 'logging.level.web' property to 'DEBUG'
2022-11-17 23:19:53.988 [restartedMain] INFO  o.s.boot.web.embedded.tomcat.TomcatWebServer - Tomcat initialized with port(s): 8099 (http)
2022-11-17 23:19:54.008 [restartedMain] INFO  org.apache.catalina.core.StandardService - Starting service [Tomcat]
2022-11-17 23:19:54.009 [restartedMain] INFO  org.apache.catalina.core.StandardEngine - Starting Servlet Engine: Apache Tomcat/9.0.13
2022-11-17 23:19:54.015 [restartedMain] INFO  org.apache.catalina.core.AprLifecycleListener - The APR based Apache Tomcat Native library which allows optimal performance in production environments was not found on the java.library.path: [C:\AllSoftWare\WorkSoftWare\jdk1.8.0_221\bin;C:\WINDOWS\Sun\Java\bin;C:\WINDOWS\system32;C:\WINDOWS;C:\windows\system32;C:\windows;C:\windows\System32\Wbem;C:\windows\System32\WindowsPowerShell\v1.0\;C:\windows\System32\OpenSSH\;C:\Program Files (x86)\NVIDIA Corporation\PhysX\Common;C:\Program Files\MySQL\MySQL Server 5.7\bin;C:\AllSoftWare\WorkSoftWare\jdk1.8.0_221\bin;C:\AllSoftWare\WorkSoftWare\jdk1.8.0_221\jre\bin;C:\AllSoftWare\WorkSoftWare\AboutAndroidStudio\android-sdk-windows\platform-tools;C:\AllSoftWare\WorkSoftWare\AboutAndroidStudio\android-sdk-windows\tools;C:\AllSoftWare\WorkSoftWare\nodejsInstallPackage\nodejs\;C:\AllSoftWare\WorkSoftWare\GitInstallPackage\Git\Git\cmd;C:\AllSoftWare\WorkSoftWare\TortoiseGit 2.10.0.2_64InstallPackage\bin;C:\WINDOWS\system32;C:\WINDOWS;C:\WINDOWS\System32\Wbem;C:\WINDOWS\System32\WindowsPowerShell\v1.0\;C:\WINDOWS\System32\OpenSSH\;C:\AllSoftWare\WorkSoftWare\mavenInstallPackage2\apache-maven-3.5.3\bin;%USERPROFILE%\AppData\Local\Microsoft\WindowsApps;C:\Users\10619\AppData\Roaming\npm;C:\AllSoftWare\qq游戏大厅\QQGameTempest\Hall.57773\;.]
2022-11-17 23:19:54.099 [restartedMain] INFO  o.a.c.core.ContainerBase.[Tomcat].[localhost].[/] - Initializing Spring embedded WebApplicationContext
2022-11-17 23:19:54.100 [restartedMain] INFO  org.springframework.web.context.ContextLoader - Root WebApplicationContext: initialization completed in 1476 ms
2022-11-17 23:19:54.538 [restartedMain] INFO  com.alibaba.druid.pool.DruidDataSource - {dataSource-0} closing ...
2022-11-17 23:19:54.540 [restartedMain] INFO  org.apache.catalina.core.StandardService - Stopping service [Tomcat]
2022-11-17 23:19:54.553 [restartedMain] INFO  o.s.b.a.l.ConditionEvaluationReportLoggingListener - 

Error starting ApplicationContext. To display the conditions report re-run your application with 'debug' enabled.
2022-11-17 23:21:45.495 [restartedMain] INFO  org.wanbang.Application_Mybatis3 - Starting Application_Mybatis3 on DESKTOP-RIVUA3L with PID 11952 (C:\AllJavaWorkSpace\IdeaWorkSpace\mjj-test-new-technology\demo-mybatis-plus3\target\classes started by 10619 in C:\AllJavaWorkSpace\IdeaWorkSpace\mjj-test-new-technology)
2022-11-17 23:21:45.500 [restartedMain] INFO  org.wanbang.Application_Mybatis3 - No active profile set, falling back to default profiles: default
2022-11-17 23:21:45.581 [restartedMain] INFO  o.s.b.d.env.DevToolsPropertyDefaultsPostProcessor - Devtools property defaults active! Set 'spring.devtools.add-properties' to 'false' to disable
2022-11-17 23:21:45.582 [restartedMain] INFO  o.s.b.d.env.DevToolsPropertyDefaultsPostProcessor - For additional web related logging consider setting the 'logging.level.web' property to 'DEBUG'
2022-11-17 23:21:46.780 [restartedMain] INFO  o.s.boot.web.embedded.tomcat.TomcatWebServer - Tomcat initialized with port(s): 8099 (http)
2022-11-17 23:21:46.796 [restartedMain] INFO  org.apache.catalina.core.StandardService - Starting service [Tomcat]
2022-11-17 23:21:46.796 [restartedMain] INFO  org.apache.catalina.core.StandardEngine - Starting Servlet Engine: Apache Tomcat/9.0.13
2022-11-17 23:21:46.802 [restartedMain] INFO  org.apache.catalina.core.AprLifecycleListener - The APR based Apache Tomcat Native library which allows optimal performance in production environments was not found on the java.library.path: [C:\AllSoftWare\WorkSoftWare\jdk1.8.0_221\bin;C:\WINDOWS\Sun\Java\bin;C:\WINDOWS\system32;C:\WINDOWS;C:\windows\system32;C:\windows;C:\windows\System32\Wbem;C:\windows\System32\WindowsPowerShell\v1.0\;C:\windows\System32\OpenSSH\;C:\Program Files (x86)\NVIDIA Corporation\PhysX\Common;C:\Program Files\MySQL\MySQL Server 5.7\bin;C:\AllSoftWare\WorkSoftWare\jdk1.8.0_221\bin;C:\AllSoftWare\WorkSoftWare\jdk1.8.0_221\jre\bin;C:\AllSoftWare\WorkSoftWare\AboutAndroidStudio\android-sdk-windows\platform-tools;C:\AllSoftWare\WorkSoftWare\AboutAndroidStudio\android-sdk-windows\tools;C:\AllSoftWare\WorkSoftWare\nodejsInstallPackage\nodejs\;C:\AllSoftWare\WorkSoftWare\GitInstallPackage\Git\Git\cmd;C:\AllSoftWare\WorkSoftWare\TortoiseGit 2.10.0.2_64InstallPackage\bin;C:\WINDOWS\system32;C:\WINDOWS;C:\WINDOWS\System32\Wbem;C:\WINDOWS\System32\WindowsPowerShell\v1.0\;C:\WINDOWS\System32\OpenSSH\;C:\AllSoftWare\WorkSoftWare\mavenInstallPackage2\apache-maven-3.5.3\bin;%USERPROFILE%\AppData\Local\Microsoft\WindowsApps;C:\Users\10619\AppData\Roaming\npm;C:\AllSoftWare\qq游戏大厅\QQGameTempest\Hall.57773\;.]
2022-11-17 23:21:46.877 [restartedMain] INFO  o.a.c.core.ContainerBase.[Tomcat].[localhost].[/] - Initializing Spring embedded WebApplicationContext
2022-11-17 23:21:46.878 [restartedMain] INFO  org.springframework.web.context.ContextLoader - Root WebApplicationContext: initialization completed in 1296 ms
2022-11-17 23:21:47.265 [restartedMain] INFO  com.alibaba.druid.pool.DruidDataSource - {dataSource-0} closing ...
2022-11-17 23:21:47.267 [restartedMain] INFO  org.apache.catalina.core.StandardService - Stopping service [Tomcat]
2022-11-17 23:21:47.279 [restartedMain] INFO  o.s.b.a.l.ConditionEvaluationReportLoggingListener - 

Error starting ApplicationContext. To display the conditions report re-run your application with 'debug' enabled.
2022-11-17 23:23:25.250 [restartedMain] INFO  org.wanbang.Application_Mybatis3 - Starting Application_Mybatis3 on DESKTOP-RIVUA3L with PID 18648 (C:\AllJavaWorkSpace\IdeaWorkSpace\mjj-test-new-technology\demo-mybatis-plus3\target\classes started by 10619 in C:\AllJavaWorkSpace\IdeaWorkSpace\mjj-test-new-technology)
2022-11-17 23:23:25.256 [restartedMain] INFO  org.wanbang.Application_Mybatis3 - No active profile set, falling back to default profiles: default
2022-11-17 23:23:25.312 [restartedMain] INFO  o.s.b.d.env.DevToolsPropertyDefaultsPostProcessor - Devtools property defaults active! Set 'spring.devtools.add-properties' to 'false' to disable
2022-11-17 23:23:25.312 [restartedMain] INFO  o.s.b.d.env.DevToolsPropertyDefaultsPostProcessor - For additional web related logging consider setting the 'logging.level.web' property to 'DEBUG'
2022-11-17 23:23:26.515 [restartedMain] INFO  o.s.boot.web.embedded.tomcat.TomcatWebServer - Tomcat initialized with port(s): 8099 (http)
2022-11-17 23:23:26.531 [restartedMain] INFO  org.apache.catalina.core.StandardService - Starting service [Tomcat]
2022-11-17 23:23:26.531 [restartedMain] INFO  org.apache.catalina.core.StandardEngine - Starting Servlet Engine: Apache Tomcat/9.0.13
2022-11-17 23:23:26.537 [restartedMain] INFO  org.apache.catalina.core.AprLifecycleListener - The APR based Apache Tomcat Native library which allows optimal performance in production environments was not found on the java.library.path: [C:\AllSoftWare\WorkSoftWare\jdk1.8.0_221\bin;C:\WINDOWS\Sun\Java\bin;C:\WINDOWS\system32;C:\WINDOWS;C:\windows\system32;C:\windows;C:\windows\System32\Wbem;C:\windows\System32\WindowsPowerShell\v1.0\;C:\windows\System32\OpenSSH\;C:\Program Files (x86)\NVIDIA Corporation\PhysX\Common;C:\Program Files\MySQL\MySQL Server 5.7\bin;C:\AllSoftWare\WorkSoftWare\jdk1.8.0_221\bin;C:\AllSoftWare\WorkSoftWare\jdk1.8.0_221\jre\bin;C:\AllSoftWare\WorkSoftWare\AboutAndroidStudio\android-sdk-windows\platform-tools;C:\AllSoftWare\WorkSoftWare\AboutAndroidStudio\android-sdk-windows\tools;C:\AllSoftWare\WorkSoftWare\nodejsInstallPackage\nodejs\;C:\AllSoftWare\WorkSoftWare\GitInstallPackage\Git\Git\cmd;C:\AllSoftWare\WorkSoftWare\TortoiseGit 2.10.0.2_64InstallPackage\bin;C:\WINDOWS\system32;C:\WINDOWS;C:\WINDOWS\System32\Wbem;C:\WINDOWS\System32\WindowsPowerShell\v1.0\;C:\WINDOWS\System32\OpenSSH\;C:\AllSoftWare\WorkSoftWare\mavenInstallPackage2\apache-maven-3.5.3\bin;%USERPROFILE%\AppData\Local\Microsoft\WindowsApps;C:\Users\10619\AppData\Roaming\npm;C:\AllSoftWare\qq游戏大厅\QQGameTempest\Hall.57773\;.]
2022-11-17 23:23:26.613 [restartedMain] INFO  o.a.c.core.ContainerBase.[Tomcat].[localhost].[/] - Initializing Spring embedded WebApplicationContext
2022-11-17 23:23:26.613 [restartedMain] INFO  org.springframework.web.context.ContextLoader - Root WebApplicationContext: initialization completed in 1301 ms
2022-11-17 23:23:28.455 [restartedMain] INFO  o.s.scheduling.concurrent.ThreadPoolTaskExecutor - Initializing ExecutorService 'applicationTaskExecutor'
2022-11-17 23:23:28.642 [restartedMain] INFO  o.s.b.d.autoconfigure.OptionalLiveReloadServer - LiveReload server is running on port 35729
2022-11-17 23:23:28.691 [restartedMain] INFO  o.s.boot.web.embedded.tomcat.TomcatWebServer - Tomcat started on port(s): 8099 (http) with context path ''
2022-11-17 23:23:28.694 [restartedMain] INFO  org.wanbang.Application_Mybatis3 - Started Application_Mybatis3 in 4.354 seconds (JVM running for 6.363)
2022-11-17 23:23:31.756 [Thread-16] INFO  o.s.scheduling.concurrent.ThreadPoolTaskExecutor - Shutting down ExecutorService 'applicationTaskExecutor'
2022-11-17 23:23:31.758 [Thread-16] INFO  com.alibaba.druid.pool.DruidDataSource - {dataSource-0} closing ...
2022-11-18 11:19:45.435 [restartedMain] INFO  org.wanbang.Application_Mybatis3 - Starting Application_Mybatis3 on DFSH2617 with PID 11588 (D:\AllWorkSpace\IdeaWorkSpace\mjj-test-new-technology\demo-mybatis-plus3\target\classes started by majiajian in D:\AllWorkSpace\IdeaWorkSpace\mjj-test-new-technology)
2022-11-18 11:19:45.442 [restartedMain] INFO  org.wanbang.Application_Mybatis3 - No active profile set, falling back to default profiles: default
2022-11-18 11:19:45.497 [restartedMain] INFO  o.s.b.d.env.DevToolsPropertyDefaultsPostProcessor - Devtools property defaults active! Set 'spring.devtools.add-properties' to 'false' to disable
2022-11-18 11:19:45.497 [restartedMain] INFO  o.s.b.d.env.DevToolsPropertyDefaultsPostProcessor - For additional web related logging consider setting the 'logging.level.web' property to 'DEBUG'
2022-11-18 11:19:46.863 [restartedMain] INFO  o.s.boot.web.embedded.tomcat.TomcatWebServer - Tomcat initialized with port(s): 8099 (http)
2022-11-18 11:19:46.881 [restartedMain] INFO  org.apache.catalina.core.StandardService - Starting service [Tomcat]
2022-11-18 11:19:46.882 [restartedMain] INFO  org.apache.catalina.core.StandardEngine - Starting Servlet Engine: Apache Tomcat/9.0.13
2022-11-18 11:19:46.888 [restartedMain] INFO  org.apache.catalina.core.AprLifecycleListener - The APR based Apache Tomcat Native library which allows optimal performance in production environments was not found on the java.library.path: [D:\AllSoftware\WorkSoftware\JDK1.8.221InstallPackage\bin;C:\windows\Sun\Java\bin;C:\windows\system32;C:\windows;C:\Program Files (x86)\Common Files\Oracle\Java\javapath;C:\windows\system32;C:\windows;C:\windows\System32\Wbem;C:\windows\System32\WindowsPowerShell\v1.0\;C:\windows\System32\OpenSSH\;D:\AllSoftware\WorkSoftware\GitInstallPackage\Git\cmd;C:\Program Files\MySQL\MySQL Utilities 1.6\;D:\AllSoftware\WorkSoftware\JDK1.8.221InstallPackage\bin;C:\Program Files\MySQL\MySQL Shell 8.0\bin\;.]
2022-11-18 11:19:46.973 [restartedMain] INFO  o.a.c.core.ContainerBase.[Tomcat].[localhost].[/] - Initializing Spring embedded WebApplicationContext
2022-11-18 11:19:46.974 [restartedMain] INFO  org.springframework.web.context.ContextLoader - Root WebApplicationContext: initialization completed in 1476 ms
2022-11-18 11:19:47.986 [restartedMain] INFO  o.s.scheduling.concurrent.ThreadPoolTaskExecutor - Initializing ExecutorService 'applicationTaskExecutor'
2022-11-18 11:19:48.175 [restartedMain] INFO  o.s.b.d.autoconfigure.OptionalLiveReloadServer - LiveReload server is running on port 35729
2022-11-18 11:19:48.231 [restartedMain] INFO  o.s.boot.web.embedded.tomcat.TomcatWebServer - Tomcat started on port(s): 8099 (http) with context path ''
2022-11-18 11:19:48.236 [restartedMain] INFO  org.wanbang.Application_Mybatis3 - Started Application_Mybatis3 in 3.578 seconds (JVM running for 4.841)
2022-11-18 11:19:51.188 [Thread-14] INFO  o.s.scheduling.concurrent.ThreadPoolTaskExecutor - Shutting down ExecutorService 'applicationTaskExecutor'
2022-11-18 11:19:51.188 [Thread-14] INFO  com.alibaba.druid.pool.DruidDataSource - {dataSource-0} closing ...
